0:0:0:0:0:0:0:1 - - [24/Nov/2019:13:58:30 +0000] "GET / HTTP/1.1" 200 - "-" "Mozilla/5.0 (Windows NT 10.0; Win64; x64) AppleWebKit/537.36 (KHTML, like Gecko) Chrome/78.0.3904.108 Safari/537.36" "-"
0:0:0:0:0:0:0:1 - - [24/Nov/2019:13:58:31 +0000] "GET /js/main.m.52148576.js HTTP/1.1" 200 - "http://localhost:9000/" "Mozilla/5.0 (Windows NT 10.0; Win64; x64) AppleWebKit/537.36 (KHTML, like Gecko) Chrome/78.0.3904.108 Safari/537.36" "-"
0:0:0:0:0:0:0:1 - - [24/Nov/2019:13:58:31 +0000] "GET /js/vendors-main.m.354d6b11.chunk.js HTTP/1.1" 200 - "http://localhost:9000/" "Mozilla/5.0 (Windows NT 10.0; Win64; x64) AppleWebKit/537.36 (KHTML, like Gecko) Chrome/78.0.3904.108 Safari/537.36" "-"
0:0:0:0:0:0:0:1 - - [24/Nov/2019:13:58:31 +0000] "GET /api/navigation/global HTTP/1.1" 404 59 "http://localhost:9000/" "Mozilla/5.0 (Windows NT 10.0; Win64; x64) AppleWebKit/537.36 (KHTML, like Gecko) Chrome/78.0.3904.108 Safari/537.36" "-"
0:0:0:0:0:0:0:1 - - [24/Nov/2019:13:58:31 +0000] "GET /api/l10n/index?locale=pt-PT HTTP/1.1" 200 - "http://localhost:9000/" "Mozilla/5.0 (Windows NT 10.0; Win64; x64) AppleWebKit/537.36 (KHTML, like Gecko) Chrome/78.0.3904.108 Safari/537.36" "-"
0:0:0:0:0:0:0:1 - - [24/Nov/2019:13:58:31 +0000] "GET /js/vendors-app.m.c40852ee.chunk.js HTTP/1.1" 200 - "http://localhost:9000/" "Mozilla/5.0 (Windows NT 10.0; Win64; x64) AppleWebKit/537.36 (KHTML, like Gecko) Chrome/78.0.3904.108 Safari/537.36" "-"
0:0:0:0:0:0:0:1 - - [24/Nov/2019:13:58:31 +0000] "GET /js/14.m.6dc6617c.chunk.js HTTP/1.1" 200 - "http://localhost:9000/" "Mozilla/5.0 (Windows NT 10.0; Win64; x64) AppleWebKit/537.36 (KHTML, like Gecko) Chrome/78.0.3904.108 Safari/537.36" "-"
0:0:0:0:0:0:0:1 - - [24/Nov/2019:13:58:31 +0000] "GET /js/app.m.7c6d7a1d.chunk.js HTTP/1.1" 200 - "http://localhost:9000/" "Mozilla/5.0 (Windows NT 10.0; Win64; x64) AppleWebKit/537.36 (KHTML, like Gecko) Chrome/78.0.3904.108 Safari/537.36" "-"
0:0:0:0:0:0:0:1 - - [24/Nov/2019:13:58:31 +0000] "GET /js/372.m.daf34675.chunk.js HTTP/1.1" 200 509 "http://localhost:9000/maintenance?return_to=%2F" "Mozilla/5.0 (Windows NT 10.0; Win64; x64) AppleWebKit/537.36 (KHTML, like Gecko) Chrome/78.0.3904.108 Safari/537.36" "-"
0:0:0:0:0:0:0:1 - - [24/Nov/2019:13:58:31 +0000] "GET /js/338.m.31710b3f.chunk.js HTTP/1.1" 200 - "http://localhost:9000/maintenance?return_to=%2F" "Mozilla/5.0 (Windows NT 10.0; Win64; x64) AppleWebKit/537.36 (KHTML, like Gecko) Chrome/78.0.3904.108 Safari/537.36" "-"
0:0:0:0:0:0:0:1 - - [24/Nov/2019:13:58:31 +0000] "GET /js/0.m.5d27202c.chunk.js HTTP/1.1" 200 - "http://localhost:9000/maintenance?return_to=%2F" "Mozilla/5.0 (Windows NT 10.0; Win64; x64) AppleWebKit/537.36 (KHTML, like Gecko) Chrome/78.0.3904.108 Safari/537.36" "-"
0:0:0:0:0:0:0:1 - - [24/Nov/2019:13:58:31 +0000] "GET /favicon.ico HTTP/1.1" 200 5430 "http://localhost:9000/maintenance?return_to=%2F" "Mozilla/5.0 (Windows NT 10.0; Win64; x64) AppleWebKit/537.36 (KHTML, like Gecko) Chrome/78.0.3904.108 Safari/537.36" "-"
0:0:0:0:0:0:0:1 - - [24/Nov/2019:13:58:32 +0000] "GET /api/system/status HTTP/1.1" 200 82 "http://localhost:9000/maintenance?return_to=%2F" "Mozilla/5.0 (Windows NT 10.0; Win64; x64) AppleWebKit/537.36 (KHTML, like Gecko) Chrome/78.0.3904.108 Safari/537.36" "-"
0:0:0:0:0:0:0:1 - - [24/Nov/2019:13:58:37 +0000] "GET /api/system/status HTTP/1.1" 200 82 "http://localhost:9000/maintenance?return_to=%2F" "Mozilla/5.0 (Windows NT 10.0; Win64; x64) AppleWebKit/537.36 (KHTML, like Gecko) Chrome/78.0.3904.108 Safari/537.36" "-"
0:0:0:0:0:0:0:1 - - [24/Nov/2019:13:58:42 +0000] "GET /api/system/status HTTP/1.1" 200 82 "http://localhost:9000/maintenance?return_to=%2F" "Mozilla/5.0 (Windows NT 10.0; Win64; x64) AppleWebKit/537.36 (KHTML, like Gecko) Chrome/78.0.3904.108 Safari/537.36" "-"
0:0:0:0:0:0:0:1 - - [24/Nov/2019:13:58:47 +0000] "GET /api/system/status HTTP/1.1" 200 82 "http://localhost:9000/maintenance?return_to=%2F" "Mozilla/5.0 (Windows NT 10.0; Win64; x64) AppleWebKit/537.36 (KHTML, like Gecko) Chrome/78.0.3904.108 Safari/537.36" "-"
0:0:0:0:0:0:0:1 - - [24/Nov/2019:13:58:52 +0000] "GET /api/system/status HTTP/1.1" 200 82 "http://localhost:9000/maintenance?return_to=%2F" "Mozilla/5.0 (Windows NT 10.0; Win64; x64) AppleWebKit/537.36 (KHTML, like Gecko) Chrome/78.0.3904.108 Safari/537.36" "-"
0:0:0:0:0:0:0:1 - - [24/Nov/2019:13:58:57 +0000] "GET /api/system/status HTTP/1.1" 200 82 "http://localhost:9000/maintenance?return_to=%2F" "Mozilla/5.0 (Windows NT 10.0; Win64; x64) AppleWebKit/537.36 (KHTML, like Gecko) Chrome/78.0.3904.108 Safari/537.36" "-"
0:0:0:0:0:0:0:1 - - [24/Nov/2019:13:59:02 +0000] "GET /api/system/status HTTP/1.1" 200 82 "http://localhost:9000/maintenance?return_to=%2F" "Mozilla/5.0 (Windows NT 10.0; Win64; x64) AppleWebKit/537.36 (KHTML, like Gecko) Chrome/78.0.3904.108 Safari/537.36" "-"
0:0:0:0:0:0:0:1 - - [24/Nov/2019:13:59:07 +0000] "GET /api/system/status HTTP/1.1" 200 76 "http://localhost:9000/maintenance?return_to=%2F" "Mozilla/5.0 (Windows NT 10.0; Win64; x64) AppleWebKit/537.36 (KHTML, like Gecko) Chrome/78.0.3904.108 Safari/537.36" "AW6dtXzs5FoEaY0cAAAA"
0:0:0:0:0:0:0:1 - - [24/Nov/2019:13:59:09 +0000] "GET / HTTP/1.1" 200 - "http://localhost:9000/maintenance?return_to=%2F" "Mozilla/5.0 (Windows NT 10.0; Win64; x64) AppleWebKit/537.36 (KHTML, like Gecko) Chrome/78.0.3904.108 Safari/537.36" "AW6dtXzs5FoEaY0cAAAB"
0:0:0:0:0:0:0:1 - - [24/Nov/2019:13:59:10 +0000] "GET /api/users/current HTTP/1.1" 200 112 "http://localhost:9000/" "Mozilla/5.0 (Windows NT 10.0; Win64; x64) AppleWebKit/537.36 (KHTML, like Gecko) Chrome/78.0.3904.108 Safari/537.36" "AW6dtXzs5FoEaY0cAAAD"
0:0:0:0:0:0:0:1 - - [24/Nov/2019:13:59:10 +0000] "GET /api/l10n/index?locale=pt-PT HTTP/1.1" 200 - "http://localhost:9000/" "Mozilla/5.0 (Windows NT 10.0; Win64; x64) AppleWebKit/537.36 (KHTML, like Gecko) Chrome/78.0.3904.108 Safari/537.36" "AW6dtXzs5FoEaY0cAAAC"
0:0:0:0:0:0:0:1 - - [24/Nov/2019:13:59:10 +0000] "GET /api/navigation/global HTTP/1.1" 200 490 "http://localhost:9000/" "Mozilla/5.0 (Windows NT 10.0; Win64; x64) AppleWebKit/537.36 (KHTML, like Gecko) Chrome/78.0.3904.108 Safari/537.36" "AW6dtXzs5FoEaY0cAAAE"
0:0:0:0:0:0:0:1 - - [24/Nov/2019:13:59:10 +0000] "GET /api/languages/list HTTP/1.1" 200 479 "http://localhost:9000/" "Mozilla/5.0 (Windows NT 10.0; Win64; x64) AppleWebKit/537.36 (KHTML, like Gecko) Chrome/78.0.3904.108 Safari/537.36" "AW6dtXzs5FoEaY0cAAAG"
0:0:0:0:0:0:0:1 - - [24/Nov/2019:13:59:10 +0000] "GET /js/370.m.edf200de.chunk.js HTTP/1.1" 200 593 "http://localhost:9000/" "Mozilla/5.0 (Windows NT 10.0; Win64; x64) AppleWebKit/537.36 (KHTML, like Gecko) Chrome/78.0.3904.108 Safari/537.36" "AW6dtXzs5FoEaY0cAAAH"
0:0:0:0:0:0:0:1 - - [24/Nov/2019:13:59:10 +0000] "GET /js/21.m.31572e3e.chunk.js HTTP/1.1" 200 2268 "http://localhost:9000/" "Mozilla/5.0 (Windows NT 10.0; Win64; x64) AppleWebKit/537.36 (KHTML, like Gecko) Chrome/78.0.3904.108 Safari/537.36" "AW6dtXzs5FoEaY0cAAAF"
0:0:0:0:0:0:0:1 - - [24/Nov/2019:13:59:10 +0000] "GET /js/323.m.03268b28.chunk.js HTTP/1.1" 200 - "http://localhost:9000/about" "Mozilla/5.0 (Windows NT 10.0; Win64; x64) AppleWebKit/537.36 (KHTML, like Gecko) Chrome/78.0.3904.108 Safari/537.36" "AW6dtXzs5FoEaY0cAAAI"
0:0:0:0:0:0:0:1 - - [24/Nov/2019:13:59:10 +0000] "GET /images/logo.svg?v=6.6 HTTP/1.1" 200 3507 "http://localhost:9000/about" "Mozilla/5.0 (Windows NT 10.0; Win64; x64) AppleWebKit/537.36 (KHTML, like Gecko) Chrome/78.0.3904.108 Safari/537.36" "AW6dtXzs5FoEaY0cAAAN"
0:0:0:0:0:0:0:1 - - [24/Nov/2019:13:59:10 +0000] "GET /images/scanner-logos/sonarqube.svg HTTP/1.1" 200 8422 "http://localhost:9000/about" "Mozilla/5.0 (Windows NT 10.0; Win64; x64) AppleWebKit/537.36 (KHTML, like Gecko) Chrome/78.0.3904.108 Safari/537.36" "AW6dtXzs5FoEaY0cAAAM"
0:0:0:0:0:0:0:1 - - [24/Nov/2019:13:59:10 +0000] "GET /images/scanner-logos/msbuild.svg HTTP/1.1" 200 722 "http://localhost:9000/about" "Mozilla/5.0 (Windows NT 10.0; Win64; x64) AppleWebKit/537.36 (KHTML, like Gecko) Chrome/78.0.3904.108 Safari/537.36" "AW6dtXzs5FoEaY0cAAAO"
0:0:0:0:0:0:0:1 - - [24/Nov/2019:13:59:10 +0000] "GET /api/settings/values?keys=sonar.lf.aboutText HTTP/1.1" 200 15 "http://localhost:9000/about" "Mozilla/5.0 (Windows NT 10.0; Win64; x64) AppleWebKit/537.36 (KHTML, like Gecko) Chrome/78.0.3904.108 Safari/537.36" "AW6dtXzs5FoEaY0cAAAL"
0:0:0:0:0:0:0:1 - - [24/Nov/2019:13:59:10 +0000] "GET /images/scanner-logos/gradle.svg HTTP/1.1" 200 3708 "http://localhost:9000/about" "Mozilla/5.0 (Windows NT 10.0; Win64; x64) AppleWebKit/537.36 (KHTML, like Gecko) Chrome/78.0.3904.108 Safari/537.36" "AW6dtXzs5FoEaY0cAAAP"
0:0:0:0:0:0:0:1 - - [24/Nov/2019:13:59:10 +0000] "GET /images/scanner-logos/ant.svg HTTP/1.1" 200 9688 "http://localhost:9000/about" "Mozilla/5.0 (Windows NT 10.0; Win64; x64) AppleWebKit/537.36 (KHTML, like Gecko) Chrome/78.0.3904.108 Safari/537.36" "AW6dtXzs5FoEaY0cAAAR"
0:0:0:0:0:0:0:1 - - [24/Nov/2019:13:59:10 +0000] "GET /images/scanner-logos/maven.svg HTTP/1.1" 200 2234 "http://localhost:9000/about" "Mozilla/5.0 (Windows NT 10.0; Win64; x64) AppleWebKit/537.36 (KHTML, like Gecko) Chrome/78.0.3904.108 Safari/537.36" "AW6dtXzs5FoEaY0cAAAS"
0:0:0:0:0:0:0:1 - - [24/Nov/2019:13:59:10 +0000] "GET /images/scanner-logos/jenkins.svg HTTP/1.1" 200 14902 "http://localhost:9000/about" "Mozilla/5.0 (Windows NT 10.0; Win64; x64) AppleWebKit/537.36 (KHTML, like Gecko) Chrome/78.0.3904.108 Safari/537.36" "AW6dtXzs5FoEaY0cAAAQ"
0:0:0:0:0:0:0:1 - - [24/Nov/2019:13:59:10 +0000] "GET /api/components/search_projects?ps=1 HTTP/1.1" 200 96 "http://localhost:9000/about" "Mozilla/5.0 (Windows NT 10.0; Win64; x64) AppleWebKit/537.36 (KHTML, like Gecko) Chrome/78.0.3904.108 Safari/537.36" "AW6dtXzs5FoEaY0cAAAK"
0:0:0:0:0:0:0:1 - - [24/Nov/2019:13:59:11 +0000] "GET /api/issues/search?resolved=false&facets=types&ps=1&additionalFields=_all HTTP/1.1" 200 799 "http://localhost:9000/about" "Mozilla/5.0 (Windows NT 10.0; Win64; x64) AppleWebKit/537.36 (KHTML, like Gecko) Chrome/78.0.3904.108 Safari/537.36" "AW6dtXzs5FoEaY0cAAAJ"
0:0:0:0:0:0:0:1 - - [24/Nov/2019:13:59:12 +0000] "GET /js/373.m.ba850cc4.chunk.js HTTP/1.1" 200 566 "http://localhost:9000/sessions/new" "Mozilla/5.0 (Windows NT 10.0; Win64; x64) AppleWebKit/537.36 (KHTML, like Gecko) Chrome/78.0.3904.108 Safari/537.36" "AW6dtXzs5FoEaY0cAAAT"
0:0:0:0:0:0:0:1 - - [24/Nov/2019:13:59:13 +0000] "GET /js/314.m.be5a55bb.chunk.js HTTP/1.1" 200 - "http://localhost:9000/sessions/new" "Mozilla/5.0 (Windows NT 10.0; Win64; x64) AppleWebKit/537.36 (KHTML, like Gecko) Chrome/78.0.3904.108 Safari/537.36" "AW6dtXzs5FoEaY0cAAAU"
0:0:0:0:0:0:0:1 - - [24/Nov/2019:13:59:13 +0000] "GET /api/users/identity_providers HTTP/1.1" 200 24 "http://localhost:9000/sessions/new" "Mozilla/5.0 (Windows NT 10.0; Win64; x64) AppleWebKit/537.36 (KHTML, like Gecko) Chrome/78.0.3904.108 Safari/537.36" "AW6dtXzs5FoEaY0cAAAV"
0:0:0:0:0:0:0:1 - - [24/Nov/2019:13:59:18 +0000] "POST /api/authentication/login HTTP/1.1" 200 - "http://localhost:9000/sessions/new" "Mozilla/5.0 (Windows NT 10.0; Win64; x64) AppleWebKit/537.36 (KHTML, like Gecko) Chrome/78.0.3904.108 Safari/537.36" "AW6dtXzs5FoEaY0cAAAW"
0:0:0:0:0:0:0:1 - - [24/Nov/2019:13:59:18 +0000] "GET / HTTP/1.1" 200 - "http://localhost:9000/sessions/new" "Mozilla/5.0 (Windows NT 10.0; Win64; x64) AppleWebKit/537.36 (KHTML, like Gecko) Chrome/78.0.3904.108 Safari/537.36" "AW6dtXzs5FoEaY0cAAAX"
0:0:0:0:0:0:0:1 - - [24/Nov/2019:13:59:18 +0000] "GET /api/l10n/index?locale=pt-PT HTTP/1.1" 200 - "http://localhost:9000/" "Mozilla/5.0 (Windows NT 10.0; Win64; x64) AppleWebKit/537.36 (KHTML, like Gecko) Chrome/78.0.3904.108 Safari/537.36" "AW6dtXzs5FoEaY0cAAAY"
0:0:0:0:0:0:0:1 - - [24/Nov/2019:13:59:18 +0000] "GET /api/navigation/global HTTP/1.1" 200 489 "http://localhost:9000/" "Mozilla/5.0 (Windows NT 10.0; Win64; x64) AppleWebKit/537.36 (KHTML, like Gecko) Chrome/78.0.3904.108 Safari/537.36" "AW6dtXzs5FoEaY0cAAAa"
0:0:0:0:0:0:0:1 - - [24/Nov/2019:13:59:18 +0000] "GET /api/users/current HTTP/1.1" 200 354 "http://localhost:9000/" "Mozilla/5.0 (Windows NT 10.0; Win64; x64) AppleWebKit/537.36 (KHTML, like Gecko) Chrome/78.0.3904.108 Safari/537.36" "AW6dtXzs5FoEaY0cAAAZ"
0:0:0:0:0:0:0:1 - - [24/Nov/2019:13:59:18 +0000] "GET /api/languages/list HTTP/1.1" 200 479 "http://localhost:9000/" "Mozilla/5.0 (Windows NT 10.0; Win64; x64) AppleWebKit/537.36 (KHTML, like Gecko) Chrome/78.0.3904.108 Safari/537.36" "AW6dtXzs5FoEaY0cAAAb"
0:0:0:0:0:0:0:1 - - [24/Nov/2019:13:59:18 +0000] "GET /api/components/search_projects?filter=isFavorite&ps=1 HTTP/1.1" 200 96 "http://localhost:9000/projects" "Mozilla/5.0 (Windows NT 10.0; Win64; x64) AppleWebKit/537.36 (KHTML, like Gecko) Chrome/78.0.3904.108 Safari/537.36" "AW6dtXzs5FoEaY0cAAAd"
0:0:0:0:0:0:0:1 - - [24/Nov/2019:13:59:18 +0000] "GET /js/356.m.06aad88d.chunk.js HTTP/1.1" 200 4642 "http://localhost:9000/projects" "Mozilla/5.0 (Windows NT 10.0; Win64; x64) AppleWebKit/537.36 (KHTML, like Gecko) Chrome/78.0.3904.108 Safari/537.36" "AW6dtXzs5FoEaY0cAAAc"
0:0:0:0:0:0:0:1 - - [24/Nov/2019:13:59:18 +0000] "GET /js/2.m.f37c7ff9.chunk.js HTTP/1.1" 200 - "http://localhost:9000/projects" "Mozilla/5.0 (Windows NT 10.0; Win64; x64) AppleWebKit/537.36 (KHTML, like Gecko) Chrome/78.0.3904.108 Safari/537.36" "AW6dtXzs5FoEaY0cAAAe"
0:0:0:0:0:0:0:1 - - [24/Nov/2019:13:59:18 +0000] "GET /js/7.m.f59ae1ba.chunk.js HTTP/1.1" 200 - "http://localhost:9000/projects" "Mozilla/5.0 (Windows NT 10.0; Win64; x64) AppleWebKit/537.36 (KHTML, like Gecko) Chrome/78.0.3904.108 Safari/537.36" "AW6dtXzs5FoEaY0cAAAg"
0:0:0:0:0:0:0:1 - - [24/Nov/2019:13:59:18 +0000] "GET /js/5.m.28f0a4d7.chunk.js HTTP/1.1" 200 - "http://localhost:9000/projects" "Mozilla/5.0 (Windows NT 10.0; Win64; x64) AppleWebKit/537.36 (KHTML, like Gecko) Chrome/78.0.3904.108 Safari/537.36" "AW6dtXzs5FoEaY0cAAAf"
0:0:0:0:0:0:0:1 - - [24/Nov/2019:13:59:18 +0000] "GET /js/276.m.9080236b.chunk.js HTTP/1.1" 200 - "http://localhost:9000/projects" "Mozilla/5.0 (Windows NT 10.0; Win64; x64) AppleWebKit/537.36 (KHTML, like Gecko) Chrome/78.0.3904.108 Safari/537.36" "AW6dtXzs5FoEaY0cAAAh"
0:0:0:0:0:0:0:1 - - [24/Nov/2019:13:59:18 +0000] "GET /js/368.m.776dd5c2.chunk.js HTTP/1.1" 200 - "http://localhost:9000/projects" "Mozilla/5.0 (Windows NT 10.0; Win64; x64) AppleWebKit/537.36 (KHTML, like Gecko) Chrome/78.0.3904.108 Safari/537.36" "AW6dtXzs5FoEaY0cAAAi"
0:0:0:0:0:0:0:1 - - [24/Nov/2019:13:59:18 +0000] "GET /api/components/search_projects?ps=50&facets=reliability_rating%2Csecurity_rating%2Csqale_rating%2Ccoverage%2Cduplicated_lines_density%2Cncloc%2Calert_status%2Clanguages%2Ctags&f=analysisDate%2CleakPeriodDate HTTP/1.1" 200 - "http://localhost:9000/projects" "Mozilla/5.0 (Windows NT 10.0; Win64; x64) AppleWebKit/537.36 (KHTML, like Gecko) Chrome/78.0.3904.108 Safari/537.36" "AW6dtXzs5FoEaY0cAAAj"
0:0:0:0:0:0:0:1 - - [24/Nov/2019:13:59:26 +0000] "GET /api/components/search_projects?filter=isFavorite&ps=1 HTTP/1.1" 200 96 "http://localhost:9000/projects" "Mozilla/5.0 (Windows NT 10.0; Win64; x64) AppleWebKit/537.36 (KHTML, like Gecko) Chrome/78.0.3904.108 Safari/537.36" "AW6dtXzs5FoEaY0cAAAk"
0:0:0:0:0:0:0:1 - - [24/Nov/2019:13:59:26 +0000] "GET /api/components/search_projects?ps=50&facets=reliability_rating%2Csecurity_rating%2Csqale_rating%2Ccoverage%2Cduplicated_lines_density%2Cncloc%2Calert_status%2Clanguages%2Ctags&f=analysisDate%2CleakPeriodDate HTTP/1.1" 200 - "http://localhost:9000/projects" "Mozilla/5.0 (Windows NT 10.0; Win64; x64) AppleWebKit/537.36 (KHTML, like Gecko) Chrome/78.0.3904.108 Safari/537.36" "AW6dtXzs5FoEaY0cAAAl"
0:0:0:0:0:0:0:1 - - [24/Nov/2019:13:59:26 +0000] "GET /api/components/search_projects?ps=50&facets=reliability_rating%2Csecurity_rating%2Csqale_rating%2Ccoverage%2Cduplicated_lines_density%2Cncloc%2Calert_status%2Clanguages%2Ctags&f=analysisDate%2CleakPeriodDate HTTP/1.1" 200 - "http://localhost:9000/projects" "Mozilla/5.0 (Windows NT 10.0; Win64; x64) AppleWebKit/537.36 (KHTML, like Gecko) Chrome/78.0.3904.108 Safari/537.36" "AW6dtXzs5FoEaY0cAAAm"
0:0:0:0:0:0:0:1 - - [24/Nov/2019:13:59:27 +0000] "GET /js/1.m.026683b0.chunk.js HTTP/1.1" 200 - "http://localhost:9000/issues?resolved=false" "Mozilla/5.0 (Windows NT 10.0; Win64; x64) AppleWebKit/537.36 (KHTML, like Gecko) Chrome/78.0.3904.108 Safari/537.36" "AW6dtXzs5FoEaY0cAAAn"
0:0:0:0:0:0:0:1 - - [24/Nov/2019:13:59:27 +0000] "GET /js/278.m.cb81504b.chunk.js HTTP/1.1" 200 - "http://localhost:9000/issues?resolved=false" "Mozilla/5.0 (Windows NT 10.0; Win64; x64) AppleWebKit/537.36 (KHTML, like Gecko) Chrome/78.0.3904.108 Safari/537.36" "AW6dtXzs5FoEaY0cAAAo"
0:0:0:0:0:0:0:1 - - [24/Nov/2019:13:59:27 +0000] "GET /js/3.m.f744fe67.chunk.js HTTP/1.1" 200 - "http://localhost:9000/issues?resolved=false" "Mozilla/5.0 (Windows NT 10.0; Win64; x64) AppleWebKit/537.36 (KHTML, like Gecko) Chrome/78.0.3904.108 Safari/537.36" "AW6dtXzs5FoEaY0cAAAp"
0:0:0:0:0:0:0:1 - - [24/Nov/2019:13:59:27 +0000] "GET /js/329.m.a01e7cc6.chunk.js HTTP/1.1" 200 - "http://localhost:9000/issues?resolved=false" "Mozilla/5.0 (Windows NT 10.0; Win64; x64) AppleWebKit/537.36 (KHTML, like Gecko) Chrome/78.0.3904.108 Safari/537.36" "AW6dtXzs5FoEaY0cAAAs"
0:0:0:0:0:0:0:1 - - [24/Nov/2019:13:59:27 +0000] "GET /js/15.m.b775ee18.chunk.js HTTP/1.1" 200 - "http://localhost:9000/issues?resolved=false" "Mozilla/5.0 (Windows NT 10.0; Win64; x64) AppleWebKit/537.36 (KHTML, like Gecko) Chrome/78.0.3904.108 Safari/537.36" "AW6dtXzs5FoEaY0cAAAr"
0:0:0:0:0:0:0:1 - - [24/Nov/2019:13:59:27 +0000] "GET /js/285.m.1f616f4e.chunk.js HTTP/1.1" 200 - "http://localhost:9000/issues?resolved=false" "Mozilla/5.0 (Windows NT 10.0; Win64; x64) AppleWebKit/537.36 (KHTML, like Gecko) Chrome/78.0.3904.108 Safari/537.36" "AW6dtXzs5FoEaY0cAAAq"
0:0:0:0:0:0:0:1 - - [24/Nov/2019:13:59:27 +0000] "GET /api/issues/search?s=FILE_LINE&resolved=false&ps=100&facets=severities%2Ctypes&additionalFields=_all HTTP/1.1" 200 - "http://localhost:9000/issues?resolved=false" "Mozilla/5.0 (Windows NT 10.0; Win64; x64) AppleWebKit/537.36 (KHTML, like Gecko) Chrome/78.0.3904.108 Safari/537.36" "AW6dtXzs5FoEaY0cAAAu"
0:0:0:0:0:0:0:1 - - [24/Nov/2019:13:59:27 +0000] "GET /js/289.m.d1084c20.chunk.js HTTP/1.1" 200 - "http://localhost:9000/issues?resolved=false" "Mozilla/5.0 (Windows NT 10.0; Win64; x64) AppleWebKit/537.36 (KHTML, like Gecko) Chrome/78.0.3904.108 Safari/537.36" "AW6dtXzs5FoEaY0cAAAt"
0:0:0:0:0:0:0:1 - - [24/Nov/2019:13:59:27 +0000] "GET /js/282.m.df6f1d7b.chunk.js HTTP/1.1" 200 - "http://localhost:9000/coding_rules" "Mozilla/5.0 (Windows NT 10.0; Win64; x64) AppleWebKit/537.36 (KHTML, like Gecko) Chrome/78.0.3904.108 Safari/537.36" "AW6dtXzs5FoEaY0cAAAv"
0:0:0:0:0:0:0:1 - - [24/Nov/2019:13:59:27 +0000] "GET /js/280.m.cba9ef30.chunk.js HTTP/1.1" 200 - "http://localhost:9000/coding_rules" "Mozilla/5.0 (Windows NT 10.0; Win64; x64) AppleWebKit/537.36 (KHTML, like Gecko) Chrome/78.0.3904.108 Safari/537.36" "AW6dtXzs5FoEaY0cAAAw"
0:0:0:0:0:0:0:1 - - [24/Nov/2019:13:59:27 +0000] "GET /api/rules/app? HTTP/1.1" 200 - "http://localhost:9000/coding_rules" "Mozilla/5.0 (Windows NT 10.0; Win64; x64) AppleWebKit/537.36 (KHTML, like Gecko) Chrome/78.0.3904.108 Safari/537.36" "AW6dtXzs5FoEaY0cAAAx"
0:0:0:0:0:0:0:1 - - [24/Nov/2019:13:59:27 +0000] "GET /api/qualityprofiles/search? HTTP/1.1" 200 - "http://localhost:9000/coding_rules" "Mozilla/5.0 (Windows NT 10.0; Win64; x64) AppleWebKit/537.36 (KHTML, like Gecko) Chrome/78.0.3904.108 Safari/537.36" "AW6dtXzs5FoEaY0cAAAy"
0:0:0:0:0:0:0:1 - - [24/Nov/2019:13:59:28 +0000] "GET /js/332.m.b3fd492d.chunk.js HTTP/1.1" 200 - "http://localhost:9000/profiles" "Mozilla/5.0 (Windows NT 10.0; Win64; x64) AppleWebKit/537.36 (KHTML, like Gecko) Chrome/78.0.3904.108 Safari/537.36" "AW6dtXzs5FoEaY0cAAA0"
0:0:0:0:0:0:0:1 - - [24/Nov/2019:13:59:28 +0000] "GET /api/qualityprofiles/exporters HTTP/1.1" 200 411 "http://localhost:9000/profiles" "Mozilla/5.0 (Windows NT 10.0; Win64; x64) AppleWebKit/537.36 (KHTML, like Gecko) Chrome/78.0.3904.108 Safari/537.36" "AW6dtXzs5FoEaY0cAAA2"
0:0:0:0:0:0:0:1 - - [24/Nov/2019:13:59:28 +0000] "GET /api/qualityprofiles/search? HTTP/1.1" 200 - "http://localhost:9000/profiles" "Mozilla/5.0 (Windows NT 10.0; Win64; x64) AppleWebKit/537.36 (KHTML, like Gecko) Chrome/78.0.3904.108 Safari/537.36" "AW6dtXzs5FoEaY0cAAA1"
0:0:0:0:0:0:0:1 - - [24/Nov/2019:13:59:28 +0000] "GET /js/12.m.2695a0d5.chunk.js HTTP/1.1" 200 - "http://localhost:9000/profiles" "Mozilla/5.0 (Windows NT 10.0; Win64; x64) AppleWebKit/537.36 (KHTML, like Gecko) Chrome/78.0.3904.108 Safari/537.36" "AW6dtXzs5FoEaY0cAAA3"
0:0:0:0:0:0:0:1 - - [24/Nov/2019:13:59:28 +0000] "GET /js/328.m.f25db96d.chunk.js HTTP/1.1" 200 - "http://localhost:9000/profiles" "Mozilla/5.0 (Windows NT 10.0; Win64; x64) AppleWebKit/537.36 (KHTML, like Gecko) Chrome/78.0.3904.108 Safari/537.36" "AW6dtXzs5FoEaY0cAAA4"
0:0:0:0:0:0:0:1 - - [24/Nov/2019:13:59:28 +0000] "GET /api/rules/search?f=isTemplate%2Cname%2Clang%2ClangName%2Cseverity%2Cstatus%2CsysTags%2Ctags%2CtemplateKey&facets=languages%2Ctypes&ps=100&s=name HTTP/1.1" 200 - "http://localhost:9000/coding_rules" "Mozilla/5.0 (Windows NT 10.0; Win64; x64) AppleWebKit/537.36 (KHTML, like Gecko) Chrome/78.0.3904.108 Safari/537.36" "AW6dtXzs5FoEaY0cAAAz"
0:0:0:0:0:0:0:1 - - [24/Nov/2019:13:59:28 +0000] "GET /api/rules/search?asc=false&available_since=2018-11-24&f=name%2ClangName%2Cactives&ps=10&s=createdAt HTTP/1.1" 200 - "http://localhost:9000/profiles" "Mozilla/5.0 (Windows NT 10.0; Win64; x64) AppleWebKit/537.36 (KHTML, like Gecko) Chrome/78.0.3904.108 Safari/537.36" "AW6dtXzs5FoEaY0cAAA5"
0:0:0:0:0:0:0:1 - - [24/Nov/2019:13:59:28 +0000] "GET /js/4.m.f89f1ebd.chunk.js HTTP/1.1" 200 - "http://localhost:9000/quality_gates" "Mozilla/5.0 (Windows NT 10.0; Win64; x64) AppleWebKit/537.36 (KHTML, like Gecko) Chrome/78.0.3904.108 Safari/537.36" "AW6dtXzs5FoEaY0cAAA7"
0:0:0:0:0:0:0:1 - - [24/Nov/2019:13:59:28 +0000] "GET /js/286.m.c1a1c525.chunk.js HTTP/1.1" 200 - "http://localhost:9000/quality_gates" "Mozilla/5.0 (Windows NT 10.0; Win64; x64) AppleWebKit/537.36 (KHTML, like Gecko) Chrome/78.0.3904.108 Safari/537.36" "AW6dtXzs5FoEaY0cAAA6"
0:0:0:0:0:0:0:1 - - [24/Nov/2019:13:59:29 +0000] "GET /api/qualitygates/list? HTTP/1.1" 200 244 "http://localhost:9000/quality_gates" "Mozilla/5.0 (Windows NT 10.0; Win64; x64) AppleWebKit/537.36 (KHTML, like Gecko) Chrome/78.0.3904.108 Safari/537.36" "AW6dtXzs5FoEaY0cAAA8"
0:0:0:0:0:0:0:1 - - [24/Nov/2019:13:59:29 +0000] "GET /api/metrics/search?ps=500 HTTP/1.1" 200 - "http://localhost:9000/quality_gates/show/1" "Mozilla/5.0 (Windows NT 10.0; Win64; x64) AppleWebKit/537.36 (KHTML, like Gecko) Chrome/78.0.3904.108 Safari/537.36" "AW6dtXzs5FoEaY0cAAA9"
0:0:0:0:0:0:0:1 - - [24/Nov/2019:13:59:29 +0000] "GET /api/qualitygates/show?id=1 HTTP/1.1" 200 508 "http://localhost:9000/quality_gates/show/1" "Mozilla/5.0 (Windows NT 10.0; Win64; x64) AppleWebKit/537.36 (KHTML, like Gecko) Chrome/78.0.3904.108 Safari/537.36" "AW6dtXzs5FoEaY0cAAA+"
0:0:0:0:0:0:0:1 - - [24/Nov/2019:13:59:29 +0000] "GET /api/qualityprofiles/exporters HTTP/1.1" 200 411 "http://localhost:9000/profiles" "Mozilla/5.0 (Windows NT 10.0; Win64; x64) AppleWebKit/537.36 (KHTML, like Gecko) Chrome/78.0.3904.108 Safari/537.36" "AW6dtXzs5FoEaY0cAABA"
0:0:0:0:0:0:0:1 - - [24/Nov/2019:13:59:29 +0000] "GET /api/qualityprofiles/search? HTTP/1.1" 200 - "http://localhost:9000/profiles" "Mozilla/5.0 (Windows NT 10.0; Win64; x64) AppleWebKit/537.36 (KHTML, like Gecko) Chrome/78.0.3904.108 Safari/537.36" "AW6dtXzs5FoEaY0cAAA/"
0:0:0:0:0:0:0:1 - - [24/Nov/2019:13:59:29 +0000] "GET /api/rules/search?asc=false&available_since=2018-11-24&f=name%2ClangName%2Cactives&ps=10&s=createdAt HTTP/1.1" 200 - "http://localhost:9000/profiles" "Mozilla/5.0 (Windows NT 10.0; Win64; x64) AppleWebKit/537.36 (KHTML, like Gecko) Chrome/78.0.3904.108 Safari/537.36" "AW6dtXzs5FoEaY0cAABB"
0:0:0:0:0:0:0:1 - - [24/Nov/2019:13:59:31 +0000] "GET /api/components/search_projects?filter=isFavorite&ps=1 HTTP/1.1" 200 96 "http://localhost:9000/projects" "Mozilla/5.0 (Windows NT 10.0; Win64; x64) AppleWebKit/537.36 (KHTML, like Gecko) Chrome/78.0.3904.108 Safari/537.36" "AW6dtXzs5FoEaY0cAABC"
0:0:0:0:0:0:0:1 - - [24/Nov/2019:13:59:31 +0000] "GET /api/components/search_projects?ps=50&facets=reliability_rating%2Csecurity_rating%2Csqale_rating%2Ccoverage%2Cduplicated_lines_density%2Cncloc%2Calert_status%2Clanguages%2Ctags&f=analysisDate%2CleakPeriodDate HTTP/1.1" 200 - "http://localhost:9000/projects" "Mozilla/5.0 (Windows NT 10.0; Win64; x64) AppleWebKit/537.36 (KHTML, like Gecko) Chrome/78.0.3904.108 Safari/537.36" "AW6dtXzs5FoEaY0cAABD"
0:0:0:0:0:0:0:1 - - [24/Nov/2019:13:59:33 +0000] "GET /js/297.m.076261d3.chunk.js HTTP/1.1" 200 - "http://localhost:9000/projects/create" "Mozilla/5.0 (Windows NT 10.0; Win64; x64) AppleWebKit/537.36 (KHTML, like Gecko) Chrome/78.0.3904.108 Safari/537.36" "AW6dtXzs5FoEaY0cAABE"
0:0:0:0:0:0:0:1 - - [24/Nov/2019:13:59:33 +0000] "GET /js/303.m.0ce91152.chunk.js HTTP/1.1" 200 - "http://localhost:9000/projects/create" "Mozilla/5.0 (Windows NT 10.0; Win64; x64) AppleWebKit/537.36 (KHTML, like Gecko) Chrome/78.0.3904.108 Safari/537.36" "AW6dtXzs5FoEaY0cAABF"
0:0:0:0:0:0:0:1 - - [24/Nov/2019:13:59:39 +0000] "GET /api/components/show?component=U HTTP/1.1" 404 50 "http://localhost:9000/projects/create" "Mozilla/5.0 (Windows NT 10.0; Win64; x64) AppleWebKit/537.36 (KHTML, like Gecko) Chrome/78.0.3904.108 Safari/537.36" "AW6dtXzs5FoEaY0cAABG"
0:0:0:0:0:0:0:1 - - [24/Nov/2019:13:59:40 +0000] "GET /api/components/show?component=Um HTTP/1.1" 404 51 "http://localhost:9000/projects/create" "Mozilla/5.0 (Windows NT 10.0; Win64; x64) AppleWebKit/537.36 (KHTML, like Gecko) Chrome/78.0.3904.108 Safari/537.36" "AW6dtXzs5FoEaY0cAABH"
0:0:0:0:0:0:0:1 - - [24/Nov/2019:13:59:41 +0000] "GET /api/components/show?component=UmC HTTP/1.1" 404 52 "http://localhost:9000/projects/create" "Mozilla/5.0 (Windows NT 10.0; Win64; x64) AppleWebKit/537.36 (KHTML, like Gecko) Chrome/78.0.3904.108 Safari/537.36" "AW6dtXzs5FoEaY0cAABI"
0:0:0:0:0:0:0:1 - - [24/Nov/2019:13:59:42 +0000] "GET /api/components/show?component=UmCarri HTTP/1.1" 404 56 "http://localhost:9000/projects/create" "Mozilla/5.0 (Windows NT 10.0; Win64; x64) AppleWebKit/537.36 (KHTML, like Gecko) Chrome/78.0.3904.108 Safari/537.36" "AW6dtXzs5FoEaY0cAABJ"
0:0:0:0:0:0:0:1 - - [24/Nov/2019:13:59:43 +0000] "GET /api/components/show?component=UmCarro HTTP/1.1" 404 56 "http://localhost:9000/projects/create" "Mozilla/5.0 (Windows NT 10.0; Win64; x64) AppleWebKit/537.36 (KHTML, like Gecko) Chrome/78.0.3904.108 Safari/537.36" "AW6dtXzs5FoEaY0cAABK"
0:0:0:0:0:0:0:1 - - [24/Nov/2019:13:59:43 +0000] "GET /api/components/show?component=UmCarroK HTTP/1.1" 404 57 "http://localhost:9000/projects/create" "Mozilla/5.0 (Windows NT 10.0; Win64; x64) AppleWebKit/537.36 (KHTML, like Gecko) Chrome/78.0.3904.108 Safari/537.36" "AW6dtXzs5FoEaY0cAABL"
0:0:0:0:0:0:0:1 - - [24/Nov/2019:13:59:44 +0000] "GET /api/components/show?component=UmCarro HTTP/1.1" 404 56 "http://localhost:9000/projects/create" "Mozilla/5.0 (Windows NT 10.0; Win64; x64) AppleWebKit/537.36 (KHTML, like Gecko) Chrome/78.0.3904.108 Safari/537.36" "AW6dtXzs5FoEaY0cAABM"
0:0:0:0:0:0:0:1 - - [24/Nov/2019:13:59:44 +0000] "GET /api/components/show?component=UmCarroJ HTTP/1.1" 404 57 "http://localhost:9000/projects/create" "Mozilla/5.0 (Windows NT 10.0; Win64; x64) AppleWebKit/537.36 (KHTML, like Gecko) Chrome/78.0.3904.108 Safari/537.36" "AW6dtXzs5FoEaY0cAABN"
0:0:0:0:0:0:0:1 - - [24/Nov/2019:13:59:45 +0000] "GET /api/components/show?component=UmCarroJa HTTP/1.1" 404 58 "http://localhost:9000/projects/create" "Mozilla/5.0 (Windows NT 10.0; Win64; x64) AppleWebKit/537.36 (KHTML, like Gecko) Chrome/78.0.3904.108 Safari/537.36" "AW6dtXzs5FoEaY0cAABO"
0:0:0:0:0:0:0:1 - - [24/Nov/2019:13:59:45 +0000] "GET /api/components/show?component=UmCarroJ HTTP/1.1" 404 57 "http://localhost:9000/projects/create" "Mozilla/5.0 (Windows NT 10.0; Win64; x64) AppleWebKit/537.36 (KHTML, like Gecko) Chrome/78.0.3904.108 Safari/537.36" "AW6dtXzs5FoEaY0cAABP"
0:0:0:0:0:0:0:1 - - [24/Nov/2019:14:00:04 +0000] "GET /api/components/show?component=demo1 HTTP/1.1" 404 54 "http://localhost:9000/projects/create" "Mozilla/5.0 (Windows NT 10.0; Win64; x64) AppleWebKit/537.36 (KHTML, like Gecko) Chrome/78.0.3904.108 Safari/537.36" "AW6dtXzs5FoEaY0cAABQ"
0:0:0:0:0:0:0:1 - - [24/Nov/2019:14:00:07 +0000] "POST /api/projects/create HTTP/1.1" 200 82 "http://localhost:9000/projects/create" "Mozilla/5.0 (Windows NT 10.0; Win64; x64) AppleWebKit/537.36 (KHTML, like Gecko) Chrome/78.0.3904.108 Safari/537.36" "AW6dtXzs5FoEaY0cAABR"
0:0:0:0:0:0:0:1 - - [24/Nov/2019:14:00:07 +0000] "GET /js/284.m.62fbcce3.chunk.js HTTP/1.1" 200 - "http://localhost:9000/dashboard?id=demo1" "Mozilla/5.0 (Windows NT 10.0; Win64; x64) AppleWebKit/537.36 (KHTML, like Gecko) Chrome/78.0.3904.108 Safari/537.36" "AW6dtXzs5FoEaY0cAABS"
0:0:0:0:0:0:0:1 - - [24/Nov/2019:14:00:07 +0000] "GET /api/components/show?component=demo1 HTTP/1.1" 200 147 "http://localhost:9000/dashboard?id=demo1" "Mozilla/5.0 (Windows NT 10.0; Win64; x64) AppleWebKit/537.36 (KHTML, like Gecko) Chrome/78.0.3904.108 Safari/537.36" "AW6dtXzs5FoEaY0cAABT"
0:0:0:0:0:0:0:1 - - [24/Nov/2019:14:00:07 +0000] "GET /api/navigation/component?component=demo1 HTTP/1.1" 200 638 "http://localhost:9000/dashboard?id=demo1" "Mozilla/5.0 (Windows NT 10.0; Win64; x64) AppleWebKit/537.36 (KHTML, like Gecko) Chrome/78.0.3904.108 Safari/537.36" "AW6dtXzs5FoEaY0cAABU"
0:0:0:0:0:0:0:1 - - [24/Nov/2019:14:00:07 +0000] "GET /api/project_pull_requests/list?project=demo1 HTTP/1.1" 200 19 "http://localhost:9000/dashboard?id=demo1" "Mozilla/5.0 (Windows NT 10.0; Win64; x64) AppleWebKit/537.36 (KHTML, like Gecko) Chrome/78.0.3904.108 Safari/537.36" "AW6dtXzs5FoEaY0cAABW"
0:0:0:0:0:0:0:1 - - [24/Nov/2019:14:00:07 +0000] "GET /api/project_branches/list?project=demo1 HTTP/1.1" 200 72 "http://localhost:9000/dashboard?id=demo1" "Mozilla/5.0 (Windows NT 10.0; Win64; x64) AppleWebKit/537.36 (KHTML, like Gecko) Chrome/78.0.3904.108 Safari/537.36" "AW6dtXzs5FoEaY0cAABV"
0:0:0:0:0:0:0:1 - - [24/Nov/2019:14:00:07 +0000] "GET /api/ce/analysis_status?component=demo1 HTTP/1.1" 200 96 "http://localhost:9000/dashboard?id=demo1" "Mozilla/5.0 (Windows NT 10.0; Win64; x64) AppleWebKit/537.36 (KHTML, like Gecko) Chrome/78.0.3904.108 Safari/537.36" "AW6dtXzs5FoEaY0cAABY"
0:0:0:0:0:0:0:1 - - [24/Nov/2019:14:00:07 +0000] "GET /js/277.m.ae1e218a.chunk.js HTTP/1.1" 200 - "http://localhost:9000/dashboard?id=demo1" "Mozilla/5.0 (Windows NT 10.0; Win64; x64) AppleWebKit/537.36 (KHTML, like Gecko) Chrome/78.0.3904.108 Safari/537.36" "AW6dtXzs5FoEaY0cAABX"
0:0:0:0:0:0:0:1 - - [24/Nov/2019:14:00:07 +0000] "GET /api/ce/component?component=demo1 HTTP/1.1" 200 12 "http://localhost:9000/dashboard?id=demo1" "Mozilla/5.0 (Windows NT 10.0; Win64; x64) AppleWebKit/537.36 (KHTML, like Gecko) Chrome/78.0.3904.108 Safari/537.36" "AW6dtXzs5FoEaY0cAABZ"
0:0:0:0:0:0:0:1 - - [24/Nov/2019:14:00:07 +0000] "GET /js/299.m.4341ce16.chunk.js HTTP/1.1" 200 - "http://localhost:9000/dashboard?id=demo1" "Mozilla/5.0 (Windows NT 10.0; Win64; x64) AppleWebKit/537.36 (KHTML, like Gecko) Chrome/78.0.3904.108 Safari/537.36" "AW6dtXzs5FoEaY0cAABa"
0:0:0:0:0:0:0:1 - - [24/Nov/2019:14:00:07 +0000] "GET /api/project_links/search?projectKey=demo1 HTTP/1.1" 200 12 "http://localhost:9000/dashboard?id=demo1" "Mozilla/5.0 (Windows NT 10.0; Win64; x64) AppleWebKit/537.36 (KHTML, like Gecko) Chrome/78.0.3904.108 Safari/537.36" "AW6dtXzs5FoEaY0cAABc"
0:0:0:0:0:0:0:1 - - [24/Nov/2019:14:00:07 +0000] "GET /api/user_tokens/search?login=admin HTTP/1.1" 200 33 "http://localhost:9000/dashboard?id=demo1" "Mozilla/5.0 (Windows NT 10.0; Win64; x64) AppleWebKit/537.36 (KHTML, like Gecko) Chrome/78.0.3904.108 Safari/537.36" "AW6dtXzs5FoEaY0cAABb"
0:0:0:0:0:0:0:1 - - [24/Nov/2019:14:00:10 +0000] "GET /api/ce/component?component=demo1 HTTP/1.1" 200 12 "http://localhost:9000/dashboard?id=demo1" "Mozilla/5.0 (Windows NT 10.0; Win64; x64) AppleWebKit/537.36 (KHTML, like Gecko) Chrome/78.0.3904.108 Safari/537.36" "AW6dtXzs5FoEaY0cAABd"
0:0:0:0:0:0:0:1 - - [24/Nov/2019:14:00:13 +0000] "GET /api/ce/component?component=demo1 HTTP/1.1" 200 12 "http://localhost:9000/dashboard?id=demo1" "Mozilla/5.0 (Windows NT 10.0; Win64; x64) AppleWebKit/537.36 (KHTML, like Gecko) Chrome/78.0.3904.108 Safari/537.36" "AW6dtXzs5FoEaY0cAABe"
0:0:0:0:0:0:0:1 - - [24/Nov/2019:14:00:15 +0000] "POST /api/user_tokens/generate HTTP/1.1" 200 122 "http://localhost:9000/dashboard?id=demo1" "Mozilla/5.0 (Windows NT 10.0; Win64; x64) AppleWebKit/537.36 (KHTML, like Gecko) Chrome/78.0.3904.108 Safari/537.36" "AW6dtXzs5FoEaY0cAABf"
0:0:0:0:0:0:0:1 - - [24/Nov/2019:14:00:16 +0000] "GET /api/ce/component?component=demo1 HTTP/1.1" 200 12 "http://localhost:9000/dashboard?id=demo1" "Mozilla/5.0 (Windows NT 10.0; Win64; x64) AppleWebKit/537.36 (KHTML, like Gecko) Chrome/78.0.3904.108 Safari/537.36" "AW6dtXzs5FoEaY0cAABg"
0:0:0:0:0:0:0:1 - - [24/Nov/2019:14:00:19 +0000] "GET /api/ce/component?component=demo1 HTTP/1.1" 200 12 "http://localhost:9000/dashboard?id=demo1" "Mozilla/5.0 (Windows NT 10.0; Win64; x64) AppleWebKit/537.36 (KHTML, like Gecko) Chrome/78.0.3904.108 Safari/537.36" "AW6dtXzs5FoEaY0cAABh"
0:0:0:0:0:0:0:1 - - [24/Nov/2019:14:00:22 +0000] "GET /api/ce/component?component=demo1 HTTP/1.1" 200 12 "http://localhost:9000/dashboard?id=demo1" "Mozilla/5.0 (Windows NT 10.0; Win64; x64) AppleWebKit/537.36 (KHTML, like Gecko) Chrome/78.0.3904.108 Safari/537.36" "AW6dtXzs5FoEaY0cAABi"
0:0:0:0:0:0:0:1 - - [24/Nov/2019:14:00:25 +0000] "GET /api/ce/component?component=demo1 HTTP/1.1" 200 12 "http://localhost:9000/dashboard?id=demo1" "Mozilla/5.0 (Windows NT 10.0; Win64; x64) AppleWebKit/537.36 (KHTML, like Gecko) Chrome/78.0.3904.108 Safari/537.36" "AW6dtXzs5FoEaY0cAABj"
0:0:0:0:0:0:0:1 - - [24/Nov/2019:14:00:28 +0000] "GET /api/ce/component?component=demo1 HTTP/1.1" 200 12 "http://localhost:9000/dashboard?id=demo1" "Mozilla/5.0 (Windows NT 10.0; Win64; x64) AppleWebKit/537.36 (KHTML, like Gecko) Chrome/78.0.3904.108 Safari/537.36" "AW6dtXzs5FoEaY0cAABk"
0:0:0:0:0:0:0:1 - - [24/Nov/2019:14:00:31 +0000] "GET /api/ce/component?component=demo1 HTTP/1.1" 200 12 "http://localhost:9000/dashboard?id=demo1" "Mozilla/5.0 (Windows NT 10.0; Win64; x64) AppleWebKit/537.36 (KHTML, like Gecko) Chrome/78.0.3904.108 Safari/537.36" "AW6dtXzs5FoEaY0cAABl"
0:0:0:0:0:0:0:1 - - [24/Nov/2019:14:00:34 +0000] "GET /api/ce/component?component=demo1 HTTP/1.1" 200 12 "http://localhost:9000/dashboard?id=demo1" "Mozilla/5.0 (Windows NT 10.0; Win64; x64) AppleWebKit/537.36 (KHTML, like Gecko) Chrome/78.0.3904.108 Safari/537.36" "AW6dtXzs5FoEaY0cAABm"
0:0:0:0:0:0:0:1 - - [24/Nov/2019:14:00:37 +0000] "GET /api/ce/component?component=demo1 HTTP/1.1" 200 12 "http://localhost:9000/dashboard?id=demo1" "Mozilla/5.0 (Windows NT 10.0; Win64; x64) AppleWebKit/537.36 (KHTML, like Gecko) Chrome/78.0.3904.108 Safari/537.36" "AW6dtXzs5FoEaY0cAABn"
0:0:0:0:0:0:0:1 - - [24/Nov/2019:14:00:40 +0000] "GET /api/ce/component?component=demo1 HTTP/1.1" 200 12 "http://localhost:9000/dashboard?id=demo1" "Mozilla/5.0 (Windows NT 10.0; Win64; x64) AppleWebKit/537.36 (KHTML, like Gecko) Chrome/78.0.3904.108 Safari/537.36" "AW6dtXzs5FoEaY0cAABo"
0:0:0:0:0:0:0:1 - - [24/Nov/2019:14:00:43 +0000] "GET /api/ce/component?component=demo1 HTTP/1.1" 200 12 "http://localhost:9000/dashboard?id=demo1" "Mozilla/5.0 (Windows NT 10.0; Win64; x64) AppleWebKit/537.36 (KHTML, like Gecko) Chrome/78.0.3904.108 Safari/537.36" "AW6dtXzs5FoEaY0cAABp"
0:0:0:0:0:0:0:1 - - [24/Nov/2019:14:00:46 +0000] "GET /api/ce/component?component=demo1 HTTP/1.1" 200 12 "http://localhost:9000/dashboard?id=demo1" "Mozilla/5.0 (Windows NT 10.0; Win64; x64) AppleWebKit/537.36 (KHTML, like Gecko) Chrome/78.0.3904.108 Safari/537.36" "AW6dtXzs5FoEaY0cAABq"
0:0:0:0:0:0:0:1 - - [24/Nov/2019:14:00:49 +0000] "GET /api/ce/component?component=demo1 HTTP/1.1" 200 12 "http://localhost:9000/dashboard?id=demo1" "Mozilla/5.0 (Windows NT 10.0; Win64; x64) AppleWebKit/537.36 (KHTML, like Gecko) Chrome/78.0.3904.108 Safari/537.36" "AW6dtXzs5FoEaY0cAABr"
0:0:0:0:0:0:0:1 - - [24/Nov/2019:14:00:52 +0000] "GET /api/ce/component?component=demo1 HTTP/1.1" 200 12 "http://localhost:9000/dashboard?id=demo1" "Mozilla/5.0 (Windows NT 10.0; Win64; x64) AppleWebKit/537.36 (KHTML, like Gecko) Chrome/78.0.3904.108 Safari/537.36" "AW6dtXzs5FoEaY0cAABs"
0:0:0:0:0:0:0:1 - - [24/Nov/2019:14:00:55 +0000] "GET /api/ce/component?component=demo1 HTTP/1.1" 200 12 "http://localhost:9000/dashboard?id=demo1" "Mozilla/5.0 (Windows NT 10.0; Win64; x64) AppleWebKit/537.36 (KHTML, like Gecko) Chrome/78.0.3904.108 Safari/537.36" "AW6dtXzs5FoEaY0cAABt"
0:0:0:0:0:0:0:1 - - [24/Nov/2019:14:00:58 +0000] "GET /api/ce/component?component=demo1 HTTP/1.1" 200 12 "http://localhost:9000/dashboard?id=demo1" "Mozilla/5.0 (Windows NT 10.0; Win64; x64) AppleWebKit/537.36 (KHTML, like Gecko) Chrome/78.0.3904.108 Safari/537.36" "AW6dtXzs5FoEaY0cAABu"
0:0:0:0:0:0:0:1 - - [24/Nov/2019:14:01:01 +0000] "GET /api/ce/component?component=demo1 HTTP/1.1" 200 12 "http://localhost:9000/dashboard?id=demo1" "Mozilla/5.0 (Windows NT 10.0; Win64; x64) AppleWebKit/537.36 (KHTML, like Gecko) Chrome/78.0.3904.108 Safari/537.36" "AW6dtXzs5FoEaY0cAABv"
0:0:0:0:0:0:0:1 - - [24/Nov/2019:14:01:04 +0000] "GET /api/ce/component?component=demo1 HTTP/1.1" 200 12 "http://localhost:9000/dashboard?id=demo1" "Mozilla/5.0 (Windows NT 10.0; Win64; x64) AppleWebKit/537.36 (KHTML, like Gecko) Chrome/78.0.3904.108 Safari/537.36" "AW6dtXzs5FoEaY0cAABw"
0:0:0:0:0:0:0:1 - - [24/Nov/2019:14:01:07 +0000] "GET /api/ce/component?component=demo1 HTTP/1.1" 200 12 "http://localhost:9000/dashboard?id=demo1" "Mozilla/5.0 (Windows NT 10.0; Win64; x64) AppleWebKit/537.36 (KHTML, like Gecko) Chrome/78.0.3904.108 Safari/537.36" "AW6dtXzs5FoEaY0cAABx"
0:0:0:0:0:0:0:1 - - [24/Nov/2019:14:01:10 +0000] "GET /api/ce/component?component=demo1 HTTP/1.1" 200 12 "http://localhost:9000/dashboard?id=demo1" "Mozilla/5.0 (Windows NT 10.0; Win64; x64) AppleWebKit/537.36 (KHTML, like Gecko) Chrome/78.0.3904.108 Safari/537.36" "AW6dtXzs5FoEaY0cAABy"
0:0:0:0:0:0:0:1 - - [24/Nov/2019:14:01:13 +0000] "GET /api/ce/component?component=demo1 HTTP/1.1" 200 12 "http://localhost:9000/dashboard?id=demo1" "Mozilla/5.0 (Windows NT 10.0; Win64; x64) AppleWebKit/537.36 (KHTML, like Gecko) Chrome/78.0.3904.108 Safari/537.36" "AW6dtXzs5FoEaY0cAABz"
0:0:0:0:0:0:0:1 - - [24/Nov/2019:14:01:16 +0000] "GET /api/ce/component?component=demo1 HTTP/1.1" 200 12 "http://localhost:9000/dashboard?id=demo1" "Mozilla/5.0 (Windows NT 10.0; Win64; x64) AppleWebKit/537.36 (KHTML, like Gecko) Chrome/78.0.3904.108 Safari/537.36" "AW6dtXzs5FoEaY0cAAB0"
0:0:0:0:0:0:0:1 - - [24/Nov/2019:14:01:19 +0000] "GET /api/ce/component?component=demo1 HTTP/1.1" 200 12 "http://localhost:9000/dashboard?id=demo1" "Mozilla/5.0 (Windows NT 10.0; Win64; x64) AppleWebKit/537.36 (KHTML, like Gecko) Chrome/78.0.3904.108 Safari/537.36" "AW6dtXzs5FoEaY0cAAB1"
0:0:0:0:0:0:0:1 - - [24/Nov/2019:14:01:22 +0000] "GET /api/ce/component?component=demo1 HTTP/1.1" 200 12 "http://localhost:9000/dashboard?id=demo1" "Mozilla/5.0 (Windows NT 10.0; Win64; x64) AppleWebKit/537.36 (KHTML, like Gecko) Chrome/78.0.3904.108 Safari/537.36" "AW6dtXzs5FoEaY0cAAB2"
0:0:0:0:0:0:0:1 - - [24/Nov/2019:14:01:25 +0000] "GET /api/ce/component?component=demo1 HTTP/1.1" 200 12 "http://localhost:9000/dashboard?id=demo1" "Mozilla/5.0 (Windows NT 10.0; Win64; x64) AppleWebKit/537.36 (KHTML, like Gecko) Chrome/78.0.3904.108 Safari/537.36" "AW6dtXzs5FoEaY0cAAB3"
0:0:0:0:0:0:0:1 - - [24/Nov/2019:14:01:28 +0000] "GET /api/ce/component?component=demo1 HTTP/1.1" 200 12 "http://localhost:9000/dashboard?id=demo1" "Mozilla/5.0 (Windows NT 10.0; Win64; x64) AppleWebKit/537.36 (KHTML, like Gecko) Chrome/78.0.3904.108 Safari/537.36" "AW6dtXzs5FoEaY0cAAB4"
0:0:0:0:0:0:0:1 - - [24/Nov/2019:14:01:31 +0000] "GET /api/ce/component?component=demo1 HTTP/1.1" 200 12 "http://localhost:9000/dashboard?id=demo1" "Mozilla/5.0 (Windows NT 10.0; Win64; x64) AppleWebKit/537.36 (KHTML, like Gecko) Chrome/78.0.3904.108 Safari/537.36" "AW6dtXzs5FoEaY0cAAB5"
0:0:0:0:0:0:0:1 - - [24/Nov/2019:14:01:34 +0000] "GET /api/ce/component?component=demo1 HTTP/1.1" 200 12 "http://localhost:9000/dashboard?id=demo1" "Mozilla/5.0 (Windows NT 10.0; Win64; x64) AppleWebKit/537.36 (KHTML, like Gecko) Chrome/78.0.3904.108 Safari/537.36" "AW6dtXzs5FoEaY0cAAB6"
0:0:0:0:0:0:0:1 - - [24/Nov/2019:14:01:37 +0000] "GET /api/ce/component?component=demo1 HTTP/1.1" 200 12 "http://localhost:9000/dashboard?id=demo1" "Mozilla/5.0 (Windows NT 10.0; Win64; x64) AppleWebKit/537.36 (KHTML, like Gecko) Chrome/78.0.3904.108 Safari/537.36" "AW6dtXzs5FoEaY0cAAB7"
0:0:0:0:0:0:0:1 - - [24/Nov/2019:14:01:41 +0000] "GET /api/ce/component?component=demo1 HTTP/1.1" 200 12 "http://localhost:9000/dashboard?id=demo1" "Mozilla/5.0 (Windows NT 10.0; Win64; x64) AppleWebKit/537.36 (KHTML, like Gecko) Chrome/78.0.3904.108 Safari/537.36" "AW6dtXzs5FoEaY0cAAB8"
0:0:0:0:0:0:0:1 - - [24/Nov/2019:14:01:44 +0000] "GET /api/ce/component?component=demo1 HTTP/1.1" 200 12 "http://localhost:9000/dashboard?id=demo1" "Mozilla/5.0 (Windows NT 10.0; Win64; x64) AppleWebKit/537.36 (KHTML, like Gecko) Chrome/78.0.3904.108 Safari/537.36" "AW6dtXzs5FoEaY0cAAB9"
0:0:0:0:0:0:0:1 - - [24/Nov/2019:14:01:47 +0000] "GET /api/ce/component?component=demo1 HTTP/1.1" 200 12 "http://localhost:9000/dashboard?id=demo1" "Mozilla/5.0 (Windows NT 10.0; Win64; x64) AppleWebKit/537.36 (KHTML, like Gecko) Chrome/78.0.3904.108 Safari/537.36" "AW6dtXzs5FoEaY0cAAB+"
0:0:0:0:0:0:0:1 - - [24/Nov/2019:14:01:50 +0000] "GET /api/ce/component?component=demo1 HTTP/1.1" 200 12 "http://localhost:9000/dashboard?id=demo1" "Mozilla/5.0 (Windows NT 10.0; Win64; x64) AppleWebKit/537.36 (KHTML, like Gecko) Chrome/78.0.3904.108 Safari/537.36" "AW6dtXzs5FoEaY0cAAB/"
127.0.0.1 - - [24/Nov/2019:14:01:52 +0000] "GET /batch/index HTTP/1.1" 200 - "-" "ScannerMaven/3.7.0.1746/3.6.0" "AW6dtXzs5FoEaY0cAACA"
127.0.0.1 - - [24/Nov/2019:14:01:52 +0000] "GET /batch/file?name=sonar-scanner-engine-shaded-8.0-all.jar HTTP/1.1" 200 - "-" "ScannerMaven/3.7.0.1746/3.6.0" "AW6dtXzs5FoEaY0cAACB"
0:0:0:0:0:0:0:1 - - [24/Nov/2019:14:01:53 +0000] "GET /api/ce/component?component=demo1 HTTP/1.1" 200 12 "http://localhost:9000/dashboard?id=demo1" "Mozilla/5.0 (Windows NT 10.0; Win64; x64) AppleWebKit/537.36 (KHTML, like Gecko) Chrome/78.0.3904.108 Safari/537.36" "AW6dtXzs5FoEaY0cAACC"
127.0.0.1 - - [24/Nov/2019:14:01:53 +0000] "GET /api/settings/values.protobuf HTTP/1.1" 200 5006 "-" "ScannerMaven/3.7.0.1746/3.6.0" "AW6dtXzs5FoEaY0cAACD"
127.0.0.1 - - [24/Nov/2019:14:01:53 +0000] "GET /api/plugins/installed HTTP/1.1" 200 - "-" "ScannerMaven/3.7.0.1746/3.6.0" "AW6dtXzs5FoEaY0cAACE"
127.0.0.1 - - [24/Nov/2019:14:01:53 +0000] "GET /api/plugins/download?plugin=scmgit&acceptCompressions=pack200 HTTP/1.1" 200 - "-" "ScannerMaven/3.7.0.1746/3.6.0" "AW6dtXzs5FoEaY0cAACF"
127.0.0.1 - - [24/Nov/2019:14:01:53 +0000] "GET /api/plugins/download?plugin=csharp&acceptCompressions=pack200 HTTP/1.1" 200 - "-" "ScannerMaven/3.7.0.1746/3.6.0" "AW6dtXzs5FoEaY0cAACG"
127.0.0.1 - - [24/Nov/2019:14:01:53 +0000] "GET /api/plugins/download?plugin=go&acceptCompressions=pack200 HTTP/1.1" 200 - "-" "ScannerMaven/3.7.0.1746/3.6.0" "AW6dtXzs5FoEaY0cAACH"
127.0.0.1 - - [24/Nov/2019:14:01:53 +0000] "GET /api/plugins/download?plugin=web&acceptCompressions=pack200 HTTP/1.1" 200 - "-" "ScannerMaven/3.7.0.1746/3.6.0" "AW6dtXzs5FoEaY0cAACI"
127.0.0.1 - - [24/Nov/2019:14:01:53 +0000] "GET /api/plugins/download?plugin=java&acceptCompressions=pack200 HTTP/1.1" 200 - "-" "ScannerMaven/3.7.0.1746/3.6.0" "AW6dtXzs5FoEaY0cAACJ"
127.0.0.1 - - [24/Nov/2019:14:01:54 +0000] "GET /api/plugins/download?plugin=python&acceptCompressions=pack200 HTTP/1.1" 200 - "-" "ScannerMaven/3.7.0.1746/3.6.0" "AW6dtXzs5FoEaY0cAACK"
127.0.0.1 - - [24/Nov/2019:14:01:54 +0000] "GET /api/plugins/download?plugin=vbnet&acceptCompressions=pack200 HTTP/1.1" 200 - "-" "ScannerMaven/3.7.0.1746/3.6.0" "AW6dtXzs5FoEaY0cAACL"
127.0.0.1 - - [24/Nov/2019:14:01:54 +0000] "GET /api/settings/values.protobuf?component=demo1 HTTP/1.1" 200 5010 "-" "ScannerMaven/3.7.0.1746/3.6.0" "AW6dtXzs5FoEaY0cAACM"
127.0.0.1 - - [24/Nov/2019:14:01:55 +0000] "GET /api/qualityprofiles/search.protobuf?projectKey=demo1 HTTP/1.1" 200 1910 "-" "ScannerMaven/3.7.0.1746/3.6.0" "AW6dtXzs5FoEaY0cAACN"
127.0.0.1 - - [24/Nov/2019:14:01:55 +0000] "GET /api/rules/search.protobuf?f=repo,name,severity,lang,internalKey,templateKey,params,actives,createdAt,updatedAt&activation=true&qprofile=AW6dtTV4LCpBc9rm-93s&ps=500&p=1 HTTP/1.1" 200 5447 "-" "ScannerMaven/3.7.0.1746/3.6.0" "AW6dtXzs5FoEaY0cAACO"
127.0.0.1 - - [24/Nov/2019:14:01:55 +0000] "GET /api/rules/search.protobuf?f=repo,name,severity,lang,internalKey,templateKey,params,actives,createdAt,updatedAt&activation=true&qprofile=AW6dtTaELCpBc9rm-94i&ps=500&p=1 HTTP/1.1" 200 7603 "-" "ScannerMaven/3.7.0.1746/3.6.0" "AW6dtXzs5FoEaY0cAACP"
127.0.0.1 - - [24/Nov/2019:14:01:55 +0000] "GET /api/rules/search.protobuf?f=repo,name,severity,lang,internalKey,templateKey,params,actives,createdAt,updatedAt&activation=true&qprofile=AW6dtTeSLCpBc9rm-95B&ps=500&p=1 HTTP/1.1" 200 11 "-" "ScannerMaven/3.7.0.1746/3.6.0" "AW6dtXzs5FoEaY0cAACQ"
127.0.0.1 - - [24/Nov/2019:14:01:55 +0000] "GET /api/rules/search.protobuf?f=repo,name,severity,lang,internalKey,templateKey,params,actives,createdAt,updatedAt&activation=true&qprofile=AW6dtTi7LCpBc9rm-96c&ps=500&p=1 HTTP/1.1" 200 6187 "-" "ScannerMaven/3.7.0.1746/3.6.0" "AW6dtXzs5FoEaY0cAACR"
127.0.0.1 - - [24/Nov/2019:14:01:55 +0000] "GET /api/rules/search.protobuf?f=repo,name,severity,lang,internalKey,templateKey,params,actives,createdAt,updatedAt&activation=true&qprofile=AW6dtTenLCpBc9rm-95i&ps=500&p=1 HTTP/1.1" 200 8092 "-" "ScannerMaven/3.7.0.1746/3.6.0" "AW6dtXzs5FoEaY0cAACS"
127.0.0.1 - - [24/Nov/2019:14:01:55 +0000] "GET /api/rules/search.protobuf?f=repo,name,severity,lang,internalKey,templateKey,params,actives,createdAt,updatedAt&activation=true&qprofile=AW6dtTszLCpBc9rm--A4&ps=500&p=1 HTTP/1.1" 200 - "-" "ScannerMaven/3.7.0.1746/3.6.0" "AW6dtXzs5FoEaY0cAACT"
127.0.0.1 - - [24/Nov/2019:14:01:55 +0000] "GET /api/rules/search.protobuf?f=repo,name,severity,lang,internalKey,templateKey,params,actives,createdAt,updatedAt&activation=true&qprofile=AW6dtTx0LCpBc9rm--DR&ps=500&p=1 HTTP/1.1" 200 - "-" "ScannerMaven/3.7.0.1746/3.6.0" "AW6dtXzs5FoEaY0cAACU"
127.0.0.1 - - [24/Nov/2019:14:01:55 +0000] "GET /api/rules/search.protobuf?f=repo,name,severity,lang,internalKey,templateKey,params,actives,createdAt,updatedAt&activation=true&qprofile=AW6dtT19LCpBc9rm--Ej&ps=500&p=1 HTTP/1.1" 200 7758 "-" "ScannerMaven/3.7.0.1746/3.6.0" "AW6dtXzs5FoEaY0cAACV"
127.0.0.1 - - [24/Nov/2019:14:01:55 +0000] "GET /api/rules/search.protobuf?f=repo,name,severity,lang,internalKey,templateKey,params,actives,createdAt,updatedAt&activation=true&qprofile=AW6dtT6RLCpBc9rm--Iz&ps=500&p=1 HTTP/1.1" 200 - "-" "ScannerMaven/3.7.0.1746/3.6.0" "AW6dtXzs5FoEaY0cAACW"
0:0:0:0:0:0:0:1 - - [24/Nov/2019:14:01:56 +0000] "GET /api/ce/component?component=demo1 HTTP/1.1" 200 12 "http://localhost:9000/dashboard?id=demo1" "Mozilla/5.0 (Windows NT 10.0; Win64; x64) AppleWebKit/537.36 (KHTML, like Gecko) Chrome/78.0.3904.108 Safari/537.36" "AW6dtXzs5FoEaY0cAACY"
127.0.0.1 - - [24/Nov/2019:14:01:56 +0000] "GET /api/rules/search.protobuf?f=repo,name,severity,lang,internalKey,templateKey,params,actives,createdAt,updatedAt&activation=true&qprofile=AW6dtUB2LCpBc9rm--Ss&ps=500&p=1 HTTP/1.1" 200 - "-" "ScannerMaven/3.7.0.1746/3.6.0" "AW6dtXzs5FoEaY0cAACX"
127.0.0.1 - - [24/Nov/2019:14:01:56 +0000] "GET /api/rules/search.protobuf?f=repo,name,severity,lang,internalKey,templateKey,params,actives,createdAt,updatedAt&activation=true&qprofile=AW6dtUNpLCpBc9rm--ZR&ps=500&p=1 HTTP/1.1" 200 6768 "-" "ScannerMaven/3.7.0.1746/3.6.0" "AW6dtXzs5FoEaY0cAACZ"
127.0.0.1 - - [24/Nov/2019:14:01:56 +0000] "GET /api/rules/search.protobuf?f=repo,name,severity,lang,internalKey,templateKey,params,actives,createdAt,updatedAt&activation=true&qprofile=AW6dtUaWLCpBc9rm--ap&ps=500&p=1 HTTP/1.1" 200 - "-" "ScannerMaven/3.7.0.1746/3.6.0" "AW6dtXzs5FoEaY0cAACa"
127.0.0.1 - - [24/Nov/2019:14:01:56 +0000] "GET /api/rules/search.protobuf?f=repo,name,severity,lang,internalKey,templateKey,params,actives,createdAt,updatedAt&activation=true&qprofile=AW6dtUV9LCpBc9rm--Zz&ps=500&p=1 HTTP/1.1" 200 906 "-" "ScannerMaven/3.7.0.1746/3.6.0" "AW6dtXzs5FoEaY0cAACb"
127.0.0.1 - - [24/Nov/2019:14:01:56 +0000] "GET /api/rules/search.protobuf?f=repo,name,severity,lang,internalKey,templateKey,params,actives,createdAt,updatedAt&activation=true&qprofile=AW6dtUfnLCpBc9rm--dG&ps=500&p=1 HTTP/1.1" 200 - "-" "ScannerMaven/3.7.0.1746/3.6.0" "AW6dtXzs5FoEaY0cAACc"
127.0.0.1 - - [24/Nov/2019:14:01:56 +0000] "GET /api/rules/search.protobuf?f=repo,name,severity,lang,internalKey,templateKey,params,actives,createdAt,updatedAt&activation=true&qprofile=AW6dtUt7LCpBc9rm--ho&ps=500&p=1 HTTP/1.1" 200 - "-" "ScannerMaven/3.7.0.1746/3.6.0" "AW6dtXzs5FoEaY0cAACd"
127.0.0.1 - - [24/Nov/2019:14:01:56 +0000] "GET /api/rules/search.protobuf?f=repo,name,severity,lang,internalKey,templateKey,params,actives,createdAt,updatedAt&activation=true&qprofile=AW6dtUyaLCpBc9rm--kF&ps=500&p=1 HTTP/1.1" 200 - "-" "ScannerMaven/3.7.0.1746/3.6.0" "AW6dtXzs5FoEaY0cAACe"
127.0.0.1 - - [24/Nov/2019:14:01:57 +0000] "GET /api/metrics/search?f=name,description,direction,qualitative,custom&ps=500&p=1 HTTP/1.1" 200 - "-" "ScannerMaven/3.7.0.1746/3.6.0" "AW6dtXzs5FoEaY0cAACf"
0:0:0:0:0:0:0:1 - - [24/Nov/2019:14:01:59 +0000] "GET /api/ce/component?component=demo1 HTTP/1.1" 200 12 "http://localhost:9000/dashboard?id=demo1" "Mozilla/5.0 (Windows NT 10.0; Win64; x64) AppleWebKit/537.36 (KHTML, like Gecko) Chrome/78.0.3904.108 Safari/537.36" "AW6dtXzs5FoEaY0cAACg"
127.0.0.1 - - [24/Nov/2019:14:01:59 +0000] "GET /batch/project.protobuf?key=demo1 HTTP/1.1" 200 0 "-" "ScannerMaven/3.7.0.1746/3.6.0" "AW6dtXzs5FoEaY0cAACh"
0:0:0:0:0:0:0:1 - - [24/Nov/2019:14:02:02 +0000] "GET /api/ce/component?component=demo1 HTTP/1.1" 200 12 "http://localhost:9000/dashboard?id=demo1" "Mozilla/5.0 (Windows NT 10.0; Win64; x64) AppleWebKit/537.36 (KHTML, like Gecko) Chrome/78.0.3904.108 Safari/537.36" "AW6dtXzs5FoEaY0cAACi"
0:0:0:0:0:0:0:1 - - [24/Nov/2019:14:02:05 +0000] "GET /api/ce/component?component=demo1 HTTP/1.1" 200 12 "http://localhost:9000/dashboard?id=demo1" "Mozilla/5.0 (Windows NT 10.0; Win64; x64) AppleWebKit/537.36 (KHTML, like Gecko) Chrome/78.0.3904.108 Safari/537.36" "AW6dtXzs5FoEaY0cAACj"
0:0:0:0:0:0:0:1 - - [24/Nov/2019:14:02:08 +0000] "GET /api/ce/component?component=demo1 HTTP/1.1" 200 12 "http://localhost:9000/dashboard?id=demo1" "Mozilla/5.0 (Windows NT 10.0; Win64; x64) AppleWebKit/537.36 (KHTML, like Gecko) Chrome/78.0.3904.108 Safari/537.36" "AW6dtXzs5FoEaY0cAACk"
127.0.0.1 - - [24/Nov/2019:14:02:10 +0000] "POST /api/ce/submit?projectKey=demo1&projectName=demo1 HTTP/1.1" 200 44 "-" "ScannerMaven/3.7.0.1746/3.6.0" "AW6dtXzs5FoEaY0cAACl"
0:0:0:0:0:0:0:1 - - [24/Nov/2019:14:02:11 +0000] "GET /api/ce/component?component=demo1 HTTP/1.1" 200 318 "http://localhost:9000/dashboard?id=demo1" "Mozilla/5.0 (Windows NT 10.0; Win64; x64) AppleWebKit/537.36 (KHTML, like Gecko) Chrome/78.0.3904.108 Safari/537.36" "AW6dtXzs5FoEaY0cAACm"
0:0:0:0:0:0:0:1 - - [24/Nov/2019:14:02:14 +0000] "GET /api/ce/component?component=demo1 HTTP/1.1" 200 384 "http://localhost:9000/dashboard?id=demo1" "Mozilla/5.0 (Windows NT 10.0; Win64; x64) AppleWebKit/537.36 (KHTML, like Gecko) Chrome/78.0.3904.108 Safari/537.36" "AW6dtXzs5FoEaY0cAACn"
0:0:0:0:0:0:0:1 - - [24/Nov/2019:14:02:14 +0000] "GET /api/components/show?component=demo1 HTTP/1.1" 200 147 "http://localhost:9000/dashboard?id=demo1" "Mozilla/5.0 (Windows NT 10.0; Win64; x64) AppleWebKit/537.36 (KHTML, like Gecko) Chrome/78.0.3904.108 Safari/537.36" "AW6dtXzs5FoEaY0cAACp"
0:0:0:0:0:0:0:1 - - [24/Nov/2019:14:02:14 +0000] "GET /api/navigation/component?component=demo1 HTTP/1.1" 200 638 "http://localhost:9000/dashboard?id=demo1" "Mozilla/5.0 (Windows NT 10.0; Win64; x64) AppleWebKit/537.36 (KHTML, like Gecko) Chrome/78.0.3904.108 Safari/537.36" "AW6dtXzs5FoEaY0cAACo"
0:0:0:0:0:0:0:1 - - [24/Nov/2019:14:02:14 +0000] "GET /api/project_pull_requests/list?project=demo1 HTTP/1.1" 200 19 "http://localhost:9000/dashboard?id=demo1" "Mozilla/5.0 (Windows NT 10.0; Win64; x64) AppleWebKit/537.36 (KHTML, like Gecko) Chrome/78.0.3904.108 Safari/537.36" "AW6dtXzs5FoEaY0cAACr"
0:0:0:0:0:0:0:1 - - [24/Nov/2019:14:02:14 +0000] "GET /api/project_branches/list?project=demo1 HTTP/1.1" 200 72 "http://localhost:9000/dashboard?id=demo1" "Mozilla/5.0 (Windows NT 10.0; Win64; x64) AppleWebKit/537.36 (KHTML, like Gecko) Chrome/78.0.3904.108 Safari/537.36" "AW6dtXzs5FoEaY0cAACq"
0:0:0:0:0:0:0:1 - - [24/Nov/2019:14:02:14 +0000] "GET /api/ce/analysis_status?component=demo1 HTTP/1.1" 200 96 "http://localhost:9000/dashboard?id=demo1" "Mozilla/5.0 (Windows NT 10.0; Win64; x64) AppleWebKit/537.36 (KHTML, like Gecko) Chrome/78.0.3904.108 Safari/537.36" "AW6dtXzs5FoEaY0cAACt"
0:0:0:0:0:0:0:1 - - [24/Nov/2019:14:02:14 +0000] "GET /api/ce/component?component=demo1 HTTP/1.1" 200 384 "http://localhost:9000/dashboard?id=demo1" "Mozilla/5.0 (Windows NT 10.0; Win64; x64) AppleWebKit/537.36 (KHTML, like Gecko) Chrome/78.0.3904.108 Safari/537.36" "AW6dtXzs5FoEaY0cAACs"
0:0:0:0:0:0:0:1 - - [24/Nov/2019:14:02:14 +0000] "GET /api/project_links/search?projectKey=demo1 HTTP/1.1" 200 12 "http://localhost:9000/dashboard?id=demo1" "Mozilla/5.0 (Windows NT 10.0; Win64; x64) AppleWebKit/537.36 (KHTML, like Gecko) Chrome/78.0.3904.108 Safari/537.36" "AW6dtXzs5FoEaY0cAACu"
0:0:0:0:0:0:0:1 - - [24/Nov/2019:14:02:17 +0000] "GET /api/ce/component?component=demo1 HTTP/1.1" 200 384 "http://localhost:9000/dashboard?id=demo1" "Mozilla/5.0 (Windows NT 10.0; Win64; x64) AppleWebKit/537.36 (KHTML, like Gecko) Chrome/78.0.3904.108 Safari/537.36" "AW6dtXzs5FoEaY0cAACv"
0:0:0:0:0:0:0:1 - - [24/Nov/2019:14:02:20 +0000] "GET /api/ce/component?component=demo1 HTTP/1.1" 200 509 "http://localhost:9000/dashboard?id=demo1" "Mozilla/5.0 (Windows NT 10.0; Win64; x64) AppleWebKit/537.36 (KHTML, like Gecko) Chrome/78.0.3904.108 Safari/537.36" "AW6dtXzs5FoEaY0cAACw"
0:0:0:0:0:0:0:1 - - [24/Nov/2019:14:02:20 +0000] "GET /api/user_tokens/search?login=admin HTTP/1.1" 200 136 "http://localhost:9000/dashboard?id=demo1" "Mozilla/5.0 (Windows NT 10.0; Win64; x64) AppleWebKit/537.36 (KHTML, like Gecko) Chrome/78.0.3904.108 Safari/537.36" "AW6dtXzs5FoEaY0cAACx"
0:0:0:0:0:0:0:1 - - [24/Nov/2019:14:02:20 +0000] "GET /api/components/show?component=demo1 HTTP/1.1" 200 207 "http://localhost:9000/dashboard?id=demo1" "Mozilla/5.0 (Windows NT 10.0; Win64; x64) AppleWebKit/537.36 (KHTML, like Gecko) Chrome/78.0.3904.108 Safari/537.36" "AW6dtXzs5FoEaY0cAACy"
0:0:0:0:0:0:0:1 - - [24/Nov/2019:14:02:20 +0000] "GET /api/navigation/component?component=demo1 HTTP/1.1" 200 864 "http://localhost:9000/dashboard?id=demo1" "Mozilla/5.0 (Windows NT 10.0; Win64; x64) AppleWebKit/537.36 (KHTML, like Gecko) Chrome/78.0.3904.108 Safari/537.36" "AW6dtXzs5FoEaY0cAACz"
0:0:0:0:0:0:0:1 - - [24/Nov/2019:14:02:20 +0000] "GET /api/project_pull_requests/list?project=demo1 HTTP/1.1" 200 19 "http://localhost:9000/dashboard?id=demo1" "Mozilla/5.0 (Windows NT 10.0; Win64; x64) AppleWebKit/537.36 (KHTML, like Gecko) Chrome/78.0.3904.108 Safari/537.36" "AW6dtXzs5FoEaY0cAAC1"
0:0:0:0:0:0:0:1 - - [24/Nov/2019:14:02:20 +0000] "GET /api/project_branches/list?project=demo1 HTTP/1.1" 200 138 "http://localhost:9000/dashboard?id=demo1" "Mozilla/5.0 (Windows NT 10.0; Win64; x64) AppleWebKit/537.36 (KHTML, like Gecko) Chrome/78.0.3904.108 Safari/537.36" "AW6dtXzs5FoEaY0cAAC0"
0:0:0:0:0:0:0:1 - - [24/Nov/2019:14:02:20 +0000] "GET /api/ce/analysis_status?component=demo1 HTTP/1.1" 200 275 "http://localhost:9000/dashboard?id=demo1" "Mozilla/5.0 (Windows NT 10.0; Win64; x64) AppleWebKit/537.36 (KHTML, like Gecko) Chrome/78.0.3904.108 Safari/537.36" "AW6dtXzs5FoEaY0cAAC3"
0:0:0:0:0:0:0:1 - - [24/Nov/2019:14:02:20 +0000] "GET /api/metrics/search?ps=500 HTTP/1.1" 200 - "http://localhost:9000/dashboard?id=demo1" "Mozilla/5.0 (Windows NT 10.0; Win64; x64) AppleWebKit/537.36 (KHTML, like Gecko) Chrome/78.0.3904.108 Safari/537.36" "AW6dtXzs5FoEaY0cAAC4"
0:0:0:0:0:0:0:1 - - [24/Nov/2019:14:02:20 +0000] "GET /api/ce/component?component=demo1 HTTP/1.1" 200 509 "http://localhost:9000/dashboard?id=demo1" "Mozilla/5.0 (Windows NT 10.0; Win64; x64) AppleWebKit/537.36 (KHTML, like Gecko) Chrome/78.0.3904.108 Safari/537.36" "AW6dtXzs5FoEaY0cAAC2"
0:0:0:0:0:0:0:1 - - [24/Nov/2019:14:02:20 +0000] "GET /api/measures/component?additionalFields=metrics%2Cperiods&component=demo1&metricKeys=alert_status%2Cquality_gate_details%2Cbugs%2Cnew_bugs%2Creliability_rating%2Cnew_reliability_rating%2Cvulnerabilities%2Cnew_vulnerabilities%2Csecurity_rating%2Cnew_security_rating%2Csecurity_hotspots%2Cnew_security_hotspots%2Ccode_smells%2Cnew_code_smells%2Csqale_rating%2Cnew_maintainability_rating%2Csqale_index%2Cnew_technical_debt%2Ccoverage%2Cnew_coverage%2Cnew_lines_to_cover%2Ctests%2Cduplicated_lines_density%2Cnew_duplicated_lines_density%2Cduplicated_blocks%2Cncloc%2Cncloc_language_distribution%2Cprojects%2Cnew_lines HTTP/1.1" 200 - "http://localhost:9000/dashboard?id=demo1" "Mozilla/5.0 (Windows NT 10.0; Win64; x64) AppleWebKit/537.36 (KHTML, like Gecko) Chrome/78.0.3904.108 Safari/537.36" "AW6dtXzs5FoEaY0cAAC5"
0:0:0:0:0:0:0:1 - - [24/Nov/2019:14:02:20 +0000] "GET /api/project_links/search?projectKey=demo1 HTTP/1.1" 200 12 "http://localhost:9000/dashboard?id=demo1" "Mozilla/5.0 (Windows NT 10.0; Win64; x64) AppleWebKit/537.36 (KHTML, like Gecko) Chrome/78.0.3904.108 Safari/537.36" "AW6dtXzs5FoEaY0cAAC9"
0:0:0:0:0:0:0:1 - - [24/Nov/2019:14:02:20 +0000] "GET /api/rules/search?activation=true&ps=1&qprofile=AW6dtUV9LCpBc9rm--Zz&statuses=DEPRECATED HTTP/1.1" 200 35 "http://localhost:9000/dashboard?id=demo1" "Mozilla/5.0 (Windows NT 10.0; Win64; x64) AppleWebKit/537.36 (KHTML, like Gecko) Chrome/78.0.3904.108 Safari/537.36" "AW6dtXzs5FoEaY0cAAC8"
0:0:0:0:0:0:0:1 - - [24/Nov/2019:14:02:20 +0000] "GET /api/rules/search?activation=true&ps=1&qprofile=AW6dtUB2LCpBc9rm--Ss&statuses=DEPRECATED HTTP/1.1" 200 35 "http://localhost:9000/dashboard?id=demo1" "Mozilla/5.0 (Windows NT 10.0; Win64; x64) AppleWebKit/537.36 (KHTML, like Gecko) Chrome/78.0.3904.108 Safari/537.36" "AW6dtXzs5FoEaY0cAAC7"
0:0:0:0:0:0:0:1 - - [24/Nov/2019:14:02:20 +0000] "GET /js/340.m.809952d6.chunk.js HTTP/1.1" 200 - "http://localhost:9000/dashboard?id=demo1" "Mozilla/5.0 (Windows NT 10.0; Win64; x64) AppleWebKit/537.36 (KHTML, like Gecko) Chrome/78.0.3904.108 Safari/537.36" "AW6dtXzs5FoEaY0cAAC+"
0:0:0:0:0:0:0:1 - - [24/Nov/2019:14:02:20 +0000] "GET /api/measures/search_history?component=demo1&metrics=bugs%2Cvulnerabilities%2Csqale_index%2Cduplicated_lines_density%2Cncloc%2Ccoverage%2Ccode_smells&ps=1000 HTTP/1.1" 200 674 "http://localhost:9000/dashboard?id=demo1" "Mozilla/5.0 (Windows NT 10.0; Win64; x64) AppleWebKit/537.36 (KHTML, like Gecko) Chrome/78.0.3904.108 Safari/537.36" "AW6dtXzs5FoEaY0cAAC/"
0:0:0:0:0:0:0:1 - - [24/Nov/2019:14:02:20 +0000] "GET /api/project_analyses/search?project=demo1&ps=3 HTTP/1.1" 200 320 "http://localhost:9000/dashboard?id=demo1" "Mozilla/5.0 (Windows NT 10.0; Win64; x64) AppleWebKit/537.36 (KHTML, like Gecko) Chrome/78.0.3904.108 Safari/537.36" "AW6dtXzs5FoEaY0cAAC6"
0:0:0:0:0:0:0:1 - - [24/Nov/2019:14:02:37 +0000] "GET /api/components/search_projects?filter=isFavorite&ps=1 HTTP/1.1" 200 96 "http://localhost:9000/projects" "Mozilla/5.0 (Windows NT 10.0; Win64; x64) AppleWebKit/537.36 (KHTML, like Gecko) Chrome/78.0.3904.108 Safari/537.36" "AW6dtXzs5FoEaY0cAADA"
0:0:0:0:0:0:0:1 - - [24/Nov/2019:14:02:37 +0000] "GET /api/components/search_projects?ps=50&facets=reliability_rating%2Csecurity_rating%2Csqale_rating%2Ccoverage%2Cduplicated_lines_density%2Cncloc%2Calert_status%2Clanguages%2Ctags&f=analysisDate%2CleakPeriodDate HTTP/1.1" 200 - "http://localhost:9000/projects" "Mozilla/5.0 (Windows NT 10.0; Win64; x64) AppleWebKit/537.36 (KHTML, like Gecko) Chrome/78.0.3904.108 Safari/537.36" "AW6dtXzs5FoEaY0cAADB"
0:0:0:0:0:0:0:1 - - [24/Nov/2019:14:02:37 +0000] "GET /api/measures/search?projectKeys=demo1&metricKeys=alert_status%2Cbugs%2Creliability_rating%2Cvulnerabilities%2Csecurity_rating%2Ccode_smells%2Csqale_rating%2Cduplicated_lines_density%2Ccoverage%2Cncloc%2Cncloc_language_distribution HTTP/1.1" 200 846 "http://localhost:9000/projects" "Mozilla/5.0 (Windows NT 10.0; Win64; x64) AppleWebKit/537.36 (KHTML, like Gecko) Chrome/78.0.3904.108 Safari/537.36" "AW6dtXzs5FoEaY0cAADC"
0:0:0:0:0:0:0:1 - - [24/Nov/2019:14:02:37 +0000] "GET /api/organizations/search?organizations=default-organization HTTP/1.1" 200 186 "http://localhost:9000/projects" "Mozilla/5.0 (Windows NT 10.0; Win64; x64) AppleWebKit/537.36 (KHTML, like Gecko) Chrome/78.0.3904.108 Safari/537.36" "AW6dtXzs5FoEaY0cAADD"
0:0:0:0:0:0:0:1 - - [24/Nov/2019:14:02:54 +0000] "GET /api/components/show?component=demo1 HTTP/1.1" 200 207 "http://localhost:9000/projects/create" "Mozilla/5.0 (Windows NT 10.0; Win64; x64) AppleWebKit/537.36 (KHTML, like Gecko) Chrome/78.0.3904.108 Safari/537.36" "AW6dtXzs5FoEaY0cAADE"
0:0:0:0:0:0:0:1 - - [24/Nov/2019:14:02:55 +0000] "GET /api/components/show?component=demo2 HTTP/1.1" 404 54 "http://localhost:9000/projects/create" "Mozilla/5.0 (Windows NT 10.0; Win64; x64) AppleWebKit/537.36 (KHTML, like Gecko) Chrome/78.0.3904.108 Safari/537.36" "AW6dtXzs5FoEaY0cAADF"
0:0:0:0:0:0:0:1 - - [24/Nov/2019:14:02:57 +0000] "POST /api/projects/create HTTP/1.1" 200 82 "http://localhost:9000/projects/create" "Mozilla/5.0 (Windows NT 10.0; Win64; x64) AppleWebKit/537.36 (KHTML, like Gecko) Chrome/78.0.3904.108 Safari/537.36" "AW6dtXzs5FoEaY0cAADG"
0:0:0:0:0:0:0:1 - - [24/Nov/2019:14:02:57 +0000] "GET /api/components/show?component=demo2 HTTP/1.1" 200 147 "http://localhost:9000/dashboard?id=demo2" "Mozilla/5.0 (Windows NT 10.0; Win64; x64) AppleWebKit/537.36 (KHTML, like Gecko) Chrome/78.0.3904.108 Safari/537.36" "AW6dtXzs5FoEaY0cAADI"
0:0:0:0:0:0:0:1 - - [24/Nov/2019:14:02:57 +0000] "GET /api/navigation/component?component=demo2 HTTP/1.1" 200 638 "http://localhost:9000/dashboard?id=demo2" "Mozilla/5.0 (Windows NT 10.0; Win64; x64) AppleWebKit/537.36 (KHTML, like Gecko) Chrome/78.0.3904.108 Safari/537.36" "AW6dtXzs5FoEaY0cAADH"
0:0:0:0:0:0:0:1 - - [24/Nov/2019:14:02:57 +0000] "GET /api/project_pull_requests/list?project=demo2 HTTP/1.1" 200 19 "http://localhost:9000/dashboard?id=demo2" "Mozilla/5.0 (Windows NT 10.0; Win64; x64) AppleWebKit/537.36 (KHTML, like Gecko) Chrome/78.0.3904.108 Safari/537.36" "AW6dtXzs5FoEaY0cAADK"
0:0:0:0:0:0:0:1 - - [24/Nov/2019:14:02:57 +0000] "GET /api/project_branches/list?project=demo2 HTTP/1.1" 200 72 "http://localhost:9000/dashboard?id=demo2" "Mozilla/5.0 (Windows NT 10.0; Win64; x64) AppleWebKit/537.36 (KHTML, like Gecko) Chrome/78.0.3904.108 Safari/537.36" "AW6dtXzs5FoEaY0cAADJ"
0:0:0:0:0:0:0:1 - - [24/Nov/2019:14:02:57 +0000] "GET /api/ce/analysis_status?component=demo2 HTTP/1.1" 200 96 "http://localhost:9000/dashboard?id=demo2" "Mozilla/5.0 (Windows NT 10.0; Win64; x64) AppleWebKit/537.36 (KHTML, like Gecko) Chrome/78.0.3904.108 Safari/537.36" "AW6dtXzs5FoEaY0cAADM"
0:0:0:0:0:0:0:1 - - [24/Nov/2019:14:02:57 +0000] "GET /api/ce/component?component=demo2 HTTP/1.1" 200 12 "http://localhost:9000/dashboard?id=demo2" "Mozilla/5.0 (Windows NT 10.0; Win64; x64) AppleWebKit/537.36 (KHTML, like Gecko) Chrome/78.0.3904.108 Safari/537.36" "AW6dtXzs5FoEaY0cAADL"
0:0:0:0:0:0:0:1 - - [24/Nov/2019:14:02:57 +0000] "GET /api/project_links/search?projectKey=demo2 HTTP/1.1" 200 12 "http://localhost:9000/dashboard?id=demo2" "Mozilla/5.0 (Windows NT 10.0; Win64; x64) AppleWebKit/537.36 (KHTML, like Gecko) Chrome/78.0.3904.108 Safari/537.36" "AW6dtXzs5FoEaY0cAADO"
0:0:0:0:0:0:0:1 - - [24/Nov/2019:14:02:57 +0000] "GET /api/user_tokens/search?login=admin HTTP/1.1" 200 136 "http://localhost:9000/dashboard?id=demo2" "Mozilla/5.0 (Windows NT 10.0; Win64; x64) AppleWebKit/537.36 (KHTML, like Gecko) Chrome/78.0.3904.108 Safari/537.36" "AW6dtXzs5FoEaY0cAADN"
0:0:0:0:0:0:0:1 - - [24/Nov/2019:14:03:00 +0000] "POST /api/user_tokens/generate HTTP/1.1" 200 122 "http://localhost:9000/dashboard?id=demo2" "Mozilla/5.0 (Windows NT 10.0; Win64; x64) AppleWebKit/537.36 (KHTML, like Gecko) Chrome/78.0.3904.108 Safari/537.36" "AW6dtXzs5FoEaY0cAADP"
0:0:0:0:0:0:0:1 - - [24/Nov/2019:14:03:00 +0000] "GET /api/ce/component?component=demo2 HTTP/1.1" 200 12 "http://localhost:9000/dashboard?id=demo2" "Mozilla/5.0 (Windows NT 10.0; Win64; x64) AppleWebKit/537.36 (KHTML, like Gecko) Chrome/78.0.3904.108 Safari/537.36" "AW6dtXzs5FoEaY0cAADQ"
0:0:0:0:0:0:0:1 - - [24/Nov/2019:14:03:03 +0000] "GET /api/ce/component?component=demo2 HTTP/1.1" 200 12 "http://localhost:9000/dashboard?id=demo2" "Mozilla/5.0 (Windows NT 10.0; Win64; x64) AppleWebKit/537.36 (KHTML, like Gecko) Chrome/78.0.3904.108 Safari/537.36" "AW6dtXzs5FoEaY0cAADR"
0:0:0:0:0:0:0:1 - - [24/Nov/2019:14:03:06 +0000] "GET /api/ce/component?component=demo2 HTTP/1.1" 200 12 "http://localhost:9000/dashboard?id=demo2" "Mozilla/5.0 (Windows NT 10.0; Win64; x64) AppleWebKit/537.36 (KHTML, like Gecko) Chrome/78.0.3904.108 Safari/537.36" "AW6dtXzs5FoEaY0cAADS"
0:0:0:0:0:0:0:1 - - [24/Nov/2019:14:03:09 +0000] "GET /api/ce/component?component=demo2 HTTP/1.1" 200 12 "http://localhost:9000/dashboard?id=demo2" "Mozilla/5.0 (Windows NT 10.0; Win64; x64) AppleWebKit/537.36 (KHTML, like Gecko) Chrome/78.0.3904.108 Safari/537.36" "AW6dtXzs5FoEaY0cAADT"
127.0.0.1 - - [24/Nov/2019:14:03:11 +0000] "GET /batch/index HTTP/1.1" 200 - "-" "ScannerMaven/3.7.0.1746/3.6.0" "AW6dtXzs5FoEaY0cAADU"
127.0.0.1 - - [24/Nov/2019:14:03:11 +0000] "GET /api/settings/values.protobuf HTTP/1.1" 200 5006 "-" "ScannerMaven/3.7.0.1746/3.6.0" "AW6dtXzs5FoEaY0cAADV"
127.0.0.1 - - [24/Nov/2019:14:03:11 +0000] "GET /api/plugins/installed HTTP/1.1" 200 - "-" "ScannerMaven/3.7.0.1746/3.6.0" "AW6dtXzs5FoEaY0cAADW"
127.0.0.1 - - [24/Nov/2019:14:03:12 +0000] "GET /api/settings/values.protobuf?component=demo2 HTTP/1.1" 200 5010 "-" "ScannerMaven/3.7.0.1746/3.6.0" "AW6dtXzs5FoEaY0cAADX"
127.0.0.1 - - [24/Nov/2019:14:03:12 +0000] "GET /api/qualityprofiles/search.protobuf?projectKey=demo2 HTTP/1.1" 200 1964 "-" "ScannerMaven/3.7.0.1746/3.6.0" "AW6dtXzs5FoEaY0cAADY"
127.0.0.1 - - [24/Nov/2019:14:03:12 +0000] "GET /api/rules/search.protobuf?f=repo,name,severity,lang,internalKey,templateKey,params,actives,createdAt,updatedAt&activation=true&qprofile=AW6dtTV4LCpBc9rm-93s&ps=500&p=1 HTTP/1.1" 200 5447 "-" "ScannerMaven/3.7.0.1746/3.6.0" "AW6dtXzs5FoEaY0cAADZ"
127.0.0.1 - - [24/Nov/2019:14:03:12 +0000] "GET /api/rules/search.protobuf?f=repo,name,severity,lang,internalKey,templateKey,params,actives,createdAt,updatedAt&activation=true&qprofile=AW6dtTaELCpBc9rm-94i&ps=500&p=1 HTTP/1.1" 200 7603 "-" "ScannerMaven/3.7.0.1746/3.6.0" "AW6dtXzs5FoEaY0cAADa"
127.0.0.1 - - [24/Nov/2019:14:03:12 +0000] "GET /api/rules/search.protobuf?f=repo,name,severity,lang,internalKey,templateKey,params,actives,createdAt,updatedAt&activation=true&qprofile=AW6dtTeSLCpBc9rm-95B&ps=500&p=1 HTTP/1.1" 200 11 "-" "ScannerMaven/3.7.0.1746/3.6.0" "AW6dtXzs5FoEaY0cAADb"
127.0.0.1 - - [24/Nov/2019:14:03:12 +0000] "GET /api/rules/search.protobuf?f=repo,name,severity,lang,internalKey,templateKey,params,actives,createdAt,updatedAt&activation=true&qprofile=AW6dtTi7LCpBc9rm-96c&ps=500&p=1 HTTP/1.1" 200 6187 "-" "ScannerMaven/3.7.0.1746/3.6.0" "AW6dtXzs5FoEaY0cAADc"
127.0.0.1 - - [24/Nov/2019:14:03:12 +0000] "GET /api/rules/search.protobuf?f=repo,name,severity,lang,internalKey,templateKey,params,actives,createdAt,updatedAt&activation=true&qprofile=AW6dtTenLCpBc9rm-95i&ps=500&p=1 HTTP/1.1" 200 8092 "-" "ScannerMaven/3.7.0.1746/3.6.0" "AW6dtXzs5FoEaY0cAADd"
0:0:0:0:0:0:0:1 - - [24/Nov/2019:14:03:12 +0000] "GET /api/ce/component?component=demo2 HTTP/1.1" 200 12 "http://localhost:9000/dashboard?id=demo2" "Mozilla/5.0 (Windows NT 10.0; Win64; x64) AppleWebKit/537.36 (KHTML, like Gecko) Chrome/78.0.3904.108 Safari/537.36" "AW6dtXzs5FoEaY0cAADe"
127.0.0.1 - - [24/Nov/2019:14:03:12 +0000] "GET /api/rules/search.protobuf?f=repo,name,severity,lang,internalKey,templateKey,params,actives,createdAt,updatedAt&activation=true&qprofile=AW6dtTszLCpBc9rm--A4&ps=500&p=1 HTTP/1.1" 200 - "-" "ScannerMaven/3.7.0.1746/3.6.0" "AW6dtXzs5FoEaY0cAADf"
127.0.0.1 - - [24/Nov/2019:14:03:12 +0000] "GET /api/rules/search.protobuf?f=repo,name,severity,lang,internalKey,templateKey,params,actives,createdAt,updatedAt&activation=true&qprofile=AW6dtTx0LCpBc9rm--DR&ps=500&p=1 HTTP/1.1" 200 - "-" "ScannerMaven/3.7.0.1746/3.6.0" "AW6dtXzs5FoEaY0cAADg"
127.0.0.1 - - [24/Nov/2019:14:03:12 +0000] "GET /api/rules/search.protobuf?f=repo,name,severity,lang,internalKey,templateKey,params,actives,createdAt,updatedAt&activation=true&qprofile=AW6dtT19LCpBc9rm--Ej&ps=500&p=1 HTTP/1.1" 200 7758 "-" "ScannerMaven/3.7.0.1746/3.6.0" "AW6dtXzs5FoEaY0cAADh"
127.0.0.1 - - [24/Nov/2019:14:03:13 +0000] "GET /api/rules/search.protobuf?f=repo,name,severity,lang,internalKey,templateKey,params,actives,createdAt,updatedAt&activation=true&qprofile=AW6dtT6RLCpBc9rm--Iz&ps=500&p=1 HTTP/1.1" 200 - "-" "ScannerMaven/3.7.0.1746/3.6.0" "AW6dtXzs5FoEaY0cAADi"
127.0.0.1 - - [24/Nov/2019:14:03:13 +0000] "GET /api/rules/search.protobuf?f=repo,name,severity,lang,internalKey,templateKey,params,actives,createdAt,updatedAt&activation=true&qprofile=AW6dtUB2LCpBc9rm--Ss&ps=500&p=1 HTTP/1.1" 200 - "-" "ScannerMaven/3.7.0.1746/3.6.0" "AW6dtXzs5FoEaY0cAADj"
127.0.0.1 - - [24/Nov/2019:14:03:13 +0000] "GET /api/rules/search.protobuf?f=repo,name,severity,lang,internalKey,templateKey,params,actives,createdAt,updatedAt&activation=true&qprofile=AW6dtUNpLCpBc9rm--ZR&ps=500&p=1 HTTP/1.1" 200 6768 "-" "ScannerMaven/3.7.0.1746/3.6.0" "AW6dtXzs5FoEaY0cAADk"
127.0.0.1 - - [24/Nov/2019:14:03:13 +0000] "GET /api/rules/search.protobuf?f=repo,name,severity,lang,internalKey,templateKey,params,actives,createdAt,updatedAt&activation=true&qprofile=AW6dtUaWLCpBc9rm--ap&ps=500&p=1 HTTP/1.1" 200 - "-" "ScannerMaven/3.7.0.1746/3.6.0" "AW6dtXzs5FoEaY0cAADl"
127.0.0.1 - - [24/Nov/2019:14:03:13 +0000] "GET /api/rules/search.protobuf?f=repo,name,severity,lang,internalKey,templateKey,params,actives,createdAt,updatedAt&activation=true&qprofile=AW6dtUV9LCpBc9rm--Zz&ps=500&p=1 HTTP/1.1" 200 906 "-" "ScannerMaven/3.7.0.1746/3.6.0" "AW6dtXzs5FoEaY0cAADm"
127.0.0.1 - - [24/Nov/2019:14:03:13 +0000] "GET /api/rules/search.protobuf?f=repo,name,severity,lang,internalKey,templateKey,params,actives,createdAt,updatedAt&activation=true&qprofile=AW6dtUfnLCpBc9rm--dG&ps=500&p=1 HTTP/1.1" 200 - "-" "ScannerMaven/3.7.0.1746/3.6.0" "AW6dtXzs5FoEaY0cAADn"
127.0.0.1 - - [24/Nov/2019:14:03:13 +0000] "GET /api/rules/search.protobuf?f=repo,name,severity,lang,internalKey,templateKey,params,actives,createdAt,updatedAt&activation=true&qprofile=AW6dtUt7LCpBc9rm--ho&ps=500&p=1 HTTP/1.1" 200 - "-" "ScannerMaven/3.7.0.1746/3.6.0" "AW6dtXzs5FoEaY0cAADo"
127.0.0.1 - - [24/Nov/2019:14:03:13 +0000] "GET /api/rules/search.protobuf?f=repo,name,severity,lang,internalKey,templateKey,params,actives,createdAt,updatedAt&activation=true&qprofile=AW6dtUyaLCpBc9rm--kF&ps=500&p=1 HTTP/1.1" 200 - "-" "ScannerMaven/3.7.0.1746/3.6.0" "AW6dtXzs5FoEaY0cAADp"
127.0.0.1 - - [24/Nov/2019:14:03:14 +0000] "GET /api/metrics/search?f=name,description,direction,qualitative,custom&ps=500&p=1 HTTP/1.1" 200 - "-" "ScannerMaven/3.7.0.1746/3.6.0" "AW6dtXzs5FoEaY0cAADq"
0:0:0:0:0:0:0:1 - - [24/Nov/2019:14:03:15 +0000] "GET /api/ce/component?component=demo2 HTTP/1.1" 200 12 "http://localhost:9000/dashboard?id=demo2" "Mozilla/5.0 (Windows NT 10.0; Win64; x64) AppleWebKit/537.36 (KHTML, like Gecko) Chrome/78.0.3904.108 Safari/537.36" "AW6dtXzs5FoEaY0cAADr"
127.0.0.1 - - [24/Nov/2019:14:03:15 +0000] "GET /batch/project.protobuf?key=demo2 HTTP/1.1" 200 0 "-" "ScannerMaven/3.7.0.1746/3.6.0" "AW6dtXzs5FoEaY0cAADs"
0:0:0:0:0:0:0:1 - - [24/Nov/2019:14:03:18 +0000] "GET /api/ce/component?component=demo2 HTTP/1.1" 200 12 "http://localhost:9000/dashboard?id=demo2" "Mozilla/5.0 (Windows NT 10.0; Win64; x64) AppleWebKit/537.36 (KHTML, like Gecko) Chrome/78.0.3904.108 Safari/537.36" "AW6dtXzs5FoEaY0cAADt"
0:0:0:0:0:0:0:1 - - [24/Nov/2019:14:03:21 +0000] "GET /api/ce/component?component=demo2 HTTP/1.1" 200 12 "http://localhost:9000/dashboard?id=demo2" "Mozilla/5.0 (Windows NT 10.0; Win64; x64) AppleWebKit/537.36 (KHTML, like Gecko) Chrome/78.0.3904.108 Safari/537.36" "AW6dtXzs5FoEaY0cAADu"
0:0:0:0:0:0:0:1 - - [24/Nov/2019:14:03:24 +0000] "GET /api/ce/component?component=demo2 HTTP/1.1" 200 12 "http://localhost:9000/dashboard?id=demo2" "Mozilla/5.0 (Windows NT 10.0; Win64; x64) AppleWebKit/537.36 (KHTML, like Gecko) Chrome/78.0.3904.108 Safari/537.36" "AW6dtXzs5FoEaY0cAADv"
0:0:0:0:0:0:0:1 - - [24/Nov/2019:14:03:27 +0000] "GET /api/ce/component?component=demo2 HTTP/1.1" 200 12 "http://localhost:9000/dashboard?id=demo2" "Mozilla/5.0 (Windows NT 10.0; Win64; x64) AppleWebKit/537.36 (KHTML, like Gecko) Chrome/78.0.3904.108 Safari/537.36" "AW6dtXzs5FoEaY0cAADw"
0:0:0:0:0:0:0:1 - - [24/Nov/2019:14:03:30 +0000] "GET /api/ce/component?component=demo2 HTTP/1.1" 200 12 "http://localhost:9000/dashboard?id=demo2" "Mozilla/5.0 (Windows NT 10.0; Win64; x64) AppleWebKit/537.36 (KHTML, like Gecko) Chrome/78.0.3904.108 Safari/537.36" "AW6dtXzs5FoEaY0cAADx"
127.0.0.1 - - [24/Nov/2019:14:03:32 +0000] "POST /api/ce/submit?projectKey=demo2&projectName=demo2 HTTP/1.1" 200 44 "-" "ScannerMaven/3.7.0.1746/3.6.0" "AW6dtXzs5FoEaY0cAADy"
0:0:0:0:0:0:0:1 - - [24/Nov/2019:14:03:33 +0000] "GET /api/ce/component?component=demo2 HTTP/1.1" 200 384 "http://localhost:9000/dashboard?id=demo2" "Mozilla/5.0 (Windows NT 10.0; Win64; x64) AppleWebKit/537.36 (KHTML, like Gecko) Chrome/78.0.3904.108 Safari/537.36" "AW6dtXzs5FoEaY0cAADz"
0:0:0:0:0:0:0:1 - - [24/Nov/2019:14:03:33 +0000] "GET /api/components/show?component=demo2 HTTP/1.1" 200 147 "http://localhost:9000/dashboard?id=demo2" "Mozilla/5.0 (Windows NT 10.0; Win64; x64) AppleWebKit/537.36 (KHTML, like Gecko) Chrome/78.0.3904.108 Safari/537.36" "AW6dtXzs5FoEaY0cAAD1"
0:0:0:0:0:0:0:1 - - [24/Nov/2019:14:03:33 +0000] "GET /api/navigation/component?component=demo2 HTTP/1.1" 200 638 "http://localhost:9000/dashboard?id=demo2" "Mozilla/5.0 (Windows NT 10.0; Win64; x64) AppleWebKit/537.36 (KHTML, like Gecko) Chrome/78.0.3904.108 Safari/537.36" "AW6dtXzs5FoEaY0cAAD0"
0:0:0:0:0:0:0:1 - - [24/Nov/2019:14:03:33 +0000] "GET /api/project_pull_requests/list?project=demo2 HTTP/1.1" 200 19 "http://localhost:9000/dashboard?id=demo2" "Mozilla/5.0 (Windows NT 10.0; Win64; x64) AppleWebKit/537.36 (KHTML, like Gecko) Chrome/78.0.3904.108 Safari/537.36" "AW6dtXzs5FoEaY0cAAD3"
0:0:0:0:0:0:0:1 - - [24/Nov/2019:14:03:33 +0000] "GET /api/project_branches/list?project=demo2 HTTP/1.1" 200 72 "http://localhost:9000/dashboard?id=demo2" "Mozilla/5.0 (Windows NT 10.0; Win64; x64) AppleWebKit/537.36 (KHTML, like Gecko) Chrome/78.0.3904.108 Safari/537.36" "AW6dtXzs5FoEaY0cAAD2"
0:0:0:0:0:0:0:1 - - [24/Nov/2019:14:03:34 +0000] "GET /api/ce/analysis_status?component=demo2 HTTP/1.1" 200 96 "http://localhost:9000/dashboard?id=demo2" "Mozilla/5.0 (Windows NT 10.0; Win64; x64) AppleWebKit/537.36 (KHTML, like Gecko) Chrome/78.0.3904.108 Safari/537.36" "AW6dtXzs5FoEaY0cAAD5"
0:0:0:0:0:0:0:1 - - [24/Nov/2019:14:03:34 +0000] "GET /api/project_links/search?projectKey=demo2 HTTP/1.1" 200 12 "http://localhost:9000/dashboard?id=demo2" "Mozilla/5.0 (Windows NT 10.0; Win64; x64) AppleWebKit/537.36 (KHTML, like Gecko) Chrome/78.0.3904.108 Safari/537.36" "AW6dtXzs5FoEaY0cAAD6"
0:0:0:0:0:0:0:1 - - [24/Nov/2019:14:03:34 +0000] "GET /api/ce/component?component=demo2 HTTP/1.1" 200 384 "http://localhost:9000/dashboard?id=demo2" "Mozilla/5.0 (Windows NT 10.0; Win64; x64) AppleWebKit/537.36 (KHTML, like Gecko) Chrome/78.0.3904.108 Safari/537.36" "AW6dtXzs5FoEaY0cAAD4"
0:0:0:0:0:0:0:1 - - [24/Nov/2019:14:03:37 +0000] "GET /api/ce/component?component=demo2 HTTP/1.1" 200 384 "http://localhost:9000/dashboard?id=demo2" "Mozilla/5.0 (Windows NT 10.0; Win64; x64) AppleWebKit/537.36 (KHTML, like Gecko) Chrome/78.0.3904.108 Safari/537.36" "AW6dtXzs5FoEaY0cAAD7"
0:0:0:0:0:0:0:1 - - [24/Nov/2019:14:03:40 +0000] "GET /api/ce/component?component=demo2 HTTP/1.1" 200 509 "http://localhost:9000/dashboard?id=demo2" "Mozilla/5.0 (Windows NT 10.0; Win64; x64) AppleWebKit/537.36 (KHTML, like Gecko) Chrome/78.0.3904.108 Safari/537.36" "AW6dtXzs5FoEaY0cAAD8"
0:0:0:0:0:0:0:1 - - [24/Nov/2019:14:03:40 +0000] "GET /api/user_tokens/search?login=admin HTTP/1.1" 200 240 "http://localhost:9000/dashboard?id=demo2" "Mozilla/5.0 (Windows NT 10.0; Win64; x64) AppleWebKit/537.36 (KHTML, like Gecko) Chrome/78.0.3904.108 Safari/537.36" "AW6dtXzs5FoEaY0cAAD9"
0:0:0:0:0:0:0:1 - - [24/Nov/2019:14:03:40 +0000] "GET /api/components/show?component=demo2 HTTP/1.1" 200 207 "http://localhost:9000/dashboard?id=demo2" "Mozilla/5.0 (Windows NT 10.0; Win64; x64) AppleWebKit/537.36 (KHTML, like Gecko) Chrome/78.0.3904.108 Safari/537.36" "AW6dtXzs5FoEaY0cAAD+"
0:0:0:0:0:0:0:1 - - [24/Nov/2019:14:03:40 +0000] "GET /api/navigation/component?component=demo2 HTTP/1.1" 200 864 "http://localhost:9000/dashboard?id=demo2" "Mozilla/5.0 (Windows NT 10.0; Win64; x64) AppleWebKit/537.36 (KHTML, like Gecko) Chrome/78.0.3904.108 Safari/537.36" "AW6dtXzs5FoEaY0cAAD/"
0:0:0:0:0:0:0:1 - - [24/Nov/2019:14:03:40 +0000] "GET /api/project_pull_requests/list?project=demo2 HTTP/1.1" 200 19 "http://localhost:9000/dashboard?id=demo2" "Mozilla/5.0 (Windows NT 10.0; Win64; x64) AppleWebKit/537.36 (KHTML, like Gecko) Chrome/78.0.3904.108 Safari/537.36" "AW6dtXzs5FoEaY0cAAEA"
0:0:0:0:0:0:0:1 - - [24/Nov/2019:14:03:40 +0000] "GET /api/project_branches/list?project=demo2 HTTP/1.1" 200 138 "http://localhost:9000/dashboard?id=demo2" "Mozilla/5.0 (Windows NT 10.0; Win64; x64) AppleWebKit/537.36 (KHTML, like Gecko) Chrome/78.0.3904.108 Safari/537.36" "AW6dtXzs5FoEaY0cAAEB"
0:0:0:0:0:0:0:1 - - [24/Nov/2019:14:03:40 +0000] "GET /api/ce/analysis_status?component=demo2 HTTP/1.1" 200 96 "http://localhost:9000/dashboard?id=demo2" "Mozilla/5.0 (Windows NT 10.0; Win64; x64) AppleWebKit/537.36 (KHTML, like Gecko) Chrome/78.0.3904.108 Safari/537.36" "AW6dtXzs5FoEaY0cAAEC"
0:0:0:0:0:0:0:1 - - [24/Nov/2019:14:03:40 +0000] "GET /api/metrics/search?ps=500 HTTP/1.1" 200 - "http://localhost:9000/dashboard?id=demo2" "Mozilla/5.0 (Windows NT 10.0; Win64; x64) AppleWebKit/537.36 (KHTML, like Gecko) Chrome/78.0.3904.108 Safari/537.36" "AW6dtXzs5FoEaY0cAAEE"
0:0:0:0:0:0:0:1 - - [24/Nov/2019:14:03:40 +0000] "GET /api/ce/component?component=demo2 HTTP/1.1" 200 509 "http://localhost:9000/dashboard?id=demo2" "Mozilla/5.0 (Windows NT 10.0; Win64; x64) AppleWebKit/537.36 (KHTML, like Gecko) Chrome/78.0.3904.108 Safari/537.36" "AW6dtXzs5FoEaY0cAAED"
0:0:0:0:0:0:0:1 - - [24/Nov/2019:14:03:40 +0000] "GET /api/measures/component?additionalFields=metrics%2Cperiods&component=demo2&metricKeys=alert_status%2Cquality_gate_details%2Cbugs%2Cnew_bugs%2Creliability_rating%2Cnew_reliability_rating%2Cvulnerabilities%2Cnew_vulnerabilities%2Csecurity_rating%2Cnew_security_rating%2Csecurity_hotspots%2Cnew_security_hotspots%2Ccode_smells%2Cnew_code_smells%2Csqale_rating%2Cnew_maintainability_rating%2Csqale_index%2Cnew_technical_debt%2Ccoverage%2Cnew_coverage%2Cnew_lines_to_cover%2Ctests%2Cduplicated_lines_density%2Cnew_duplicated_lines_density%2Cduplicated_blocks%2Cncloc%2Cncloc_language_distribution%2Cprojects%2Cnew_lines HTTP/1.1" 200 - "http://localhost:9000/dashboard?id=demo2" "Mozilla/5.0 (Windows NT 10.0; Win64; x64) AppleWebKit/537.36 (KHTML, like Gecko) Chrome/78.0.3904.108 Safari/537.36" "AW6dtXzs5FoEaY0cAAEF"
0:0:0:0:0:0:0:1 - - [24/Nov/2019:14:03:40 +0000] "GET /api/project_links/search?projectKey=demo2 HTTP/1.1" 200 12 "http://localhost:9000/dashboard?id=demo2" "Mozilla/5.0 (Windows NT 10.0; Win64; x64) AppleWebKit/537.36 (KHTML, like Gecko) Chrome/78.0.3904.108 Safari/537.36" "AW6dtXzs5FoEaY0cAAEJ"
0:0:0:0:0:0:0:1 - - [24/Nov/2019:14:03:40 +0000] "GET /api/rules/search?activation=true&ps=1&qprofile=AW6dtUV9LCpBc9rm--Zz&statuses=DEPRECATED HTTP/1.1" 200 35 "http://localhost:9000/dashboard?id=demo2" "Mozilla/5.0 (Windows NT 10.0; Win64; x64) AppleWebKit/537.36 (KHTML, like Gecko) Chrome/78.0.3904.108 Safari/537.36" "AW6dtXzs5FoEaY0cAAEI"
0:0:0:0:0:0:0:1 - - [24/Nov/2019:14:03:40 +0000] "GET /api/rules/search?activation=true&ps=1&qprofile=AW6dtUB2LCpBc9rm--Ss&statuses=DEPRECATED HTTP/1.1" 200 35 "http://localhost:9000/dashboard?id=demo2" "Mozilla/5.0 (Windows NT 10.0; Win64; x64) AppleWebKit/537.36 (KHTML, like Gecko) Chrome/78.0.3904.108 Safari/537.36" "AW6dtXzs5FoEaY0cAAEH"
0:0:0:0:0:0:0:1 - - [24/Nov/2019:14:03:40 +0000] "GET /api/project_analyses/search?project=demo2&ps=3 HTTP/1.1" 200 320 "http://localhost:9000/dashboard?id=demo2" "Mozilla/5.0 (Windows NT 10.0; Win64; x64) AppleWebKit/537.36 (KHTML, like Gecko) Chrome/78.0.3904.108 Safari/537.36" "AW6dtXzs5FoEaY0cAAEG"
0:0:0:0:0:0:0:1 - - [24/Nov/2019:14:03:40 +0000] "GET /api/measures/search_history?component=demo2&metrics=bugs%2Cvulnerabilities%2Csqale_index%2Cduplicated_lines_density%2Cncloc%2Ccoverage%2Ccode_smells&ps=1000 HTTP/1.1" 200 675 "http://localhost:9000/dashboard?id=demo2" "Mozilla/5.0 (Windows NT 10.0; Win64; x64) AppleWebKit/537.36 (KHTML, like Gecko) Chrome/78.0.3904.108 Safari/537.36" "AW6dtXzs5FoEaY0cAAEK"
0:0:0:0:0:0:0:1 - - [24/Nov/2019:14:03:44 +0000] "GET /api/components/search_projects?filter=isFavorite&ps=1 HTTP/1.1" 200 96 "http://localhost:9000/projects" "Mozilla/5.0 (Windows NT 10.0; Win64; x64) AppleWebKit/537.36 (KHTML, like Gecko) Chrome/78.0.3904.108 Safari/537.36" "AW6dtXzs5FoEaY0cAAEL"
0:0:0:0:0:0:0:1 - - [24/Nov/2019:14:03:44 +0000] "GET /api/components/search_projects?ps=50&facets=reliability_rating%2Csecurity_rating%2Csqale_rating%2Ccoverage%2Cduplicated_lines_density%2Cncloc%2Calert_status%2Clanguages%2Ctags&f=analysisDate%2CleakPeriodDate HTTP/1.1" 200 - "http://localhost:9000/projects" "Mozilla/5.0 (Windows NT 10.0; Win64; x64) AppleWebKit/537.36 (KHTML, like Gecko) Chrome/78.0.3904.108 Safari/537.36" "AW6dtXzs5FoEaY0cAAEM"
0:0:0:0:0:0:0:1 - - [24/Nov/2019:14:03:44 +0000] "GET /api/organizations/search?organizations=default-organization HTTP/1.1" 200 186 "http://localhost:9000/projects" "Mozilla/5.0 (Windows NT 10.0; Win64; x64) AppleWebKit/537.36 (KHTML, like Gecko) Chrome/78.0.3904.108 Safari/537.36" "AW6dtXzs5FoEaY0cAAEN"
0:0:0:0:0:0:0:1 - - [24/Nov/2019:14:03:44 +0000] "GET /api/measures/search?projectKeys=demo1%2Cdemo2&metricKeys=alert_status%2Cbugs%2Creliability_rating%2Cvulnerabilities%2Csecurity_rating%2Ccode_smells%2Csqale_rating%2Cduplicated_lines_density%2Ccoverage%2Cncloc%2Cncloc_language_distribution HTTP/1.1" 200 - "http://localhost:9000/projects" "Mozilla/5.0 (Windows NT 10.0; Win64; x64) AppleWebKit/537.36 (KHTML, like Gecko) Chrome/78.0.3904.108 Safari/537.36" "AW6dtXzs5FoEaY0cAAEO"
0:0:0:0:0:0:0:1 - - [24/Nov/2019:14:04:19 +0000] "GET /api/components/show?component=demo1 HTTP/1.1" 200 207 "http://localhost:9000/dashboard?id=demo1" "Mozilla/5.0 (Windows NT 10.0; Win64; x64) AppleWebKit/537.36 (KHTML, like Gecko) Chrome/78.0.3904.108 Safari/537.36" "AW6dtXzs5FoEaY0cAAEP"
0:0:0:0:0:0:0:1 - - [24/Nov/2019:14:04:19 +0000] "GET /api/navigation/component?component=demo1 HTTP/1.1" 200 864 "http://localhost:9000/dashboard?id=demo1" "Mozilla/5.0 (Windows NT 10.0; Win64; x64) AppleWebKit/537.36 (KHTML, like Gecko) Chrome/78.0.3904.108 Safari/537.36" "AW6dtXzs5FoEaY0cAAEQ"
0:0:0:0:0:0:0:1 - - [24/Nov/2019:14:04:19 +0000] "GET /api/project_pull_requests/list?project=demo1 HTTP/1.1" 200 19 "http://localhost:9000/dashboard?id=demo1" "Mozilla/5.0 (Windows NT 10.0; Win64; x64) AppleWebKit/537.36 (KHTML, like Gecko) Chrome/78.0.3904.108 Safari/537.36" "AW6dtXzs5FoEaY0cAAER"
0:0:0:0:0:0:0:1 - - [24/Nov/2019:14:04:19 +0000] "GET /api/project_branches/list?project=demo1 HTTP/1.1" 200 138 "http://localhost:9000/dashboard?id=demo1" "Mozilla/5.0 (Windows NT 10.0; Win64; x64) AppleWebKit/537.36 (KHTML, like Gecko) Chrome/78.0.3904.108 Safari/537.36" "AW6dtXzs5FoEaY0cAAES"
0:0:0:0:0:0:0:1 - - [24/Nov/2019:14:04:19 +0000] "GET /api/ce/analysis_status?component=demo1 HTTP/1.1" 200 275 "http://localhost:9000/dashboard?id=demo1" "Mozilla/5.0 (Windows NT 10.0; Win64; x64) AppleWebKit/537.36 (KHTML, like Gecko) Chrome/78.0.3904.108 Safari/537.36" "AW6dtXzs5FoEaY0cAAET"
0:0:0:0:0:0:0:1 - - [24/Nov/2019:14:04:19 +0000] "GET /api/ce/component?component=demo1 HTTP/1.1" 200 509 "http://localhost:9000/dashboard?id=demo1" "Mozilla/5.0 (Windows NT 10.0; Win64; x64) AppleWebKit/537.36 (KHTML, like Gecko) Chrome/78.0.3904.108 Safari/537.36" "AW6dtXzs5FoEaY0cAAEU"
0:0:0:0:0:0:0:1 - - [24/Nov/2019:14:04:19 +0000] "GET /api/metrics/search?ps=500 HTTP/1.1" 200 - "http://localhost:9000/dashboard?id=demo1" "Mozilla/5.0 (Windows NT 10.0; Win64; x64) AppleWebKit/537.36 (KHTML, like Gecko) Chrome/78.0.3904.108 Safari/537.36" "AW6dtXzs5FoEaY0cAAEV"
0:0:0:0:0:0:0:1 - - [24/Nov/2019:14:04:19 +0000] "GET /api/measures/component?additionalFields=metrics%2Cperiods&component=demo1&metricKeys=alert_status%2Cquality_gate_details%2Cbugs%2Cnew_bugs%2Creliability_rating%2Cnew_reliability_rating%2Cvulnerabilities%2Cnew_vulnerabilities%2Csecurity_rating%2Cnew_security_rating%2Csecurity_hotspots%2Cnew_security_hotspots%2Ccode_smells%2Cnew_code_smells%2Csqale_rating%2Cnew_maintainability_rating%2Csqale_index%2Cnew_technical_debt%2Ccoverage%2Cnew_coverage%2Cnew_lines_to_cover%2Ctests%2Cduplicated_lines_density%2Cnew_duplicated_lines_density%2Cduplicated_blocks%2Cncloc%2Cncloc_language_distribution%2Cprojects%2Cnew_lines HTTP/1.1" 200 - "http://localhost:9000/dashboard?id=demo1" "Mozilla/5.0 (Windows NT 10.0; Win64; x64) AppleWebKit/537.36 (KHTML, like Gecko) Chrome/78.0.3904.108 Safari/537.36" "AW6dtXzs5FoEaY0cAAEW"
0:0:0:0:0:0:0:1 - - [24/Nov/2019:14:04:19 +0000] "GET /api/project_links/search?projectKey=demo1 HTTP/1.1" 200 12 "http://localhost:9000/dashboard?id=demo1" "Mozilla/5.0 (Windows NT 10.0; Win64; x64) AppleWebKit/537.36 (KHTML, like Gecko) Chrome/78.0.3904.108 Safari/537.36" "AW6dtXzs5FoEaY0cAAEa"
0:0:0:0:0:0:0:1 - - [24/Nov/2019:14:04:19 +0000] "GET /api/rules/search?activation=true&ps=1&qprofile=AW6dtUV9LCpBc9rm--Zz&statuses=DEPRECATED HTTP/1.1" 200 35 "http://localhost:9000/dashboard?id=demo1" "Mozilla/5.0 (Windows NT 10.0; Win64; x64) AppleWebKit/537.36 (KHTML, like Gecko) Chrome/78.0.3904.108 Safari/537.36" "AW6dtXzs5FoEaY0cAAEZ"
0:0:0:0:0:0:0:1 - - [24/Nov/2019:14:04:19 +0000] "GET /api/rules/search?activation=true&ps=1&qprofile=AW6dtUB2LCpBc9rm--Ss&statuses=DEPRECATED HTTP/1.1" 200 35 "http://localhost:9000/dashboard?id=demo1" "Mozilla/5.0 (Windows NT 10.0; Win64; x64) AppleWebKit/537.36 (KHTML, like Gecko) Chrome/78.0.3904.108 Safari/537.36" "AW6dtXzs5FoEaY0cAAEY"
0:0:0:0:0:0:0:1 - - [24/Nov/2019:14:04:19 +0000] "GET /api/project_analyses/search?project=demo1&ps=3 HTTP/1.1" 200 320 "http://localhost:9000/dashboard?id=demo1" "Mozilla/5.0 (Windows NT 10.0; Win64; x64) AppleWebKit/537.36 (KHTML, like Gecko) Chrome/78.0.3904.108 Safari/537.36" "AW6dtXzs5FoEaY0cAAEX"
0:0:0:0:0:0:0:1 - - [24/Nov/2019:14:04:19 +0000] "GET /api/measures/search_history?component=demo1&metrics=bugs%2Cvulnerabilities%2Csqale_index%2Cduplicated_lines_density%2Cncloc%2Ccoverage%2Ccode_smells&ps=1000 HTTP/1.1" 200 674 "http://localhost:9000/dashboard?id=demo1" "Mozilla/5.0 (Windows NT 10.0; Win64; x64) AppleWebKit/537.36 (KHTML, like Gecko) Chrome/78.0.3904.108 Safari/537.36" "AW6dtXzs5FoEaY0cAAEb"
