2019.11.25 10:52:18 WARN  es[][o.e.b.JNANatives] unable to install syscall filter: 
java.lang.UnsupportedOperationException: seccomp unavailable: CONFIG_SECCOMP not compiled into kernel, CONFIG_SECCOMP and CONFIG_SECCOMP_FILTER are needed
	at org.elasticsearch.bootstrap.SystemCallFilter.linuxImpl(SystemCallFilter.java:342) ~[elasticsearch-6.8.0.jar:6.8.0]
	at org.elasticsearch.bootstrap.SystemCallFilter.init(SystemCallFilter.java:617) ~[elasticsearch-6.8.0.jar:6.8.0]
	at org.elasticsearch.bootstrap.JNANatives.tryInstallSystemCallFilter(JNANatives.java:260) [elasticsearch-6.8.0.jar:6.8.0]
	at org.elasticsearch.bootstrap.Natives.tryInstallSystemCallFilter(Natives.java:113) [elasticsearch-6.8.0.jar:6.8.0]
	at org.elasticsearch.bootstrap.Bootstrap.initializeNatives(Bootstrap.java:108) [elasticsearch-6.8.0.jar:6.8.0]
	at org.elasticsearch.bootstrap.Bootstrap.setup(Bootstrap.java:170) [elasticsearch-6.8.0.jar:6.8.0]
	at org.elasticsearch.bootstrap.Bootstrap.init(Bootstrap.java:333) [elasticsearch-6.8.0.jar:6.8.0]
	at org.elasticsearch.bootstrap.Elasticsearch.init(Elasticsearch.java:159) [elasticsearch-6.8.0.jar:6.8.0]
	at org.elasticsearch.bootstrap.Elasticsearch.execute(Elasticsearch.java:150) [elasticsearch-6.8.0.jar:6.8.0]
	at org.elasticsearch.cli.EnvironmentAwareCommand.execute(EnvironmentAwareCommand.java:86) [elasticsearch-6.8.0.jar:6.8.0]
	at org.elasticsearch.cli.Command.mainWithoutErrorHandling(Command.java:124) [elasticsearch-cli-6.8.0.jar:6.8.0]
	at org.elasticsearch.cli.Command.main(Command.java:90) [elasticsearch-cli-6.8.0.jar:6.8.0]
	at org.elasticsearch.bootstrap.Elasticsearch.main(Elasticsearch.java:116) [elasticsearch-6.8.0.jar:6.8.0]
	at org.elasticsearch.bootstrap.Elasticsearch.main(Elasticsearch.java:93) [elasticsearch-6.8.0.jar:6.8.0]
2019.11.25 10:52:19 INFO  es[][o.e.e.NodeEnvironment] using [1] data paths, mounts [[/mnt/c (C:\)]], net usable_space [256gb], net total_space [464.1gb], types [drvfs]
2019.11.25 10:52:19 INFO  es[][o.e.e.NodeEnvironment] heap size [494.9mb], compressed ordinary object pointers [true]
2019.11.25 10:52:19 INFO  es[][o.e.n.Node] node name [sonarqube], node ID [xq81KsTpQMW8yAFOku5g5g]
2019.11.25 10:52:19 INFO  es[][o.e.n.Node] version[6.8.0], pid[150], build[default/tar/65b6179/2019-05-15T20:06:13.172855Z], OS[Linux/4.4.0-18362-Microsoft/amd64], JVM[Ubuntu/OpenJDK 64-Bit Server VM/11.0.4/11.0.4+11-post-Ubuntu-1ubuntu218.04.3]
2019.11.25 10:52:19 INFO  es[][o.e.n.Node] JVM arguments [-XX:+UseConcMarkSweepGC, -XX:CMSInitiatingOccupancyFraction=75, -XX:+UseCMSInitiatingOccupancyOnly, -Des.networkaddress.cache.ttl=60, -Des.networkaddress.cache.negative.ttl=10, -XX:+AlwaysPreTouch, -Xss1m, -Djava.awt.headless=true, -Dfile.encoding=UTF-8, -Djna.nosys=true, -XX:-OmitStackTraceInFastThrow, -Dio.netty.noUnsafe=true, -Dio.netty.noKeySetOptimization=true, -Dio.netty.recycler.maxCapacityPerThread=0, -Dlog4j.shutdownHookEnabled=false, -Dlog4j2.disable.jmx=true, -Djava.io.tmpdir=/mnt/c/Users/Asus/Desktop/Nelson/Universidade/Mestrado (MEI)/1º ano/Cadeiras/1º Semestre/Análise e Teste de Software/Trabalhos Práticos/ATS/Software/Sonarqube 8.0/temp, -XX:ErrorFile=../logs/es_hs_err_pid%p.log, -Xmx512m, -Xms512m, -XX:+HeapDumpOnOutOfMemoryError, -Des.path.home=/mnt/c/Users/Asus/Desktop/Nelson/Universidade/Mestrado (MEI)/1º ano/Cadeiras/1º Semestre/Análise e Teste de Software/Trabalhos Práticos/ATS/Software/Sonarqube 8.0/elasticsearch, -Des.path.conf=/mnt/c/Users/Asus/Desktop/Nelson/Universidade/Mestrado (MEI)/1º ano/Cadeiras/1º Semestre/Análise e Teste de Software/Trabalhos Práticos/ATS/Software/Sonarqube 8.0/temp/conf/es, -Des.distribution.flavor=default, -Des.distribution.type=tar]
2019.11.25 10:52:20 INFO  es[][o.e.p.PluginsService] loaded module [analysis-common]
2019.11.25 10:52:20 INFO  es[][o.e.p.PluginsService] loaded module [lang-painless]
2019.11.25 10:52:20 INFO  es[][o.e.p.PluginsService] loaded module [mapper-extras]
2019.11.25 10:52:20 INFO  es[][o.e.p.PluginsService] loaded module [parent-join]
2019.11.25 10:52:20 INFO  es[][o.e.p.PluginsService] loaded module [percolator]
2019.11.25 10:52:20 INFO  es[][o.e.p.PluginsService] loaded module [reindex]
2019.11.25 10:52:20 INFO  es[][o.e.p.PluginsService] loaded module [repository-url]
2019.11.25 10:52:20 INFO  es[][o.e.p.PluginsService] loaded module [transport-netty4]
2019.11.25 10:52:20 INFO  es[][o.e.p.PluginsService] no plugins loaded
2019.11.25 10:52:22 WARN  es[][o.e.d.c.s.Settings] [http.enabled] setting was deprecated in Elasticsearch and will be removed in a future release! See the breaking changes documentation for the next major version.
2019.11.25 10:52:24 INFO  es[][o.e.d.DiscoveryModule] using discovery type [zen] and host providers [settings]
2019.11.25 10:52:24 INFO  es[][o.e.n.Node] initialized
2019.11.25 10:52:24 INFO  es[][o.e.n.Node] starting ...
2019.11.25 10:52:24 INFO  es[][o.e.t.TransportService] publish_address {127.0.0.1:9001}, bound_addresses {127.0.0.1:9001}
2019.11.25 10:52:24 WARN  es[][o.e.b.BootstrapChecks] I/O exception while trying to read [/proc/sys/vm/max_map_count]
java.nio.file.NoSuchFileException: /proc/sys/vm/max_map_count
	at sun.nio.fs.UnixException.translateToIOException(UnixException.java:92) ~[?:?]
	at sun.nio.fs.UnixException.rethrowAsIOException(UnixException.java:111) ~[?:?]
	at sun.nio.fs.UnixException.rethrowAsIOException(UnixException.java:116) ~[?:?]
	at sun.nio.fs.UnixFileSystemProvider.newByteChannel(UnixFileSystemProvider.java:215) ~[?:?]
	at java.nio.file.Files.newByteChannel(Files.java:370) ~[?:?]
	at java.nio.file.Files.newByteChannel(Files.java:421) ~[?:?]
	at java.nio.file.spi.FileSystemProvider.newInputStream(FileSystemProvider.java:420) ~[?:?]
	at java.nio.file.Files.newInputStream(Files.java:155) ~[?:?]
	at java.nio.file.Files.newBufferedReader(Files.java:2838) ~[?:?]
	at java.nio.file.Files.newBufferedReader(Files.java:2870) ~[?:?]
	at org.elasticsearch.bootstrap.BootstrapChecks$MaxMapCountCheck.getBufferedReader(BootstrapChecks.java:448) ~[elasticsearch-6.8.0.jar:6.8.0]
	at org.elasticsearch.bootstrap.BootstrapChecks$MaxMapCountCheck.getMaxMapCount(BootstrapChecks.java:426) [elasticsearch-6.8.0.jar:6.8.0]
	at org.elasticsearch.bootstrap.BootstrapChecks$MaxMapCountCheck.getMaxMapCount(BootstrapChecks.java:420) [elasticsearch-6.8.0.jar:6.8.0]
	at org.elasticsearch.bootstrap.BootstrapChecks$MaxMapCountCheck.check(BootstrapChecks.java:403) [elasticsearch-6.8.0.jar:6.8.0]
	at org.elasticsearch.bootstrap.BootstrapChecks.check(BootstrapChecks.java:137) [elasticsearch-6.8.0.jar:6.8.0]
	at org.elasticsearch.bootstrap.BootstrapChecks.check(BootstrapChecks.java:93) [elasticsearch-6.8.0.jar:6.8.0]
	at org.elasticsearch.bootstrap.BootstrapChecks.check(BootstrapChecks.java:75) [elasticsearch-6.8.0.jar:6.8.0]
	at org.elasticsearch.bootstrap.Bootstrap$5.validateNodeBeforeAcceptingRequests(Bootstrap.java:217) [elasticsearch-6.8.0.jar:6.8.0]
	at org.elasticsearch.node.Node.start(Node.java:761) [elasticsearch-6.8.0.jar:6.8.0]
	at org.elasticsearch.bootstrap.Bootstrap.start(Bootstrap.java:269) [elasticsearch-6.8.0.jar:6.8.0]
	at org.elasticsearch.bootstrap.Bootstrap.init(Bootstrap.java:342) [elasticsearch-6.8.0.jar:6.8.0]
	at org.elasticsearch.bootstrap.Elasticsearch.init(Elasticsearch.java:159) [elasticsearch-6.8.0.jar:6.8.0]
	at org.elasticsearch.bootstrap.Elasticsearch.execute(Elasticsearch.java:150) [elasticsearch-6.8.0.jar:6.8.0]
	at org.elasticsearch.cli.EnvironmentAwareCommand.execute(EnvironmentAwareCommand.java:86) [elasticsearch-6.8.0.jar:6.8.0]
	at org.elasticsearch.cli.Command.mainWithoutErrorHandling(Command.java:124) [elasticsearch-cli-6.8.0.jar:6.8.0]
	at org.elasticsearch.cli.Command.main(Command.java:90) [elasticsearch-cli-6.8.0.jar:6.8.0]
	at org.elasticsearch.bootstrap.Elasticsearch.main(Elasticsearch.java:116) [elasticsearch-6.8.0.jar:6.8.0]
	at org.elasticsearch.bootstrap.Elasticsearch.main(Elasticsearch.java:93) [elasticsearch-6.8.0.jar:6.8.0]
2019.11.25 10:52:24 WARN  es[][o.e.b.BootstrapChecks] system call filters failed to install; check the logs and fix your configuration or disable system call filters at your own risk
2019.11.25 10:52:27 INFO  es[][o.e.c.s.MasterService] zen-disco-elected-as-master ([0] nodes joined), reason: new_master {sonarqube}{xq81KsTpQMW8yAFOku5g5g}{DUOwOuL-S9CUGuPdBMqWcA}{127.0.0.1}{127.0.0.1:9001}{rack_id=sonarqube}
2019.11.25 10:52:27 INFO  es[][o.e.c.s.ClusterApplierService] new_master {sonarqube}{xq81KsTpQMW8yAFOku5g5g}{DUOwOuL-S9CUGuPdBMqWcA}{127.0.0.1}{127.0.0.1:9001}{rack_id=sonarqube}, reason: apply cluster state (from master [master {sonarqube}{xq81KsTpQMW8yAFOku5g5g}{DUOwOuL-S9CUGuPdBMqWcA}{127.0.0.1}{127.0.0.1:9001}{rack_id=sonarqube} committed version [1] source [zen-disco-elected-as-master ([0] nodes joined)]])
2019.11.25 10:52:27 INFO  es[][o.e.n.Node] started
2019.11.25 10:52:28 INFO  es[][o.e.g.GatewayService] recovered [7] indices into cluster_state
2019.11.25 10:52:31 INFO  es[][o.e.c.r.a.AllocationService] Cluster health status changed from [RED] to [GREEN] (reason: [shards started [[components][0]] ...]).
2019.11.25 11:50:55 INFO  es[][o.e.n.Node] stopping ...
2019.11.25 11:50:55 INFO  es[][o.e.n.Node] stopped
2019.11.25 11:50:55 INFO  es[][o.e.n.Node] closing ...
2019.11.25 11:50:55 INFO  es[][o.e.n.Node] closed
2019.11.25 18:23:00 WARN  es[][o.e.b.JNANatives] unable to install syscall filter: 
java.lang.UnsupportedOperationException: seccomp unavailable: CONFIG_SECCOMP not compiled into kernel, CONFIG_SECCOMP and CONFIG_SECCOMP_FILTER are needed
	at org.elasticsearch.bootstrap.SystemCallFilter.linuxImpl(SystemCallFilter.java:342) ~[elasticsearch-6.8.0.jar:6.8.0]
	at org.elasticsearch.bootstrap.SystemCallFilter.init(SystemCallFilter.java:617) ~[elasticsearch-6.8.0.jar:6.8.0]
	at org.elasticsearch.bootstrap.JNANatives.tryInstallSystemCallFilter(JNANatives.java:260) [elasticsearch-6.8.0.jar:6.8.0]
	at org.elasticsearch.bootstrap.Natives.tryInstallSystemCallFilter(Natives.java:113) [elasticsearch-6.8.0.jar:6.8.0]
	at org.elasticsearch.bootstrap.Bootstrap.initializeNatives(Bootstrap.java:108) [elasticsearch-6.8.0.jar:6.8.0]
	at org.elasticsearch.bootstrap.Bootstrap.setup(Bootstrap.java:170) [elasticsearch-6.8.0.jar:6.8.0]
	at org.elasticsearch.bootstrap.Bootstrap.init(Bootstrap.java:333) [elasticsearch-6.8.0.jar:6.8.0]
	at org.elasticsearch.bootstrap.Elasticsearch.init(Elasticsearch.java:159) [elasticsearch-6.8.0.jar:6.8.0]
	at org.elasticsearch.bootstrap.Elasticsearch.execute(Elasticsearch.java:150) [elasticsearch-6.8.0.jar:6.8.0]
	at org.elasticsearch.cli.EnvironmentAwareCommand.execute(EnvironmentAwareCommand.java:86) [elasticsearch-6.8.0.jar:6.8.0]
	at org.elasticsearch.cli.Command.mainWithoutErrorHandling(Command.java:124) [elasticsearch-cli-6.8.0.jar:6.8.0]
	at org.elasticsearch.cli.Command.main(Command.java:90) [elasticsearch-cli-6.8.0.jar:6.8.0]
	at org.elasticsearch.bootstrap.Elasticsearch.main(Elasticsearch.java:116) [elasticsearch-6.8.0.jar:6.8.0]
	at org.elasticsearch.bootstrap.Elasticsearch.main(Elasticsearch.java:93) [elasticsearch-6.8.0.jar:6.8.0]
2019.11.25 18:23:01 INFO  es[][o.e.e.NodeEnvironment] using [1] data paths, mounts [[/mnt/c (C:\)]], net usable_space [257.3gb], net total_space [464.1gb], types [drvfs]
2019.11.25 18:23:01 INFO  es[][o.e.e.NodeEnvironment] heap size [494.9mb], compressed ordinary object pointers [true]
2019.11.25 18:23:01 INFO  es[][o.e.n.Node] node name [sonarqube], node ID [xq81KsTpQMW8yAFOku5g5g]
2019.11.25 18:23:01 INFO  es[][o.e.n.Node] version[6.8.0], pid[193], build[default/tar/65b6179/2019-05-15T20:06:13.172855Z], OS[Linux/4.4.0-18362-Microsoft/amd64], JVM[Ubuntu/OpenJDK 64-Bit Server VM/11.0.4/11.0.4+11-post-Ubuntu-1ubuntu218.04.3]
2019.11.25 18:23:01 INFO  es[][o.e.n.Node] JVM arguments [-XX:+UseConcMarkSweepGC, -XX:CMSInitiatingOccupancyFraction=75, -XX:+UseCMSInitiatingOccupancyOnly, -Des.networkaddress.cache.ttl=60, -Des.networkaddress.cache.negative.ttl=10, -XX:+AlwaysPreTouch, -Xss1m, -Djava.awt.headless=true, -Dfile.encoding=UTF-8, -Djna.nosys=true, -XX:-OmitStackTraceInFastThrow, -Dio.netty.noUnsafe=true, -Dio.netty.noKeySetOptimization=true, -Dio.netty.recycler.maxCapacityPerThread=0, -Dlog4j.shutdownHookEnabled=false, -Dlog4j2.disable.jmx=true, -Djava.io.tmpdir=/mnt/c/Users/Asus/Desktop/Nelson/Universidade/Mestrado (MEI)/1º ano/Cadeiras/1º Semestre/Análise e Teste de Software/Trabalhos Práticos/ATS/Software/Sonarqube 8.0/temp, -XX:ErrorFile=../logs/es_hs_err_pid%p.log, -Xmx512m, -Xms512m, -XX:+HeapDumpOnOutOfMemoryError, -Des.path.home=/mnt/c/Users/Asus/Desktop/Nelson/Universidade/Mestrado (MEI)/1º ano/Cadeiras/1º Semestre/Análise e Teste de Software/Trabalhos Práticos/ATS/Software/Sonarqube 8.0/elasticsearch, -Des.path.conf=/mnt/c/Users/Asus/Desktop/Nelson/Universidade/Mestrado (MEI)/1º ano/Cadeiras/1º Semestre/Análise e Teste de Software/Trabalhos Práticos/ATS/Software/Sonarqube 8.0/temp/conf/es, -Des.distribution.flavor=default, -Des.distribution.type=tar]
2019.11.25 18:23:02 INFO  es[][o.e.p.PluginsService] loaded module [analysis-common]
2019.11.25 18:23:02 INFO  es[][o.e.p.PluginsService] loaded module [lang-painless]
2019.11.25 18:23:02 INFO  es[][o.e.p.PluginsService] loaded module [mapper-extras]
2019.11.25 18:23:02 INFO  es[][o.e.p.PluginsService] loaded module [parent-join]
2019.11.25 18:23:02 INFO  es[][o.e.p.PluginsService] loaded module [percolator]
2019.11.25 18:23:02 INFO  es[][o.e.p.PluginsService] loaded module [reindex]
2019.11.25 18:23:02 INFO  es[][o.e.p.PluginsService] loaded module [repository-url]
2019.11.25 18:23:02 INFO  es[][o.e.p.PluginsService] loaded module [transport-netty4]
2019.11.25 18:23:02 INFO  es[][o.e.p.PluginsService] no plugins loaded
2019.11.25 18:23:04 WARN  es[][o.e.d.c.s.Settings] [http.enabled] setting was deprecated in Elasticsearch and will be removed in a future release! See the breaking changes documentation for the next major version.
2019.11.25 18:23:05 INFO  es[][o.e.d.DiscoveryModule] using discovery type [zen] and host providers [settings]
2019.11.25 18:23:06 INFO  es[][o.e.n.Node] initialized
2019.11.25 18:23:06 INFO  es[][o.e.n.Node] starting ...
2019.11.25 18:23:06 INFO  es[][o.e.t.TransportService] publish_address {127.0.0.1:9001}, bound_addresses {127.0.0.1:9001}
2019.11.25 18:23:06 WARN  es[][o.e.b.BootstrapChecks] I/O exception while trying to read [/proc/sys/vm/max_map_count]
java.nio.file.NoSuchFileException: /proc/sys/vm/max_map_count
	at sun.nio.fs.UnixException.translateToIOException(UnixException.java:92) ~[?:?]
	at sun.nio.fs.UnixException.rethrowAsIOException(UnixException.java:111) ~[?:?]
	at sun.nio.fs.UnixException.rethrowAsIOException(UnixException.java:116) ~[?:?]
	at sun.nio.fs.UnixFileSystemProvider.newByteChannel(UnixFileSystemProvider.java:215) ~[?:?]
	at java.nio.file.Files.newByteChannel(Files.java:370) ~[?:?]
	at java.nio.file.Files.newByteChannel(Files.java:421) ~[?:?]
	at java.nio.file.spi.FileSystemProvider.newInputStream(FileSystemProvider.java:420) ~[?:?]
	at java.nio.file.Files.newInputStream(Files.java:155) ~[?:?]
	at java.nio.file.Files.newBufferedReader(Files.java:2838) ~[?:?]
	at java.nio.file.Files.newBufferedReader(Files.java:2870) ~[?:?]
	at org.elasticsearch.bootstrap.BootstrapChecks$MaxMapCountCheck.getBufferedReader(BootstrapChecks.java:448) ~[elasticsearch-6.8.0.jar:6.8.0]
	at org.elasticsearch.bootstrap.BootstrapChecks$MaxMapCountCheck.getMaxMapCount(BootstrapChecks.java:426) [elasticsearch-6.8.0.jar:6.8.0]
	at org.elasticsearch.bootstrap.BootstrapChecks$MaxMapCountCheck.getMaxMapCount(BootstrapChecks.java:420) [elasticsearch-6.8.0.jar:6.8.0]
	at org.elasticsearch.bootstrap.BootstrapChecks$MaxMapCountCheck.check(BootstrapChecks.java:403) [elasticsearch-6.8.0.jar:6.8.0]
	at org.elasticsearch.bootstrap.BootstrapChecks.check(BootstrapChecks.java:137) [elasticsearch-6.8.0.jar:6.8.0]
	at org.elasticsearch.bootstrap.BootstrapChecks.check(BootstrapChecks.java:93) [elasticsearch-6.8.0.jar:6.8.0]
	at org.elasticsearch.bootstrap.BootstrapChecks.check(BootstrapChecks.java:75) [elasticsearch-6.8.0.jar:6.8.0]
	at org.elasticsearch.bootstrap.Bootstrap$5.validateNodeBeforeAcceptingRequests(Bootstrap.java:217) [elasticsearch-6.8.0.jar:6.8.0]
	at org.elasticsearch.node.Node.start(Node.java:761) [elasticsearch-6.8.0.jar:6.8.0]
	at org.elasticsearch.bootstrap.Bootstrap.start(Bootstrap.java:269) [elasticsearch-6.8.0.jar:6.8.0]
	at org.elasticsearch.bootstrap.Bootstrap.init(Bootstrap.java:342) [elasticsearch-6.8.0.jar:6.8.0]
	at org.elasticsearch.bootstrap.Elasticsearch.init(Elasticsearch.java:159) [elasticsearch-6.8.0.jar:6.8.0]
	at org.elasticsearch.bootstrap.Elasticsearch.execute(Elasticsearch.java:150) [elasticsearch-6.8.0.jar:6.8.0]
	at org.elasticsearch.cli.EnvironmentAwareCommand.execute(EnvironmentAwareCommand.java:86) [elasticsearch-6.8.0.jar:6.8.0]
	at org.elasticsearch.cli.Command.mainWithoutErrorHandling(Command.java:124) [elasticsearch-cli-6.8.0.jar:6.8.0]
	at org.elasticsearch.cli.Command.main(Command.java:90) [elasticsearch-cli-6.8.0.jar:6.8.0]
	at org.elasticsearch.bootstrap.Elasticsearch.main(Elasticsearch.java:116) [elasticsearch-6.8.0.jar:6.8.0]
	at org.elasticsearch.bootstrap.Elasticsearch.main(Elasticsearch.java:93) [elasticsearch-6.8.0.jar:6.8.0]
2019.11.25 18:23:06 WARN  es[][o.e.b.BootstrapChecks] system call filters failed to install; check the logs and fix your configuration or disable system call filters at your own risk
2019.11.25 18:23:09 INFO  es[][o.e.c.s.MasterService] zen-disco-elected-as-master ([0] nodes joined), reason: new_master {sonarqube}{xq81KsTpQMW8yAFOku5g5g}{jvVNekavSUe_jYz_vs0EEQ}{127.0.0.1}{127.0.0.1:9001}{rack_id=sonarqube}
2019.11.25 18:23:09 INFO  es[][o.e.c.s.ClusterApplierService] new_master {sonarqube}{xq81KsTpQMW8yAFOku5g5g}{jvVNekavSUe_jYz_vs0EEQ}{127.0.0.1}{127.0.0.1:9001}{rack_id=sonarqube}, reason: apply cluster state (from master [master {sonarqube}{xq81KsTpQMW8yAFOku5g5g}{jvVNekavSUe_jYz_vs0EEQ}{127.0.0.1}{127.0.0.1:9001}{rack_id=sonarqube} committed version [1] source [zen-disco-elected-as-master ([0] nodes joined)]])
2019.11.25 18:23:09 INFO  es[][o.e.n.Node] started
2019.11.25 18:23:10 INFO  es[][o.e.g.GatewayService] recovered [7] indices into cluster_state
2019.11.25 18:23:12 INFO  es[][o.e.c.r.a.AllocationService] Cluster health status changed from [RED] to [GREEN] (reason: [shards started [[metadatas][0]] ...]).
2019.11.25 18:33:59 WARN  es[][o.e.b.JNANatives] unable to install syscall filter: 
java.lang.UnsupportedOperationException: seccomp unavailable: CONFIG_SECCOMP not compiled into kernel, CONFIG_SECCOMP and CONFIG_SECCOMP_FILTER are needed
	at org.elasticsearch.bootstrap.SystemCallFilter.linuxImpl(SystemCallFilter.java:342) ~[elasticsearch-6.8.0.jar:6.8.0]
	at org.elasticsearch.bootstrap.SystemCallFilter.init(SystemCallFilter.java:617) ~[elasticsearch-6.8.0.jar:6.8.0]
	at org.elasticsearch.bootstrap.JNANatives.tryInstallSystemCallFilter(JNANatives.java:260) [elasticsearch-6.8.0.jar:6.8.0]
	at org.elasticsearch.bootstrap.Natives.tryInstallSystemCallFilter(Natives.java:113) [elasticsearch-6.8.0.jar:6.8.0]
	at org.elasticsearch.bootstrap.Bootstrap.initializeNatives(Bootstrap.java:108) [elasticsearch-6.8.0.jar:6.8.0]
	at org.elasticsearch.bootstrap.Bootstrap.setup(Bootstrap.java:170) [elasticsearch-6.8.0.jar:6.8.0]
	at org.elasticsearch.bootstrap.Bootstrap.init(Bootstrap.java:333) [elasticsearch-6.8.0.jar:6.8.0]
	at org.elasticsearch.bootstrap.Elasticsearch.init(Elasticsearch.java:159) [elasticsearch-6.8.0.jar:6.8.0]
	at org.elasticsearch.bootstrap.Elasticsearch.execute(Elasticsearch.java:150) [elasticsearch-6.8.0.jar:6.8.0]
	at org.elasticsearch.cli.EnvironmentAwareCommand.execute(EnvironmentAwareCommand.java:86) [elasticsearch-6.8.0.jar:6.8.0]
	at org.elasticsearch.cli.Command.mainWithoutErrorHandling(Command.java:124) [elasticsearch-cli-6.8.0.jar:6.8.0]
	at org.elasticsearch.cli.Command.main(Command.java:90) [elasticsearch-cli-6.8.0.jar:6.8.0]
	at org.elasticsearch.bootstrap.Elasticsearch.main(Elasticsearch.java:116) [elasticsearch-6.8.0.jar:6.8.0]
	at org.elasticsearch.bootstrap.Elasticsearch.main(Elasticsearch.java:93) [elasticsearch-6.8.0.jar:6.8.0]
2019.11.25 18:33:59 INFO  es[][o.e.e.NodeEnvironment] using [1] data paths, mounts [[/mnt/c (C:\)]], net usable_space [257.8gb], net total_space [464.1gb], types [drvfs]
2019.11.25 18:33:59 INFO  es[][o.e.e.NodeEnvironment] heap size [494.9mb], compressed ordinary object pointers [true]
2019.11.25 18:34:00 INFO  es[][o.e.n.Node] node name [sonarqube], node ID [xq81KsTpQMW8yAFOku5g5g]
2019.11.25 18:34:00 INFO  es[][o.e.n.Node] version[6.8.0], pid[190], build[default/tar/65b6179/2019-05-15T20:06:13.172855Z], OS[Linux/4.4.0-18362-Microsoft/amd64], JVM[Ubuntu/OpenJDK 64-Bit Server VM/11.0.4/11.0.4+11-post-Ubuntu-1ubuntu218.04.3]
2019.11.25 18:34:00 INFO  es[][o.e.n.Node] JVM arguments [-XX:+UseConcMarkSweepGC, -XX:CMSInitiatingOccupancyFraction=75, -XX:+UseCMSInitiatingOccupancyOnly, -Des.networkaddress.cache.ttl=60, -Des.networkaddress.cache.negative.ttl=10, -XX:+AlwaysPreTouch, -Xss1m, -Djava.awt.headless=true, -Dfile.encoding=UTF-8, -Djna.nosys=true, -XX:-OmitStackTraceInFastThrow, -Dio.netty.noUnsafe=true, -Dio.netty.noKeySetOptimization=true, -Dio.netty.recycler.maxCapacityPerThread=0, -Dlog4j.shutdownHookEnabled=false, -Dlog4j2.disable.jmx=true, -Djava.io.tmpdir=/mnt/c/Users/Asus/Desktop/Nelson/Universidade/Mestrado (MEI)/1º ano/Cadeiras/1º Semestre/Análise e Teste de Software/Trabalhos Práticos/ATS/Software/Sonarqube 8.0/temp, -XX:ErrorFile=../logs/es_hs_err_pid%p.log, -Xmx512m, -Xms512m, -XX:+HeapDumpOnOutOfMemoryError, -Des.path.home=/mnt/c/Users/Asus/Desktop/Nelson/Universidade/Mestrado (MEI)/1º ano/Cadeiras/1º Semestre/Análise e Teste de Software/Trabalhos Práticos/ATS/Software/Sonarqube 8.0/elasticsearch, -Des.path.conf=/mnt/c/Users/Asus/Desktop/Nelson/Universidade/Mestrado (MEI)/1º ano/Cadeiras/1º Semestre/Análise e Teste de Software/Trabalhos Práticos/ATS/Software/Sonarqube 8.0/temp/conf/es, -Des.distribution.flavor=default, -Des.distribution.type=tar]
2019.11.25 18:34:01 INFO  es[][o.e.p.PluginsService] loaded module [analysis-common]
2019.11.25 18:34:01 INFO  es[][o.e.p.PluginsService] loaded module [lang-painless]
2019.11.25 18:34:01 INFO  es[][o.e.p.PluginsService] loaded module [mapper-extras]
2019.11.25 18:34:01 INFO  es[][o.e.p.PluginsService] loaded module [parent-join]
2019.11.25 18:34:01 INFO  es[][o.e.p.PluginsService] loaded module [percolator]
2019.11.25 18:34:01 INFO  es[][o.e.p.PluginsService] loaded module [reindex]
2019.11.25 18:34:01 INFO  es[][o.e.p.PluginsService] loaded module [repository-url]
2019.11.25 18:34:01 INFO  es[][o.e.p.PluginsService] loaded module [transport-netty4]
2019.11.25 18:34:01 INFO  es[][o.e.p.PluginsService] no plugins loaded
2019.11.25 18:34:04 WARN  es[][o.e.d.c.s.Settings] [http.enabled] setting was deprecated in Elasticsearch and will be removed in a future release! See the breaking changes documentation for the next major version.
2019.11.25 18:34:05 INFO  es[][o.e.d.DiscoveryModule] using discovery type [zen] and host providers [settings]
2019.11.25 18:34:06 INFO  es[][o.e.n.Node] initialized
2019.11.25 18:34:06 INFO  es[][o.e.n.Node] starting ...
2019.11.25 18:34:06 INFO  es[][o.e.t.TransportService] publish_address {127.0.0.1:9001}, bound_addresses {127.0.0.1:9001}
2019.11.25 18:34:06 WARN  es[][o.e.b.BootstrapChecks] I/O exception while trying to read [/proc/sys/vm/max_map_count]
java.nio.file.NoSuchFileException: /proc/sys/vm/max_map_count
	at sun.nio.fs.UnixException.translateToIOException(UnixException.java:92) ~[?:?]
	at sun.nio.fs.UnixException.rethrowAsIOException(UnixException.java:111) ~[?:?]
	at sun.nio.fs.UnixException.rethrowAsIOException(UnixException.java:116) ~[?:?]
	at sun.nio.fs.UnixFileSystemProvider.newByteChannel(UnixFileSystemProvider.java:215) ~[?:?]
	at java.nio.file.Files.newByteChannel(Files.java:370) ~[?:?]
	at java.nio.file.Files.newByteChannel(Files.java:421) ~[?:?]
	at java.nio.file.spi.FileSystemProvider.newInputStream(FileSystemProvider.java:420) ~[?:?]
	at java.nio.file.Files.newInputStream(Files.java:155) ~[?:?]
	at java.nio.file.Files.newBufferedReader(Files.java:2838) ~[?:?]
	at java.nio.file.Files.newBufferedReader(Files.java:2870) ~[?:?]
	at org.elasticsearch.bootstrap.BootstrapChecks$MaxMapCountCheck.getBufferedReader(BootstrapChecks.java:448) ~[elasticsearch-6.8.0.jar:6.8.0]
	at org.elasticsearch.bootstrap.BootstrapChecks$MaxMapCountCheck.getMaxMapCount(BootstrapChecks.java:426) [elasticsearch-6.8.0.jar:6.8.0]
	at org.elasticsearch.bootstrap.BootstrapChecks$MaxMapCountCheck.getMaxMapCount(BootstrapChecks.java:420) [elasticsearch-6.8.0.jar:6.8.0]
	at org.elasticsearch.bootstrap.BootstrapChecks$MaxMapCountCheck.check(BootstrapChecks.java:403) [elasticsearch-6.8.0.jar:6.8.0]
	at org.elasticsearch.bootstrap.BootstrapChecks.check(BootstrapChecks.java:137) [elasticsearch-6.8.0.jar:6.8.0]
	at org.elasticsearch.bootstrap.BootstrapChecks.check(BootstrapChecks.java:93) [elasticsearch-6.8.0.jar:6.8.0]
	at org.elasticsearch.bootstrap.BootstrapChecks.check(BootstrapChecks.java:75) [elasticsearch-6.8.0.jar:6.8.0]
	at org.elasticsearch.bootstrap.Bootstrap$5.validateNodeBeforeAcceptingRequests(Bootstrap.java:217) [elasticsearch-6.8.0.jar:6.8.0]
	at org.elasticsearch.node.Node.start(Node.java:761) [elasticsearch-6.8.0.jar:6.8.0]
	at org.elasticsearch.bootstrap.Bootstrap.start(Bootstrap.java:269) [elasticsearch-6.8.0.jar:6.8.0]
	at org.elasticsearch.bootstrap.Bootstrap.init(Bootstrap.java:342) [elasticsearch-6.8.0.jar:6.8.0]
	at org.elasticsearch.bootstrap.Elasticsearch.init(Elasticsearch.java:159) [elasticsearch-6.8.0.jar:6.8.0]
	at org.elasticsearch.bootstrap.Elasticsearch.execute(Elasticsearch.java:150) [elasticsearch-6.8.0.jar:6.8.0]
	at org.elasticsearch.cli.EnvironmentAwareCommand.execute(EnvironmentAwareCommand.java:86) [elasticsearch-6.8.0.jar:6.8.0]
	at org.elasticsearch.cli.Command.mainWithoutErrorHandling(Command.java:124) [elasticsearch-cli-6.8.0.jar:6.8.0]
	at org.elasticsearch.cli.Command.main(Command.java:90) [elasticsearch-cli-6.8.0.jar:6.8.0]
	at org.elasticsearch.bootstrap.Elasticsearch.main(Elasticsearch.java:116) [elasticsearch-6.8.0.jar:6.8.0]
	at org.elasticsearch.bootstrap.Elasticsearch.main(Elasticsearch.java:93) [elasticsearch-6.8.0.jar:6.8.0]
2019.11.25 18:34:06 WARN  es[][o.e.b.BootstrapChecks] system call filters failed to install; check the logs and fix your configuration or disable system call filters at your own risk
2019.11.25 18:34:09 INFO  es[][o.e.c.s.MasterService] zen-disco-elected-as-master ([0] nodes joined), reason: new_master {sonarqube}{xq81KsTpQMW8yAFOku5g5g}{PezFBKY1TiOSYpe3LCFhNg}{127.0.0.1}{127.0.0.1:9001}{rack_id=sonarqube}
2019.11.25 18:34:09 INFO  es[][o.e.c.s.ClusterApplierService] new_master {sonarqube}{xq81KsTpQMW8yAFOku5g5g}{PezFBKY1TiOSYpe3LCFhNg}{127.0.0.1}{127.0.0.1:9001}{rack_id=sonarqube}, reason: apply cluster state (from master [master {sonarqube}{xq81KsTpQMW8yAFOku5g5g}{PezFBKY1TiOSYpe3LCFhNg}{127.0.0.1}{127.0.0.1:9001}{rack_id=sonarqube} committed version [1] source [zen-disco-elected-as-master ([0] nodes joined)]])
2019.11.25 18:34:09 INFO  es[][o.e.n.Node] started
2019.11.25 18:34:10 INFO  es[][o.e.g.GatewayService] recovered [7] indices into cluster_state
2019.11.25 18:34:12 INFO  es[][o.e.c.r.a.AllocationService] Cluster health status changed from [RED] to [GREEN] (reason: [shards started [[metadatas][0]] ...]).
2019.11.25 23:34:54 INFO  es[][o.e.n.Node] stopping ...
2019.11.25 23:34:54 INFO  es[][o.e.n.Node] stopped
2019.11.25 23:34:54 INFO  es[][o.e.n.Node] closing ...
2019.11.25 23:34:54 INFO  es[][o.e.n.Node] closed
