* Starting client
* Connecting to master process on port 7639
* Analyzing classpath: 
  - /home/joseb/Desktop/ats/ATS/Refactorings/AllSmells/demo1/target/classes
  - /home/joseb/Desktop/ats/ATS/Refactorings/AllSmells/demo1/target/classes
* Finished analyzing classpath
* Generating tests for class exceptions.NoCarAvaliableException
* Test criteria:
  - Line Coverage
  - Branch Coverage
  - Exception
  - Mutation testing (weak)
  - Method-Output Coverage
  - Top-Level Method Coverage
  - No-Exception Top-Level Method Coverage
  - Context Branch Coverage
* Setting up search algorithm for whole suite generation
[MASTER] 15:42:56.791 [pool-2-thread-1] WARN  TestSuiteSerialization - Cannot load tests because file does not exist: /home/joseb/Desktop/ats/ATS/Refactorings/AllSmells/demo1/.evosuite/evosuite-seeds/exceptions.NoCarAvaliableException.seed
* Loaded 0 tests from /home/joseb/Desktop/ats/ATS/Refactorings/AllSmells/demo1/.evosuite/evosuite-seeds/exceptions.NoCarAvaliableException.seed
* Total number of test goals: 
  - Line 1
  - Branch 1
  - Exception 0
  - MutationFactory 0
  - Output 0
  - Method 1
  - MethodNoException 1
  - CBranchFitnessFactory 1
* Using seed 1575733373971
* Starting evolution
* Search finished after 4s and 0 generations, 2791 statements, best individual has fitness: 1.0
* Writing sequences to pool
* Minimizing test suite
* Going to analyze the coverage criteria
* Coverage analysis for criterion LINE
* Coverage of criterion LINE: 100%
* Total number of goals: 1
* Number of covered goals: 1
* Coverage analysis for criterion BRANCH
* Coverage of criterion BRANCH: 100%
* Total number of goals: 1
* Number of covered goals: 1
* Coverage analysis for criterion EXCEPTION
* Coverage of criterion EXCEPTION: 100% (no goals)
* Coverage analysis for criterion WEAKMUTATION
* Coverage of criterion WEAKMUTATION: 100% (no goals)
* Coverage analysis for criterion OUTPUT
* Coverage of criterion OUTPUT: 100% (no goals)
* Coverage analysis for criterion METHOD
* Coverage of criterion METHOD: 100%
* Total number of goals: 1
* Number of covered goals: 1
* Coverage analysis for criterion METHODNOEXCEPTION
* Coverage of criterion METHODNOEXCEPTION: 100%
* Total number of goals: 1
* Number of covered goals: 1
* Coverage analysis for criterion CBRANCH
* Coverage of criterion CBRANCH: 100%
* Total number of goals: 1
* Number of covered goals: 1
* Generated 1 tests with total length 1
* Resulting test suite's coverage: 100% (average coverage for all fitness functions)
* Generating assertions
* Resulting test suite's mutation score: 100%
* Compiling and checking tests
* Permissions denied during test execution: 
  - java.lang.RuntimePermission: 
         writeFileDescriptor: 1
* Writing JUnit test case 'NoCarAvaliableException_ESTest' to /home/joseb/Desktop/ats/ATS/Refactorings/AllSmells/demo1/.evosuite/tmp_2019_12_07_15_32_19/tests
* Done!

