* Starting client
* Connecting to master process on port 9056
* Analyzing classpath: 
  - /home/joseb/Desktop/ats/ATS/Refactorings/AllSmells/demo1/target/classes
  - /home/joseb/Desktop/ats/ATS/Refactorings/AllSmells/demo1/target/classes
* Finished analyzing classpath
* Generating tests for class Utils.Point
* Test criteria:
  - Line Coverage
  - Branch Coverage
  - Exception
  - Mutation testing (weak)
  - Method-Output Coverage
  - Top-Level Method Coverage
  - No-Exception Top-Level Method Coverage
  - Context Branch Coverage
* Setting up search algorithm for whole suite generation
[MASTER] 15:42:31.169 [pool-2-thread-1] WARN  TestSuiteSerialization - Cannot load tests because file does not exist: /home/joseb/Desktop/ats/ATS/Refactorings/AllSmells/demo1/.evosuite/evosuite-seeds/Utils.Point.seed
* Loaded 0 tests from /home/joseb/Desktop/ats/ATS/Refactorings/AllSmells/demo1/.evosuite/evosuite-seeds/Utils.Point.seed
* Total number of test goals: 
  - Line 9
  - Branch 6
  - Exception 0
  - MutationFactory 41
  - Output 8
  - Method 4
  - MethodNoException 4
  - CBranchFitnessFactory 6
* Using seed 1575733347308
* Starting evolution
* Search finished after 31s and 275 generations, 81246 statements, best individual has fitness: 15.0
* Writing sequences to pool
* Minimizing test suite
* Going to analyze the coverage criteria
* Coverage analysis for criterion LINE
* Coverage of criterion LINE: 78%
* Total number of goals: 9
* Number of covered goals: 7
* Coverage analysis for criterion BRANCH
* Coverage of criterion BRANCH: 67%
* Total number of goals: 6
* Number of covered goals: 4
* Coverage analysis for criterion EXCEPTION
* Coverage of criterion EXCEPTION: 100%
* Total number of goals: 2
* Number of covered goals: 2
* Coverage analysis for criterion WEAKMUTATION
* Coverage of criterion WEAKMUTATION: 95%
* Total number of goals: 41
* Number of covered goals: 39
* Coverage analysis for criterion OUTPUT
* Coverage of criterion OUTPUT: 50%
* Total number of goals: 8
* Number of covered goals: 4
* Coverage analysis for criterion METHOD
* Coverage of criterion METHOD: 100%
* Total number of goals: 4
* Number of covered goals: 4
* Coverage analysis for criterion METHODNOEXCEPTION
* Coverage of criterion METHODNOEXCEPTION: 100%
* Total number of goals: 4
* Number of covered goals: 4
* Coverage analysis for criterion CBRANCH
* Coverage of criterion CBRANCH: 67%
* Total number of goals: 6
* Number of covered goals: 4
* Generated 7 tests with total length 22
* Resulting test suite's coverage: 82% (average coverage for all fitness functions)
* Generating assertions
* Resulting test suite's mutation score: 84%
* Compiling and checking tests
* Writing JUnit test case 'Point_ESTest' to /home/joseb/Desktop/ats/ATS/Refactorings/AllSmells/demo1/.evosuite/tmp_2019_12_07_15_32_19/tests
* Done!

