* Starting client
* Connecting to master process on port 4402
* Analyzing classpath: 
  - /home/joseb/Desktop/ats/ATS/Refactorings/AllSmells/demo2/target/classes
  - /home/joseb/Desktop/ats/ATS/Refactorings/AllSmells/demo2/target/classes
  - /home/joseb/.m2/repository/com/google/code/gson/gson/2.6.2/gson-2.6.2.jar
* Finished analyzing classpath
* Generating tests for class ParDatas
* Test criteria:
  - Line Coverage
  - Branch Coverage
  - Exception
  - Mutation testing (weak)
  - Method-Output Coverage
  - Top-Level Method Coverage
  - No-Exception Top-Level Method Coverage
  - Context Branch Coverage
* Setting up search algorithm for whole suite generation
[MASTER] 16:36:43.913 [pool-2-thread-1] WARN  TestSuiteSerialization - Cannot load tests because file does not exist: /home/joseb/Desktop/ats/ATS/Refactorings/AllSmells/demo2/src/main/java/.evosuite/evosuite-seeds/ParDatas.seed
* Loaded 0 tests from /home/joseb/Desktop/ats/ATS/Refactorings/AllSmells/demo2/src/main/java/.evosuite/evosuite-seeds/ParDatas.seed
* Total number of test goals: 
  - Line 36
  - Branch 31
  - Exception 0
  - MutationFactory 33
  - Output 27
  - Method 11
  - MethodNoException 11
  - CBranchFitnessFactory 31
* Using seed 1575736601085
* Starting evolution
* Search finished after 68s and 499 generations, 179987 statements, best individual has fitness: 7.25
* Writing sequences to pool
* Minimizing test suite
* Going to analyze the coverage criteria
* Coverage analysis for criterion LINE
* Coverage of criterion LINE: 97%
* Total number of goals: 36
* Number of covered goals: 35
* Coverage analysis for criterion BRANCH
* Coverage of criterion BRANCH: 97%
* Total number of goals: 31
* Number of covered goals: 30
* Coverage analysis for criterion EXCEPTION
* Coverage of criterion EXCEPTION: 100%
* Total number of goals: 3
* Number of covered goals: 3
* Coverage analysis for criterion WEAKMUTATION
* Coverage of criterion WEAKMUTATION: 97%
* Total number of goals: 33
* Number of covered goals: 32
* Coverage analysis for criterion OUTPUT
* Coverage of criterion OUTPUT: 89%
* Total number of goals: 27
* Number of covered goals: 24
* Coverage analysis for criterion METHOD
* Coverage of criterion METHOD: 100%
* Total number of goals: 11
* Number of covered goals: 11
* Coverage analysis for criterion METHODNOEXCEPTION
* Coverage of criterion METHODNOEXCEPTION: 100%
* Total number of goals: 11
* Number of covered goals: 11
* Coverage analysis for criterion CBRANCH
* Coverage of criterion CBRANCH: 97%
* Total number of goals: 31
* Number of covered goals: 30
* Generated 26 tests with total length 104
* Resulting test suite's coverage: 97% (average coverage for all fitness functions)
* Generating assertions
* Resulting test suite's mutation score: 78%
* Compiling and checking tests
* Writing JUnit test case 'ParDatas_ESTest' to /home/joseb/Desktop/ats/ATS/Refactorings/AllSmells/demo2/src/main/java/.evosuite/tmp_2019_12_07_16_33_20/tests
* Done!

