#
# A fatal error has been detected by the Java Runtime Environment:
#
#  SIGSEGV (0xb) at pc=0x00007f745d8ef547, pid=5107, tid=5108
#
# JRE version: OpenJDK Runtime Environment (11.0.4+11) (build 11.0.4+11-post-Ubuntu-1ubuntu218.04.3)
# Java VM: OpenJDK 64-Bit Server VM (11.0.4+11-post-Ubuntu-1ubuntu218.04.3, mixed mode, sharing, tiered, compressed oops, g1 gc, linux-amd64)
# Problematic frame:
# C  [libc.so.6+0x19b547]
#
# Core dump will be written. Default location: Core dumps may be processed with "/usr/share/apport/apport %p %s %c %d %P" (or dumping to /home/moises/Desktop/RAPL/Java/core.5107)
#
# If you would like to submit a bug report, please visit:
#   https://bugs.launchpad.net/ubuntu/+source/openjdk-lts
#

---------------  S U M M A R Y ------------

Command Line: EnergyCheckUtils

Host: Intel(R) Core(TM) i7-4710MQ CPU @ 2.50GHz, 8 cores, 7G, Ubuntu 18.04.3 LTS
Time: Sat Dec  7 14:20:39 2019 WET elapsed time: 3 seconds (0d 0h 0m 3s)

---------------  T H R E A D  ---------------

Current thread is native thread

Stack: [0x00007f745de5d000,0x00007f745df5e000],  sp=0x00007f745df5ce40,  free space=1023k
Native frames: (J=compiled Java code, A=aot compiled Java code, j=interpreted, Vv=VM code, C=native code)
C  [libc.so.6+0x19b547]

[error occurred during error reporting (printing native stack), id 0xb, SIGSEGV (0xb) at pc=0x00007f745c8b11e6]


siginfo: si_signo: 11 (SIGSEGV), si_code: 128 (SI_KERNEL), si_addr: 0x0000000000000000

Register to memory mapping:

RAX=0x0 is NULL
RBX=
[error occurred during error reporting (printing register info), id 0xb, SIGSEGV (0xb) at pc=0x00007f745ca818e7]

Registers:
RAX=0x0000000000000000, RBX=0x00007f7454000928, RCX=0x00007f7454013e50, RDX=0x00007f7454013e50
RSP=0x00007f745df5ce40, RBP=0xffffffffffffffb0, RSI=0x00007f7454000048, RDI=0x00007f745df5ce97
R8 =0x00007f745416c7b0, R9 =0x0000000000000005, R10=0x00007f7454000910, R11=0x0000000000000246
R12=0x00007f7454000020, R13=0x0000000000000001, R14=0x00007ffe2b2a7950, R15=0x4c285de60001003a
RIP=0x00007f745d8ef547, EFLAGS=0x0000000000010206, CSGSFS=0x002b000000000033, ERR=0x0000000000000000
  TRAPNO=0x000000000000000d

Top of Stack: (sp=0x00007f745df5ce40)
0x00007f745df5ce40:   0000000000000000 00007f7454000b10
0x00007f745df5ce50:   00007f74540008d0 00007f745df5ce97
0x00007f745df5ce60:   00007f7454013bb8 0000558828c1b560
0x00007f745df5ce70:   0000000000000001 0000558828c1b2c0 

Instructions: (pc=0x00007f745d8ef547)
0x00007f745d8ef447:   ff ff 48 8d 78 08 e8 7e f9 ff ff 84 c0 0f 84 5d
0x00007f745d8ef457:   fb ff ff 49 8b 7f 08 31 c0 48 8b 17 48 39 d0 74
0x00007f745d8ef467:   41 48 89 c1 48 c1 e1 04 48 83 7c 0f 18 00 0f 85
0x00007f745d8ef477:   3c fb ff ff 48 83 c0 01 eb e2 48 89 4c 24 08 48
0x00007f745d8ef487:   89 14 24 e8 39 5e e8 ff 48 8b 4c 24 08 48 8b 14
0x00007f745d8ef497:   24 48 c7 41 08 00 00 00 00 48 8b 4a 08 e9 aa fe
0x00007f745d8ef4a7:   ff ff e8 1a 5e e8 ff 49 c7 47 08 00 00 00 00 4d
0x00007f745d8ef4b7:   8b 7e 08 e9 de fe ff ff 00 41 57 41 56 41 55 41
0x00007f745d8ef4c7:   54 55 53 48 83 ec 68 48 8b 2d a3 f8 24 00 64 48
0x00007f745d8ef4d7:   8b 04 25 28 00 00 00 48 89 44 24 58 31 c0 64 4c
0x00007f745d8ef4e7:   8b 65 00 4d 85 e4 0f 84 5d 01 00 00 48 8b 05 86
0x00007f745d8ef4f7:   f8 24 00 4d 8d 54 24 40 49 8d 8c 24 40 02 00 00
0x00007f745d8ef507:   48 8d 7c 24 57 64 48 c7 45 00 00 00 00 00 4c 89
0x00007f745d8ef517:   64 24 10 48 89 4c 24 08 4c 89 d3 64 c6 00 01 48
0x00007f745d8ef527:   8b 05 bb f9 24 00 48 89 7c 24 18 48 8b 00 4c 8b
0x00007f745d8ef537:   3b 41 bd 01 00 00 00 4d 85 ff 0f 84 b0 00 00 00
0x00007f745d8ef547:   49 8b 17 48 85 c0 48 89 13 0f 85 4a 03 00 00 49
0x00007f745d8ef557:   8b 77 f8 4d 8d 47 f0 40 f6 c6 02 0f 84 d8 01 00
0x00007f745d8ef567:   00 8b 3d 46 fd 24 00 48 8b 05 c3 23 25 00 85 ff
0x00007f745d8ef577:   75 16 48 3b 35 10 fd 24 00 76 0d 48 81 fe 00 00
0x00007f745d8ef587:   00 02 0f 86 f1 04 00 00 48 83 e6 f8 49 39 c0 0f
0x00007f745d8ef597:   83 64 02 00 00 49 8b 47 f0 4c 89 c7 48 29 c7 48
0x00007f745d8ef5a7:   01 c6 48 8b 05 a8 f8 24 00 48 89 fa 48 09 f2 48
0x00007f745d8ef5b7:   8b 40 18 48 83 e8 01 48 85 d0 0f 85 01 07 00 00
0x00007f745d8ef5c7:   f0 ff 0d da fc 24 00 48 89 f0 48 f7 d8 f0 48 01
0x00007f745d8ef5d7:   05 dc fc 24 00 e8 cf 04 f8 ff 4c 8b 3b 48 8b 05
0x00007f745d8ef5e7:   fd f8 24 00 4d 85 ff 48 8b 00 0f 85 50 ff ff ff
0x00007f745d8ef5f7:   48 83 c3 08 48 39 5c 24 08 0f 85 2f ff ff ff 48
0x00007f745d8ef607:   85 c0 4c 8b 64 24 10 0f 85 80 0b 00 00 49 8b 44
0x00007f745d8ef617:   24 f8 49 8d 5c 24 f0 a8 02 0f 84 ea 0a 00 00 8b
0x00007f745d8ef627:   15 88 fc 24 00 85 d2 75 15 48 3b 05 59 fc 24 00
0x00007f745d8ef637:   76 0c 48 3d 00 00 00 02 0f 86 db 0b 00 00 48 89 


Stack slot to memory mapping:
stack at sp + 0 slots: 0x0 is NULL
stack at sp + 1 slots: 
[error occurred during error reporting (inspecting top of stack), id 0xb, SIGSEGV (0xb) at pc=0x00007f745ca818e7]


---------------  P R O C E S S  ---------------

VM state:at safepoint (shutting down)

VM Mutex/Monitor currently owned by a thread:  ([mutex/lock_event])
[0x00007f745400e570] Threads_lock - owner thread: 0x00007f7454117000

Heap address: 0x0000000085200000, size: 1966 MB, Compressed Oops mode: 32-bit
Narrow klass base: 0x0000000800000000, Narrow klass shift: 3
Compressed class space size: 1073741824 Address: 0x0000000840000000

Heap:
 garbage-first heap   total 129024K, used 2680K [0x0000000085200000, 0x0000000100000000)
  region size 1024K, 3 young (3072K), 0 survivors (0K)
 Metaspace       used 795K, capacity 4709K, committed 4864K, reserved 1056768K
  class space    used 87K, capacity 465K, committed 512K, reserved 1048576K
Heap Regions: E=young(eden), S=young(survivor), O=old, HS=humongous(starts), HC=humongous(continues), CS=collection set, F=free, A=archive, TAMS=top-at-mark-start (previous, next)
|   0|0x0000000085200000, 0x0000000085200000, 0x0000000085300000|  0%| F|  |TAMS 0x0000000085200000, 0x0000000085200000| Untracked 
|   1|0x0000000085300000, 0x0000000085300000, 0x0000000085400000|  0%| F|  |TAMS 0x0000000085300000, 0x0000000085300000| Untracked 
|   2|0x0000000085400000, 0x0000000085400000, 0x0000000085500000|  0%| F|  |TAMS 0x0000000085400000, 0x0000000085400000| Untracked 
|   3|0x0000000085500000, 0x0000000085500000, 0x0000000085600000|  0%| F|  |TAMS 0x0000000085500000, 0x0000000085500000| Untracked 
|   4|0x0000000085600000, 0x0000000085600000, 0x0000000085700000|  0%| F|  |TAMS 0x0000000085600000, 0x0000000085600000| Untracked 
|   5|0x0000000085700000, 0x0000000085700000, 0x0000000085800000|  0%| F|  |TAMS 0x0000000085700000, 0x0000000085700000| Untracked 
|   6|0x0000000085800000, 0x0000000085800000, 0x0000000085900000|  0%| F|  |TAMS 0x0000000085800000, 0x0000000085800000| Untracked 
|   7|0x0000000085900000, 0x0000000085900000, 0x0000000085a00000|  0%| F|  |TAMS 0x0000000085900000, 0x0000000085900000| Untracked 
|   8|0x0000000085a00000, 0x0000000085a00000, 0x0000000085b00000|  0%| F|  |TAMS 0x0000000085a00000, 0x0000000085a00000| Untracked 
|   9|0x0000000085b00000, 0x0000000085b00000, 0x0000000085c00000|  0%| F|  |TAMS 0x0000000085b00000, 0x0000000085b00000| Untracked 
|  10|0x0000000085c00000, 0x0000000085c00000, 0x0000000085d00000|  0%| F|  |TAMS 0x0000000085c00000, 0x0000000085c00000| Untracked 
|  11|0x0000000085d00000, 0x0000000085d00000, 0x0000000085e00000|  0%| F|  |TAMS 0x0000000085d00000, 0x0000000085d00000| Untracked 
|  12|0x0000000085e00000, 0x0000000085e00000, 0x0000000085f00000|  0%| F|  |TAMS 0x0000000085e00000, 0x0000000085e00000| Untracked 
|  13|0x0000000085f00000, 0x0000000085f00000, 0x0000000086000000|  0%| F|  |TAMS 0x0000000085f00000, 0x0000000085f00000| Untracked 
|  14|0x0000000086000000, 0x0000000086000000, 0x0000000086100000|  0%| F|  |TAMS 0x0000000086000000, 0x0000000086000000| Untracked 
|  15|0x0000000086100000, 0x0000000086100000, 0x0000000086200000|  0%| F|  |TAMS 0x0000000086100000, 0x0000000086100000| Untracked 
|  16|0x0000000086200000, 0x0000000086200000, 0x0000000086300000|  0%| F|  |TAMS 0x0000000086200000, 0x0000000086200000| Untracked 
|  17|0x0000000086300000, 0x0000000086300000, 0x0000000086400000|  0%| F|  |TAMS 0x0000000086300000, 0x0000000086300000| Untracked 
|  18|0x0000000086400000, 0x0000000086400000, 0x0000000086500000|  0%| F|  |TAMS 0x0000000086400000, 0x0000000086400000| Untracked 
|  19|0x0000000086500000, 0x0000000086500000, 0x0000000086600000|  0%| F|  |TAMS 0x0000000086500000, 0x0000000086500000| Untracked 
|  20|0x0000000086600000, 0x0000000086600000, 0x0000000086700000|  0%| F|  |TAMS 0x0000000086600000, 0x0000000086600000| Untracked 
|  21|0x0000000086700000, 0x0000000086700000, 0x0000000086800000|  0%| F|  |TAMS 0x0000000086700000, 0x0000000086700000| Untracked 
|  22|0x0000000086800000, 0x0000000086800000, 0x0000000086900000|  0%| F|  |TAMS 0x0000000086800000, 0x0000000086800000| Untracked 
|  23|0x0000000086900000, 0x0000000086900000, 0x0000000086a00000|  0%| F|  |TAMS 0x0000000086900000, 0x0000000086900000| Untracked 
|  24|0x0000000086a00000, 0x0000000086a00000, 0x0000000086b00000|  0%| F|  |TAMS 0x0000000086a00000, 0x0000000086a00000| Untracked 
|  25|0x0000000086b00000, 0x0000000086b00000, 0x0000000086c00000|  0%| F|  |TAMS 0x0000000086b00000, 0x0000000086b00000| Untracked 
|  26|0x0000000086c00000, 0x0000000086c00000, 0x0000000086d00000|  0%| F|  |TAMS 0x0000000086c00000, 0x0000000086c00000| Untracked 
|  27|0x0000000086d00000, 0x0000000086d00000, 0x0000000086e00000|  0%| F|  |TAMS 0x0000000086d00000, 0x0000000086d00000| Untracked 
|  28|0x0000000086e00000, 0x0000000086e00000, 0x0000000086f00000|  0%| F|  |TAMS 0x0000000086e00000, 0x0000000086e00000| Untracked 
|  29|0x0000000086f00000, 0x0000000086f00000, 0x0000000087000000|  0%| F|  |TAMS 0x0000000086f00000, 0x0000000086f00000| Untracked 
|  30|0x0000000087000000, 0x0000000087000000, 0x0000000087100000|  0%| F|  |TAMS 0x0000000087000000, 0x0000000087000000| Untracked 
|  31|0x0000000087100000, 0x0000000087100000, 0x0000000087200000|  0%| F|  |TAMS 0x0000000087100000, 0x0000000087100000| Untracked 
|  32|0x0000000087200000, 0x0000000087200000, 0x0000000087300000|  0%| F|  |TAMS 0x0000000087200000, 0x0000000087200000| Untracked 
|  33|0x0000000087300000, 0x0000000087300000, 0x0000000087400000|  0%| F|  |TAMS 0x0000000087300000, 0x0000000087300000| Untracked 
|  34|0x0000000087400000, 0x0000000087400000, 0x0000000087500000|  0%| F|  |TAMS 0x0000000087400000, 0x0000000087400000| Untracked 
|  35|0x0000000087500000, 0x0000000087500000, 0x0000000087600000|  0%| F|  |TAMS 0x0000000087500000, 0x0000000087500000| Untracked 
|  36|0x0000000087600000, 0x0000000087600000, 0x0000000087700000|  0%| F|  |TAMS 0x0000000087600000, 0x0000000087600000| Untracked 
|  37|0x0000000087700000, 0x0000000087700000, 0x0000000087800000|  0%| F|  |TAMS 0x0000000087700000, 0x0000000087700000| Untracked 
|  38|0x0000000087800000, 0x0000000087800000, 0x0000000087900000|  0%| F|  |TAMS 0x0000000087800000, 0x0000000087800000| Untracked 
|  39|0x0000000087900000, 0x0000000087900000, 0x0000000087a00000|  0%| F|  |TAMS 0x0000000087900000, 0x0000000087900000| Untracked 
|  40|0x0000000087a00000, 0x0000000087a00000, 0x0000000087b00000|  0%| F|  |TAMS 0x0000000087a00000, 0x0000000087a00000| Untracked 
|  41|0x0000000087b00000, 0x0000000087b00000, 0x0000000087c00000|  0%| F|  |TAMS 0x0000000087b00000, 0x0000000087b00000| Untracked 
|  42|0x0000000087c00000, 0x0000000087c00000, 0x0000000087d00000|  0%| F|  |TAMS 0x0000000087c00000, 0x0000000087c00000| Untracked 
|  43|0x0000000087d00000, 0x0000000087d00000, 0x0000000087e00000|  0%| F|  |TAMS 0x0000000087d00000, 0x0000000087d00000| Untracked 
|  44|0x0000000087e00000, 0x0000000087e00000, 0x0000000087f00000|  0%| F|  |TAMS 0x0000000087e00000, 0x0000000087e00000| Untracked 
|  45|0x0000000087f00000, 0x0000000087f00000, 0x0000000088000000|  0%| F|  |TAMS 0x0000000087f00000, 0x0000000087f00000| Untracked 
|  46|0x0000000088000000, 0x0000000088000000, 0x0000000088100000|  0%| F|  |TAMS 0x0000000088000000, 0x0000000088000000| Untracked 
|  47|0x0000000088100000, 0x0000000088100000, 0x0000000088200000|  0%| F|  |TAMS 0x0000000088100000, 0x0000000088100000| Untracked 
|  48|0x0000000088200000, 0x0000000088200000, 0x0000000088300000|  0%| F|  |TAMS 0x0000000088200000, 0x0000000088200000| Untracked 
|  49|0x0000000088300000, 0x0000000088300000, 0x0000000088400000|  0%| F|  |TAMS 0x0000000088300000, 0x0000000088300000| Untracked 
|  50|0x0000000088400000, 0x0000000088400000, 0x0000000088500000|  0%| F|  |TAMS 0x0000000088400000, 0x0000000088400000| Untracked 
|  51|0x0000000088500000, 0x0000000088500000, 0x0000000088600000|  0%| F|  |TAMS 0x0000000088500000, 0x0000000088500000| Untracked 
|  52|0x0000000088600000, 0x0000000088600000, 0x0000000088700000|  0%| F|  |TAMS 0x0000000088600000, 0x0000000088600000| Untracked 
|  53|0x0000000088700000, 0x0000000088700000, 0x0000000088800000|  0%| F|  |TAMS 0x0000000088700000, 0x0000000088700000| Untracked 
|  54|0x0000000088800000, 0x0000000088800000, 0x0000000088900000|  0%| F|  |TAMS 0x0000000088800000, 0x0000000088800000| Untracked 
|  55|0x0000000088900000, 0x0000000088900000, 0x0000000088a00000|  0%| F|  |TAMS 0x0000000088900000, 0x0000000088900000| Untracked 
|  56|0x0000000088a00000, 0x0000000088a00000, 0x0000000088b00000|  0%| F|  |TAMS 0x0000000088a00000, 0x0000000088a00000| Untracked 
|  57|0x0000000088b00000, 0x0000000088b00000, 0x0000000088c00000|  0%| F|  |TAMS 0x0000000088b00000, 0x0000000088b00000| Untracked 
|  58|0x0000000088c00000, 0x0000000088c00000, 0x0000000088d00000|  0%| F|  |TAMS 0x0000000088c00000, 0x0000000088c00000| Untracked 
|  59|0x0000000088d00000, 0x0000000088d00000, 0x0000000088e00000|  0%| F|  |TAMS 0x0000000088d00000, 0x0000000088d00000| Untracked 
|  60|0x0000000088e00000, 0x0000000088e00000, 0x0000000088f00000|  0%| F|  |TAMS 0x0000000088e00000, 0x0000000088e00000| Untracked 
|  61|0x0000000088f00000, 0x0000000088f00000, 0x0000000089000000|  0%| F|  |TAMS 0x0000000088f00000, 0x0000000088f00000| Untracked 
|  62|0x0000000089000000, 0x0000000089000000, 0x0000000089100000|  0%| F|  |TAMS 0x0000000089000000, 0x0000000089000000| Untracked 
|  63|0x0000000089100000, 0x0000000089100000, 0x0000000089200000|  0%| F|  |TAMS 0x0000000089100000, 0x0000000089100000| Untracked 
|  64|0x0000000089200000, 0x0000000089200000, 0x0000000089300000|  0%| F|  |TAMS 0x0000000089200000, 0x0000000089200000| Untracked 
|  65|0x0000000089300000, 0x0000000089300000, 0x0000000089400000|  0%| F|  |TAMS 0x0000000089300000, 0x0000000089300000| Untracked 
|  66|0x0000000089400000, 0x0000000089400000, 0x0000000089500000|  0%| F|  |TAMS 0x0000000089400000, 0x0000000089400000| Untracked 
|  67|0x0000000089500000, 0x0000000089500000, 0x0000000089600000|  0%| F|  |TAMS 0x0000000089500000, 0x0000000089500000| Untracked 
|  68|0x0000000089600000, 0x0000000089600000, 0x0000000089700000|  0%| F|  |TAMS 0x0000000089600000, 0x0000000089600000| Untracked 
|  69|0x0000000089700000, 0x0000000089700000, 0x0000000089800000|  0%| F|  |TAMS 0x0000000089700000, 0x0000000089700000| Untracked 
|  70|0x0000000089800000, 0x0000000089800000, 0x0000000089900000|  0%| F|  |TAMS 0x0000000089800000, 0x0000000089800000| Untracked 
|  71|0x0000000089900000, 0x0000000089900000, 0x0000000089a00000|  0%| F|  |TAMS 0x0000000089900000, 0x0000000089900000| Untracked 
|  72|0x0000000089a00000, 0x0000000089a00000, 0x0000000089b00000|  0%| F|  |TAMS 0x0000000089a00000, 0x0000000089a00000| Untracked 
|  73|0x0000000089b00000, 0x0000000089b00000, 0x0000000089c00000|  0%| F|  |TAMS 0x0000000089b00000, 0x0000000089b00000| Untracked 
|  74|0x0000000089c00000, 0x0000000089c00000, 0x0000000089d00000|  0%| F|  |TAMS 0x0000000089c00000, 0x0000000089c00000| Untracked 
|  75|0x0000000089d00000, 0x0000000089d00000, 0x0000000089e00000|  0%| F|  |TAMS 0x0000000089d00000, 0x0000000089d00000| Untracked 
|  76|0x0000000089e00000, 0x0000000089e00000, 0x0000000089f00000|  0%| F|  |TAMS 0x0000000089e00000, 0x0000000089e00000| Untracked 
|  77|0x0000000089f00000, 0x0000000089f00000, 0x000000008a000000|  0%| F|  |TAMS 0x0000000089f00000, 0x0000000089f00000| Untracked 
|  78|0x000000008a000000, 0x000000008a000000, 0x000000008a100000|  0%| F|  |TAMS 0x000000008a000000, 0x000000008a000000| Untracked 
|  79|0x000000008a100000, 0x000000008a100000, 0x000000008a200000|  0%| F|  |TAMS 0x000000008a100000, 0x000000008a100000| Untracked 
|  80|0x000000008a200000, 0x000000008a200000, 0x000000008a300000|  0%| F|  |TAMS 0x000000008a200000, 0x000000008a200000| Untracked 
|  81|0x000000008a300000, 0x000000008a300000, 0x000000008a400000|  0%| F|  |TAMS 0x000000008a300000, 0x000000008a300000| Untracked 
|  82|0x000000008a400000, 0x000000008a400000, 0x000000008a500000|  0%| F|  |TAMS 0x000000008a400000, 0x000000008a400000| Untracked 
|  83|0x000000008a500000, 0x000000008a500000, 0x000000008a600000|  0%| F|  |TAMS 0x000000008a500000, 0x000000008a500000| Untracked 
|  84|0x000000008a600000, 0x000000008a600000, 0x000000008a700000|  0%| F|  |TAMS 0x000000008a600000, 0x000000008a600000| Untracked 
|  85|0x000000008a700000, 0x000000008a700000, 0x000000008a800000|  0%| F|  |TAMS 0x000000008a700000, 0x000000008a700000| Untracked 
|  86|0x000000008a800000, 0x000000008a800000, 0x000000008a900000|  0%| F|  |TAMS 0x000000008a800000, 0x000000008a800000| Untracked 
|  87|0x000000008a900000, 0x000000008a900000, 0x000000008aa00000|  0%| F|  |TAMS 0x000000008a900000, 0x000000008a900000| Untracked 
|  88|0x000000008aa00000, 0x000000008aa00000, 0x000000008ab00000|  0%| F|  |TAMS 0x000000008aa00000, 0x000000008aa00000| Untracked 
|  89|0x000000008ab00000, 0x000000008ab00000, 0x000000008ac00000|  0%| F|  |TAMS 0x000000008ab00000, 0x000000008ab00000| Untracked 
|  90|0x000000008ac00000, 0x000000008ac00000, 0x000000008ad00000|  0%| F|  |TAMS 0x000000008ac00000, 0x000000008ac00000| Untracked 
|  91|0x000000008ad00000, 0x000000008ad00000, 0x000000008ae00000|  0%| F|  |TAMS 0x000000008ad00000, 0x000000008ad00000| Untracked 
|  92|0x000000008ae00000, 0x000000008ae00000, 0x000000008af00000|  0%| F|  |TAMS 0x000000008ae00000, 0x000000008ae00000| Untracked 
|  93|0x000000008af00000, 0x000000008af00000, 0x000000008b000000|  0%| F|  |TAMS 0x000000008af00000, 0x000000008af00000| Untracked 
|  94|0x000000008b000000, 0x000000008b000000, 0x000000008b100000|  0%| F|  |TAMS 0x000000008b000000, 0x000000008b000000| Untracked 
|  95|0x000000008b100000, 0x000000008b100000, 0x000000008b200000|  0%| F|  |TAMS 0x000000008b100000, 0x000000008b100000| Untracked 
|  96|0x000000008b200000, 0x000000008b200000, 0x000000008b300000|  0%| F|  |TAMS 0x000000008b200000, 0x000000008b200000| Untracked 
|  97|0x000000008b300000, 0x000000008b300000, 0x000000008b400000|  0%| F|  |TAMS 0x000000008b300000, 0x000000008b300000| Untracked 
|  98|0x000000008b400000, 0x000000008b400000, 0x000000008b500000|  0%| F|  |TAMS 0x000000008b400000, 0x000000008b400000| Untracked 
|  99|0x000000008b500000, 0x000000008b500000, 0x000000008b600000|  0%| F|  |TAMS 0x000000008b500000, 0x000000008b500000| Untracked 
| 100|0x000000008b600000, 0x000000008b600000, 0x000000008b700000|  0%| F|  |TAMS 0x000000008b600000, 0x000000008b600000| Untracked 
| 101|0x000000008b700000, 0x000000008b700000, 0x000000008b800000|  0%| F|  |TAMS 0x000000008b700000, 0x000000008b700000| Untracked 
| 102|0x000000008b800000, 0x000000008b800000, 0x000000008b900000|  0%| F|  |TAMS 0x000000008b800000, 0x000000008b800000| Untracked 
| 103|0x000000008b900000, 0x000000008b900000, 0x000000008ba00000|  0%| F|  |TAMS 0x000000008b900000, 0x000000008b900000| Untracked 
| 104|0x000000008ba00000, 0x000000008ba00000, 0x000000008bb00000|  0%| F|  |TAMS 0x000000008ba00000, 0x000000008ba00000| Untracked 
| 105|0x000000008bb00000, 0x000000008bb00000, 0x000000008bc00000|  0%| F|  |TAMS 0x000000008bb00000, 0x000000008bb00000| Untracked 
| 106|0x000000008bc00000, 0x000000008bc00000, 0x000000008bd00000|  0%| F|  |TAMS 0x000000008bc00000, 0x000000008bc00000| Untracked 
| 107|0x000000008bd00000, 0x000000008bd00000, 0x000000008be00000|  0%| F|  |TAMS 0x000000008bd00000, 0x000000008bd00000| Untracked 
| 108|0x000000008be00000, 0x000000008be00000, 0x000000008bf00000|  0%| F|  |TAMS 0x000000008be00000, 0x000000008be00000| Untracked 
| 109|0x000000008bf00000, 0x000000008bf00000, 0x000000008c000000|  0%| F|  |TAMS 0x000000008bf00000, 0x000000008bf00000| Untracked 
| 110|0x000000008c000000, 0x000000008c000000, 0x000000008c100000|  0%| F|  |TAMS 0x000000008c000000, 0x000000008c000000| Untracked 
| 111|0x000000008c100000, 0x000000008c100000, 0x000000008c200000|  0%| F|  |TAMS 0x000000008c100000, 0x000000008c100000| Untracked 
| 112|0x000000008c200000, 0x000000008c200000, 0x000000008c300000|  0%| F|  |TAMS 0x000000008c200000, 0x000000008c200000| Untracked 
| 113|0x000000008c300000, 0x000000008c300000, 0x000000008c400000|  0%| F|  |TAMS 0x000000008c300000, 0x000000008c300000| Untracked 
| 114|0x000000008c400000, 0x000000008c400000, 0x000000008c500000|  0%| F|  |TAMS 0x000000008c400000, 0x000000008c400000| Untracked 
| 115|0x000000008c500000, 0x000000008c500000, 0x000000008c600000|  0%| F|  |TAMS 0x000000008c500000, 0x000000008c500000| Untracked 
| 116|0x000000008c600000, 0x000000008c600000, 0x000000008c700000|  0%| F|  |TAMS 0x000000008c600000, 0x000000008c600000| Untracked 
| 117|0x000000008c700000, 0x000000008c700000, 0x000000008c800000|  0%| F|  |TAMS 0x000000008c700000, 0x000000008c700000| Untracked 
| 118|0x000000008c800000, 0x000000008c800000, 0x000000008c900000|  0%| F|  |TAMS 0x000000008c800000, 0x000000008c800000| Untracked 
| 119|0x000000008c900000, 0x000000008c900000, 0x000000008ca00000|  0%| F|  |TAMS 0x000000008c900000, 0x000000008c900000| Untracked 
| 120|0x000000008ca00000, 0x000000008ca00000, 0x000000008cb00000|  0%| F|  |TAMS 0x000000008ca00000, 0x000000008ca00000| Untracked 
| 121|0x000000008cb00000, 0x000000008cc00000, 0x000000008cc00000|100%| E|  |TAMS 0x000000008cb00000, 0x000000008cb00000| Complete 
| 122|0x000000008cc00000, 0x000000008cd00000, 0x000000008cd00000|100%| E|CS|TAMS 0x000000008cc00000, 0x000000008cc00000| Complete 
| 123|0x000000008cd00000, 0x000000008ce00000, 0x000000008ce00000|100%| E|CS|TAMS 0x000000008cd00000, 0x000000008cd00000| Complete 
|1964|0x00000000ffe00000, 0x00000000ffe34000, 0x00000000fff00000| 20%|OA|  |TAMS 0x00000000ffe00000, 0x00000000ffe00000| Untracked 
|1965|0x00000000fff00000, 0x00000000fff6a000, 0x0000000100000000| 41%|CA|  |TAMS 0x00000000fff00000, 0x00000000fff00000| Untracked 

Card table byte_map: [0x00007f7458e9e000,0x00007f7459275000] _byte_map_base: 0x00007f7458a75000

Marking Bits (Prev, Next): (CMBitMap*) 0x00007f7454051028, (CMBitMap*) 0x00007f7454051060
 Prev Bits: [0x00007f7436148000, 0x00007f7438000000)
 Next Bits: [0x00007f7434290000, 0x00007f7436148000)

Polling page: 0x00007f745df79000

Metaspace:

Usage:
  Non-class:      4,14 MB capacity,   707,83 KB ( 17%) used,     3,44 MB ( 83%) free+waste,     8,75 KB ( <1%) overhead. 
      Class:    465,00 KB capacity,    87,86 KB ( 19%) used,   372,08 KB ( 80%) free+waste,     5,06 KB (  1%) overhead. 
       Both:      4,60 MB capacity,   795,69 KB ( 17%) used,     3,81 MB ( 83%) free+waste,    13,81 KB ( <1%) overhead. 

Virtual space:
  Non-class space:        8,00 MB reserved,       4,25 MB ( 53%) committed 
      Class space:        1,00 GB reserved,     512,00 KB ( <1%) committed 
             Both:        1,01 GB reserved,       4,75 MB ( <1%) committed 

Chunk freelists:
   Non-Class:  0 bytes
       Class:  0 bytes
        Both:  0 bytes

CodeHeap 'non-profiled nmethods': size=120032Kb used=97Kb max_used=97Kb free=119934Kb
 bounds [0x00007f744441e000, 0x00007f744468e000, 0x00007f744b956000]
CodeHeap 'profiled nmethods': size=120028Kb used=547Kb max_used=547Kb free=119480Kb
 bounds [0x00007f743cee7000, 0x00007f743d157000, 0x00007f744441e000]
CodeHeap 'non-nmethods': size=5700Kb used=1053Kb max_used=1058Kb free=4646Kb
 bounds [0x00007f743c956000, 0x00007f743cbc6000, 0x00007f743cee7000]
 total_blobs=761 nmethods=352 adapters=255
 compilation: enabled
              stopped_count=0, restarted_count=0
 full_count=0

Compilation events (10 events):
Event: 3,136 Thread 0x00007f7454126800 nmethod 341 0x00007f743cf6db90 code [0x00007f743cf6dd40, 0x00007f743cf6df10]
Event: 3,136 Thread 0x00007f7454126800  347       3       jdk.internal.org.objectweb.asm.Frame::pop (53 bytes)
Event: 3,137 Thread 0x00007f7454126800 nmethod 347 0x00007f743cf6df90 code [0x00007f743cf6e1e0, 0x00007f743cf6e998]
Event: 3,137 Thread 0x00007f7454126800  352       3       jdk.internal.org.objectweb.asm.ClassWriter::newNameType (10 bytes)
Event: 3,137 Thread 0x00007f7454126800 nmethod 352 0x00007f743cf6ec90 code [0x00007f743cf6ee40, 0x00007f743cf6efe8]
Event: 3,137 Thread 0x00007f7454126800  353       3       jdk.internal.org.objectweb.asm.ClassWriter::newNameTypeItem (71 bytes)
Event: 3,137 Thread 0x00007f7454126800 nmethod 353 0x00007f743cf6f110 code [0x00007f743cf6f340, 0x00007f743cf6f818]
Event: 3,137 Thread 0x00007f7454126800  351       3       java.lang.invoke.LambdaFormBuffer::ownedCount (7 bytes)
Event: 3,137 Thread 0x00007f7454126800 nmethod 351 0x00007f743cf6fa90 code [0x00007f743cf6fc40, 0x00007f743cf6fdb0]
Event: 3,137 Thread 0x00007f7454126800  322       3       java.lang.invoke.LambdaForm$Name::cloneWithIndex (47 bytes)

GC Heap History (0 events):
No events

Deoptimization events (4 events):
Event: 0,034 Thread 0x00007f7454012000 Uncommon trap: trap_request=0xffffff4d fr.pc=0x00007f7444421fc8 relative=0x0000000000000088
Event: 0,034 Thread 0x00007f7454012000 Uncommon trap: reason=unstable_if action=reinterpret pc=0x00007f7444421fc8 method=java.lang.String.hashCode()I @ 14 c2
Event: 0,034 Thread 0x00007f7454012000 DEOPT PACKING pc=0x00007f7444421fc8 sp=0x00007f745df5b1a0
Event: 0,034 Thread 0x00007f7454012000 DEOPT UNPACKING pc=0x00007f743c97ea25 sp=0x00007f745df5b158 mode 2

Classes redefined (0 events):
No events

Internal exceptions (10 events):
Event: 3,107 Thread 0x00007f7454012000 Exception <a 'java/lang/NoSuchMethodError'{0x000000008cc9f960}: 'java.lang.Object java.lang.invoke.DirectMethodHandle$Holder.invokeStatic(java.lang.Object, java.lang.Object, java.lang.Object, java.lang.Object, java.lang.Object, java.lang.Object, java.lang
Event: 3,108 Thread 0x00007f7454012000 Exception <a 'java/lang/NoSuchMethodError'{0x000000008ccad7c0}: 'java.lang.Object java.lang.invoke.DirectMethodHandle$Holder.invokeSpecial(java.lang.Object, java.lang.Object, int, int, int, int, java.lang.Object)'> (0x000000008ccad7c0) thrown at [/build/o
Event: 3,109 Thread 0x00007f7454012000 Exception <a 'java/lang/NoSuchMethodError'{0x000000008ccb0b50}: 'java.lang.Object java.lang.invoke.DelegatingMethodHandle$Holder.reinvoke_L(java.lang.Object, int, int, int, int, java.lang.Object)'> (0x000000008ccb0b50) thrown at [/build/openjdk-lts-7bqZff
Event: 3,111 Thread 0x00007f7454012000 Exception <a 'java/lang/NoSuchMethodError'{0x000000008ccbf8a0}: 'java.lang.Object java.lang.invoke.DirectMethodHandle$Holder.invokeStatic(java.lang.Object, java.lang.Object, java.lang.Object, java.lang.Object, java.lang.Object, java.lang.Object, int)'> (0
Event: 3,127 Thread 0x00007f7454012000 Exception <a 'java/lang/NoSuchMethodError'{0x000000008cb6b328}: 'java.lang.Object java.lang.invoke.DirectMethodHandle$Holder.invokeSpecial(java.lang.Object, java.lang.Object, int, int, int, java.lang.Object, java.lang.Object, java.lang.Object)'> (0x000000
Event: 3,128 Thread 0x00007f7454012000 Exception <a 'java/lang/NoSuchMethodError'{0x000000008cb6e6c0}: 'java.lang.Object java.lang.invoke.DelegatingMethodHandle$Holder.reinvoke_L(java.lang.Object, int, int, int, java.lang.Object, java.lang.Object, java.lang.Object)'> (0x000000008cb6e6c0) throw
Event: 3,128 Thread 0x00007f7454012000 Exception <a 'java/lang/NoSuchMethodError'{0x000000008cb75b18}: 'java.lang.Object java.lang.invoke.DirectMethodHandle$Holder.invokeStatic(java.lang.Object, java.lang.Object, java.lang.Object, java.lang.Object, java.lang.Object, int)'> (0x000000008cb75b18)
Event: 3,130 Thread 0x00007f7454012000 Exception <a 'java/lang/NoSuchMethodError'{0x000000008cb8bf38}: 'java.lang.Object java.lang.invoke.DirectMethodHandle$Holder.invokeStatic(java.lang.Object, java.lang.Object, java.lang.Object, java.lang.Object, java.lang.Object, int, int)'> (0x000000008cb8
Event: 3,132 Thread 0x00007f7454012000 Exception <a 'java/lang/NoSuchMethodError'{0x000000008cba2a18}: 'java.lang.Object java.lang.invoke.DirectMethodHandle$Holder.invokeStatic(java.lang.Object, java.lang.Object, java.lang.Object, java.lang.Object, java.lang.Object, int, int, java.lang.Object)
Event: 3,134 Thread 0x00007f7454012000 Exception <a 'java/lang/NoSuchMethodError'{0x000000008cbbad20}: 'java.lang.Object java.lang.invoke.DirectMethodHandle$Holder.invokeStatic(java.lang.Object, java.lang.Object, java.lang.Object, java.lang.Object, java.lang.Object, int, int, java.lang.Object,

Events (10 events):
Event: 3,131 loading class java/lang/invoke/BoundMethodHandle$Species_LLIIL
Event: 3,131 loading class java/lang/invoke/BoundMethodHandle$Species_LLIIL done
Event: 3,133 loading class java/lang/invoke/BoundMethodHandle$Species_LLIILL
Event: 3,133 loading class java/lang/invoke/BoundMethodHandle$Species_LLIILL done
Event: 3,135 loading class java/lang/invoke/BoundMethodHandle$Species_LLIILLL
Event: 3,135 loading class java/lang/invoke/BoundMethodHandle$Species_LLIILLL done
Event: 3,136 Thread 0x00007f7404208000 Thread added: 0x00007f7404208000
Event: 3,137 Thread 0x00007f7454012000 Thread exited: 0x00007f7454012000
Event: 3,137 Thread 0x00007f7454012000 Thread added: 0x00007f7454012000
Event: 3,137 Thread 0x00007f7454012000 Thread exited: 0x00007f7454012000


Dynamic libraries:
85200000-8ce00000 rw-p 00000000 00:00 0 
8ce00000-ffe00000 ---p 00000000 00:00 0 
ffe00000-ffe34000 rw-p 01116000 08:15 5114728                            /usr/lib/jvm/java-11-openjdk-amd64/lib/server/classes.jsa
ffe34000-fff00000 rw-p 00000000 00:00 0 
fff00000-fff6a000 rw-p 010ac000 08:15 5114728                            /usr/lib/jvm/java-11-openjdk-amd64/lib/server/classes.jsa
fff6a000-100000000 rw-p 00000000 00:00 0 
800000000-800002000 rwxp 00001000 08:15 5114728                          /usr/lib/jvm/java-11-openjdk-amd64/lib/server/classes.jsa
800002000-8003bd000 rw-p 00003000 08:15 5114728                          /usr/lib/jvm/java-11-openjdk-amd64/lib/server/classes.jsa
8003bd000-800a98000 r--p 003be000 08:15 5114728                          /usr/lib/jvm/java-11-openjdk-amd64/lib/server/classes.jsa
800a98000-800a99000 rw-p 00a99000 08:15 5114728                          /usr/lib/jvm/java-11-openjdk-amd64/lib/server/classes.jsa
800a99000-8010ab000 r--p 00a9a000 08:15 5114728                          /usr/lib/jvm/java-11-openjdk-amd64/lib/server/classes.jsa
840000000-840080000 rw-p 00000000 00:00 0 
840080000-880000000 ---p 00000000 00:00 0 
558828128000-558828129000 r-xp 00000000 08:15 3412820                    /usr/lib/jvm/java-11-openjdk-amd64/bin/java
558828329000-55882832a000 r--p 00001000 08:15 3412820                    /usr/lib/jvm/java-11-openjdk-amd64/bin/java
55882832a000-55882832b000 rw-p 00002000 08:15 3412820                    /usr/lib/jvm/java-11-openjdk-amd64/bin/java
558828c1b000-558828c3c000 rw-p 00000000 00:00 0                          [heap]
7f73f4000000-7f73f4021000 rw-p 00000000 00:00 0 
7f73f4021000-7f73f8000000 ---p 00000000 00:00 0 
7f73f8000000-7f73f8021000 rw-p 00000000 00:00 0 
7f73f8021000-7f73fc000000 ---p 00000000 00:00 0 
7f73fc000000-7f73fc021000 rw-p 00000000 00:00 0 
7f73fc021000-7f7400000000 ---p 00000000 00:00 0 
7f7400000000-7f7400021000 rw-p 00000000 00:00 0 
7f7400021000-7f7404000000 ---p 00000000 00:00 0 
7f7404000000-7f740420c000 rw-p 00000000 00:00 0 
7f740420c000-7f7408000000 ---p 00000000 00:00 0 
7f7408000000-7f7408021000 rw-p 00000000 00:00 0 
7f7408021000-7f740c000000 ---p 00000000 00:00 0 
7f740c000000-7f740c021000 rw-p 00000000 00:00 0 
7f740c021000-7f7410000000 ---p 00000000 00:00 0 
7f7410000000-7f741012e000 rw-p 00000000 00:00 0 
7f741012e000-7f7414000000 ---p 00000000 00:00 0 
7f7414000000-7f7414021000 rw-p 00000000 00:00 0 
7f7414021000-7f7418000000 ---p 00000000 00:00 0 
7f7418000000-7f7418021000 rw-p 00000000 00:00 0 
7f7418021000-7f741c000000 ---p 00000000 00:00 0 
7f741c000000-7f741c021000 rw-p 00000000 00:00 0 
7f741c021000-7f7420000000 ---p 00000000 00:00 0 
7f7420000000-7f7420021000 rw-p 00000000 00:00 0 
7f7420021000-7f7424000000 ---p 00000000 00:00 0 
7f7424000000-7f7424021000 rw-p 00000000 00:00 0 
7f7424021000-7f7428000000 ---p 00000000 00:00 0 
7f7428000000-7f7428021000 rw-p 00000000 00:00 0 
7f7428021000-7f742c000000 ---p 00000000 00:00 0 
7f742cbcb000-7f742cbcf000 ---p 00000000 00:00 0 
7f742cbcf000-7f742cccc000 rw-p 00000000 00:00 0 
7f742cccc000-7f742ccd1000 r-xp 00000000 08:15 8519720                    /home/moises/Desktop/RAPL/Java/libCPUScaler.so
7f742ccd1000-7f742ced0000 ---p 00005000 08:15 8519720                    /home/moises/Desktop/RAPL/Java/libCPUScaler.so
7f742ced0000-7f742ced1000 r--p 00004000 08:15 8519720                    /home/moises/Desktop/RAPL/Java/libCPUScaler.so
7f742ced1000-7f742ced2000 rw-p 00005000 08:15 8519720                    /home/moises/Desktop/RAPL/Java/libCPUScaler.so
7f742ced2000-7f742cee8000 r-xp 00000000 08:15 5114537                    /usr/lib/jvm/java-11-openjdk-amd64/lib/libnet.so
7f742cee8000-7f742d0e7000 ---p 00016000 08:15 5114537                    /usr/lib/jvm/java-11-openjdk-amd64/lib/libnet.so
7f742d0e7000-7f742d0e8000 r--p 00015000 08:15 5114537                    /usr/lib/jvm/java-11-openjdk-amd64/lib/libnet.so
7f742d0e8000-7f742d0e9000 rw-p 00016000 08:15 5114537                    /usr/lib/jvm/java-11-openjdk-amd64/lib/libnet.so
7f742d0e9000-7f742d0f9000 r-xp 00000000 08:15 5114538                    /usr/lib/jvm/java-11-openjdk-amd64/lib/libnio.so
7f742d0f9000-7f742d2f8000 ---p 00010000 08:15 5114538                    /usr/lib/jvm/java-11-openjdk-amd64/lib/libnio.so
7f742d2f8000-7f742d2f9000 r--p 0000f000 08:15 5114538                    /usr/lib/jvm/java-11-openjdk-amd64/lib/libnio.so
7f742d2f9000-7f742d2fa000 rw-p 00010000 08:15 5114538                    /usr/lib/jvm/java-11-openjdk-amd64/lib/libnio.so
7f742d2fa000-7f742d2fe000 ---p 00000000 00:00 0 
7f742d2fe000-7f742d3fb000 rw-p 00000000 00:00 0 
7f742d3fb000-7f742d3fc000 ---p 00000000 00:00 0 
7f742d3fc000-7f742d4fd000 rw-p 00000000 00:00 0 
7f742d4fd000-7f742d501000 ---p 00000000 00:00 0 
7f742d501000-7f742d5fe000 rw-p 00000000 00:00 0 
7f742d5fe000-7f742d602000 ---p 00000000 00:00 0 
7f742d602000-7f742d6ff000 rw-p 00000000 00:00 0 
7f742d6ff000-7f742d703000 ---p 00000000 00:00 0 
7f742d703000-7f742dc40000 rw-p 00000000 00:00 0 
7f742dc40000-7f742e000000 ---p 00000000 00:00 0 
7f742e000000-7f7430000000 rw-p 00000000 00:00 0 
7f7430000000-7f7430021000 rw-p 00000000 00:00 0 
7f7430021000-7f7434000000 ---p 00000000 00:00 0 
7f743408e000-7f7434092000 ---p 00000000 00:00 0 
7f7434092000-7f743418f000 rw-p 00000000 00:00 0 
7f743418f000-7f7434193000 ---p 00000000 00:00 0 
7f7434193000-7f7434480000 rw-p 00000000 00:00 0 
7f7434480000-7f7436140000 ---p 00000000 00:00 0 
7f7436140000-7f7436338000 rw-p 00000000 00:00 0 
7f7436338000-7f7437ff8000 ---p 00000000 00:00 0 
7f7437ff8000-7f7438000000 rw-p 00000000 00:00 0 
7f7438000000-7f7438021000 rw-p 00000000 00:00 0 
7f7438021000-7f743c000000 ---p 00000000 00:00 0 
7f743c0ee000-7f743c3cd000 r--p 00000000 08:15 3276938                    /usr/lib/locale/locale-archive
7f743c3cd000-7f743c3d1000 ---p 00000000 00:00 0 
7f743c3d1000-7f743c4ce000 rw-p 00000000 00:00 0 
7f743c4ce000-7f743c4d2000 ---p 00000000 00:00 0 
7f743c4d2000-7f743c5cf000 rw-p 00000000 00:00 0 
7f743c5cf000-7f743c5d0000 ---p 00000000 00:00 0 
7f743c5d0000-7f743c752000 rw-p 00000000 00:00 0 
7f743c752000-7f743c753000 ---p 00000000 00:00 0 
7f743c753000-7f743c854000 rw-p 00000000 00:00 0 
7f743c854000-7f743c855000 ---p 00000000 00:00 0 
7f743c855000-7f743c956000 rw-p 00000000 00:00 0 
7f743c956000-7f743cbc6000 rwxp 00000000 00:00 0 
7f743cbc6000-7f743cee7000 ---p 00000000 00:00 0 
7f743cee7000-7f743d157000 rwxp 00000000 00:00 0 
7f743d157000-7f744441e000 ---p 00000000 00:00 0 
7f744441e000-7f744468e000 rwxp 00000000 00:00 0 
7f744468e000-7f744b956000 ---p 00000000 00:00 0 
7f744b956000-7f7454000000 r--s 00000000 08:15 5114548                    /usr/lib/jvm/java-11-openjdk-amd64/lib/modules
7f7454000000-7f74541f9000 rw-p 00000000 00:00 0 
7f74541f9000-7f7458000000 ---p 00000000 00:00 0 
7f7458007000-7f74588c3000 rw-p 00000000 00:00 0 
7f74588c3000-7f74588c4000 ---p 00000000 00:00 0 
7f74588c4000-7f74589c5000 rw-p 00000000 00:00 0 
7f74589c5000-7f74589c6000 ---p 00000000 00:00 0 
7f74589c6000-7f7458b05000 rw-p 00000000 00:00 0 
7f7458b05000-7f7458e9d000 ---p 00000000 00:00 0 
7f7458e9d000-7f7458edc000 rw-p 00000000 00:00 0 
7f7458edc000-7f7459274000 ---p 00000000 00:00 0 
7f7459274000-7f74592b3000 rw-p 00000000 00:00 0 
7f74592b3000-7f745964b000 ---p 00000000 00:00 0 
7f745964b000-7f7459e54000 rw-p 00000000 00:00 0 
7f7459e54000-7f7459e55000 ---p 00000000 00:00 0 
7f7459e55000-7f7459f5b000 rw-p 00000000 00:00 0 
7f7459f5b000-7f745a041000 ---p 00000000 00:00 0 
7f745a041000-7f745a046000 rw-p 00000000 00:00 0 
7f745a046000-7f745a12c000 ---p 00000000 00:00 0 
7f745a12c000-7f745a131000 r-xp 00000000 08:15 5114529                    /usr/lib/jvm/java-11-openjdk-amd64/lib/libjimage.so
7f745a131000-7f745a330000 ---p 00005000 08:15 5114529                    /usr/lib/jvm/java-11-openjdk-amd64/lib/libjimage.so
7f745a330000-7f745a331000 r--p 00004000 08:15 5114529                    /usr/lib/jvm/java-11-openjdk-amd64/lib/libjimage.so
7f745a331000-7f745a332000 rw-p 00005000 08:15 5114529                    /usr/lib/jvm/java-11-openjdk-amd64/lib/libjimage.so
7f745a332000-7f745a339000 r-xp 00000000 08:15 5114547                    /usr/lib/jvm/java-11-openjdk-amd64/lib/libzip.so
7f745a339000-7f745a538000 ---p 00007000 08:15 5114547                    /usr/lib/jvm/java-11-openjdk-amd64/lib/libzip.so
7f745a538000-7f745a539000 r--p 00006000 08:15 5114547                    /usr/lib/jvm/java-11-openjdk-amd64/lib/libzip.so
7f745a539000-7f745a53a000 rw-p 00007000 08:15 5114547                    /usr/lib/jvm/java-11-openjdk-amd64/lib/libzip.so
7f745a53a000-7f745a545000 r-xp 00000000 08:15 2360343                    /lib/x86_64-linux-gnu/libnss_files-2.27.so
7f745a545000-7f745a744000 ---p 0000b000 08:15 2360343                    /lib/x86_64-linux-gnu/libnss_files-2.27.so
7f745a744000-7f745a745000 r--p 0000a000 08:15 2360343                    /lib/x86_64-linux-gnu/libnss_files-2.27.so
7f745a745000-7f745a746000 rw-p 0000b000 08:15 2360343                    /lib/x86_64-linux-gnu/libnss_files-2.27.so
7f745a746000-7f745a74c000 rw-p 00000000 00:00 0 
7f745a74c000-7f745a763000 r-xp 00000000 08:15 2360340                    /lib/x86_64-linux-gnu/libnsl-2.27.so
7f745a763000-7f745a962000 ---p 00017000 08:15 2360340                    /lib/x86_64-linux-gnu/libnsl-2.27.so
7f745a962000-7f745a963000 r--p 00016000 08:15 2360340                    /lib/x86_64-linux-gnu/libnsl-2.27.so
7f745a963000-7f745a964000 rw-p 00017000 08:15 2360340                    /lib/x86_64-linux-gnu/libnsl-2.27.so
7f745a964000-7f745a966000 rw-p 00000000 00:00 0 
7f745a966000-7f745a971000 r-xp 00000000 08:15 2360345                    /lib/x86_64-linux-gnu/libnss_nis-2.27.so
7f745a971000-7f745ab70000 ---p 0000b000 08:15 2360345                    /lib/x86_64-linux-gnu/libnss_nis-2.27.so
7f745ab70000-7f745ab71000 r--p 0000a000 08:15 2360345                    /lib/x86_64-linux-gnu/libnss_nis-2.27.so
7f745ab71000-7f745ab72000 rw-p 0000b000 08:15 2360345                    /lib/x86_64-linux-gnu/libnss_nis-2.27.so
7f745ab72000-7f745ab7a000 r-xp 00000000 08:15 2360341                    /lib/x86_64-linux-gnu/libnss_compat-2.27.so
7f745ab7a000-7f745ad7a000 ---p 00008000 08:15 2360341                    /lib/x86_64-linux-gnu/libnss_compat-2.27.so
7f745ad7a000-7f745ad7b000 r--p 00008000 08:15 2360341                    /lib/x86_64-linux-gnu/libnss_compat-2.27.so
7f745ad7b000-7f745ad7c000 rw-p 00009000 08:15 2360341                    /lib/x86_64-linux-gnu/libnss_compat-2.27.so
7f745ad7c000-7f745ada5000 r-xp 00000000 08:15 5114525                    /usr/lib/jvm/java-11-openjdk-amd64/lib/libjava.so
7f745ada5000-7f745afa4000 ---p 00029000 08:15 5114525                    /usr/lib/jvm/java-11-openjdk-amd64/lib/libjava.so
7f745afa4000-7f745afa5000 r--p 00028000 08:15 5114525                    /usr/lib/jvm/java-11-openjdk-amd64/lib/libjava.so
7f745afa5000-7f745afa7000 rw-p 00029000 08:15 5114525                    /usr/lib/jvm/java-11-openjdk-amd64/lib/libjava.so
7f745afa7000-7f745afb4000 r-xp 00000000 08:15 5114546                    /usr/lib/jvm/java-11-openjdk-amd64/lib/libverify.so
7f745afb4000-7f745b1b3000 ---p 0000d000 08:15 5114546                    /usr/lib/jvm/java-11-openjdk-amd64/lib/libverify.so
7f745b1b3000-7f745b1b5000 r--p 0000c000 08:15 5114546                    /usr/lib/jvm/java-11-openjdk-amd64/lib/libverify.so
7f745b1b5000-7f745b1b6000 rw-p 0000e000 08:15 5114546                    /usr/lib/jvm/java-11-openjdk-amd64/lib/libverify.so
7f745b1b6000-7f745b1bd000 r-xp 00000000 08:15 2360350                    /lib/x86_64-linux-gnu/librt-2.27.so
7f745b1bd000-7f745b3bc000 ---p 00007000 08:15 2360350                    /lib/x86_64-linux-gnu/librt-2.27.so
7f745b3bc000-7f745b3bd000 r--p 00006000 08:15 2360350                    /lib/x86_64-linux-gnu/librt-2.27.so
7f745b3bd000-7f745b3be000 rw-p 00007000 08:15 2360350                    /lib/x86_64-linux-gnu/librt-2.27.so
7f745b3be000-7f745b3d5000 r-xp 00000000 08:15 2359380                    /lib/x86_64-linux-gnu/libgcc_s.so.1
7f745b3d5000-7f745b5d4000 ---p 00017000 08:15 2359380                    /lib/x86_64-linux-gnu/libgcc_s.so.1
7f745b5d4000-7f745b5d5000 r--p 00016000 08:15 2359380                    /lib/x86_64-linux-gnu/libgcc_s.so.1
7f745b5d5000-7f745b5d6000 rw-p 00017000 08:15 2359380                    /lib/x86_64-linux-gnu/libgcc_s.so.1
7f745b5d6000-7f745b773000 r-xp 00000000 08:15 2360337                    /lib/x86_64-linux-gnu/libm-2.27.so
7f745b773000-7f745b972000 ---p 0019d000 08:15 2360337                    /lib/x86_64-linux-gnu/libm-2.27.so
7f745b972000-7f745b973000 r--p 0019c000 08:15 2360337                    /lib/x86_64-linux-gnu/libm-2.27.so
7f745b973000-7f745b974000 rw-p 0019d000 08:15 2360337                    /lib/x86_64-linux-gnu/libm-2.27.so
7f745b974000-7f745baed000 r-xp 00000000 08:15 3286204                    /usr/lib/x86_64-linux-gnu/libstdc++.so.6.0.25
7f745baed000-7f745bced000 ---p 00179000 08:15 3286204                    /usr/lib/x86_64-linux-gnu/libstdc++.so.6.0.25
7f745bced000-7f745bcf7000 r--p 00179000 08:15 3286204                    /usr/lib/x86_64-linux-gnu/libstdc++.so.6.0.25
7f745bcf7000-7f745bcf9000 rw-p 00183000 08:15 3286204                    /usr/lib/x86_64-linux-gnu/libstdc++.so.6.0.25
7f745bcf9000-7f745bcfd000 rw-p 00000000 00:00 0 
7f745bcfd000-7f745cdc9000 r-xp 00000000 08:15 5114553                    /usr/lib/jvm/java-11-openjdk-amd64/lib/server/libjvm.so
7f745cdc9000-7f745cfc8000 ---p 010cc000 08:15 5114553                    /usr/lib/jvm/java-11-openjdk-amd64/lib/server/libjvm.so
7f745cfc8000-7f745d085000 r--p 010cb000 08:15 5114553                    /usr/lib/jvm/java-11-openjdk-amd64/lib/server/libjvm.so
7f745d085000-7f745d0be000 rw-p 01188000 08:15 5114553                    /usr/lib/jvm/java-11-openjdk-amd64/lib/server/libjvm.so
7f745d0be000-7f745d114000 rw-p 00000000 00:00 0 
7f745d114000-7f745d12e000 r-xp 00000000 08:15 2360348                    /lib/x86_64-linux-gnu/libpthread-2.27.so
7f745d12e000-7f745d32d000 ---p 0001a000 08:15 2360348                    /lib/x86_64-linux-gnu/libpthread-2.27.so
7f745d32d000-7f745d32e000 r--p 00019000 08:15 2360348                    /lib/x86_64-linux-gnu/libpthread-2.27.so
7f745d32e000-7f745d32f000 rw-p 0001a000 08:15 2360348                    /lib/x86_64-linux-gnu/libpthread-2.27.so
7f745d32f000-7f745d333000 rw-p 00000000 00:00 0 
7f745d333000-7f745d336000 r-xp 00000000 08:15 2360336                    /lib/x86_64-linux-gnu/libdl-2.27.so
7f745d336000-7f745d535000 ---p 00003000 08:15 2360336                    /lib/x86_64-linux-gnu/libdl-2.27.so
7f745d535000-7f745d536000 r--p 00002000 08:15 2360336                    /lib/x86_64-linux-gnu/libdl-2.27.so
7f745d536000-7f745d537000 rw-p 00003000 08:15 2360336                    /lib/x86_64-linux-gnu/libdl-2.27.so
7f745d537000-7f745d553000 r-xp 00000000 08:15 2359387                    /lib/x86_64-linux-gnu/libz.so.1.2.11
7f745d553000-7f745d752000 ---p 0001c000 08:15 2359387                    /lib/x86_64-linux-gnu/libz.so.1.2.11
7f745d752000-7f745d753000 r--p 0001b000 08:15 2359387                    /lib/x86_64-linux-gnu/libz.so.1.2.11
7f745d753000-7f745d754000 rw-p 0001c000 08:15 2359387                    /lib/x86_64-linux-gnu/libz.so.1.2.11
7f745d754000-7f745d93b000 r-xp 00000000 08:15 2360333                    /lib/x86_64-linux-gnu/libc-2.27.so
7f745d93b000-7f745db3b000 ---p 001e7000 08:15 2360333                    /lib/x86_64-linux-gnu/libc-2.27.so
7f745db3b000-7f745db3f000 r--p 001e7000 08:15 2360333                    /lib/x86_64-linux-gnu/libc-2.27.so
7f745db3f000-7f745db41000 rw-p 001eb000 08:15 2360333                    /lib/x86_64-linux-gnu/libc-2.27.so
7f745db41000-7f745db45000 rw-p 00000000 00:00 0 
7f745db45000-7f745db55000 r-xp 00000000 08:15 5114506                    /usr/lib/jvm/java-11-openjdk-amd64/lib/jli/libjli.so
7f745db55000-7f745dd54000 ---p 00010000 08:15 5114506                    /usr/lib/jvm/java-11-openjdk-amd64/lib/jli/libjli.so
7f745dd54000-7f745dd55000 r--p 0000f000 08:15 5114506                    /usr/lib/jvm/java-11-openjdk-amd64/lib/jli/libjli.so
7f745dd55000-7f745dd56000 rw-p 00010000 08:15 5114506                    /usr/lib/jvm/java-11-openjdk-amd64/lib/jli/libjli.so
7f745dd56000-7f745dd7d000 r-xp 00000000 08:15 2360327                    /lib/x86_64-linux-gnu/ld-2.27.so
7f745dd9c000-7f745de5d000 rw-p 00000000 00:00 0 
7f745de5d000-7f745de61000 ---p 00000000 00:00 0 
7f745de61000-7f745df60000 rw-p 00000000 00:00 0 
7f745df65000-7f745df6a000 rw-p 00000000 00:00 0 
7f745df6a000-7f745df71000 ---p 00000000 00:00 0 
7f745df71000-7f745df79000 rw-s 00000000 08:15 1310764                    /tmp/hsperfdata_root/5107 (deleted)
7f745df79000-7f745df7a000 ---p 00000000 00:00 0 
7f745df7a000-7f745df7b000 r--p 00000000 00:00 0 
7f745df7b000-7f745df7d000 rw-p 00000000 00:00 0 
7f745df7d000-7f745df7e000 r--p 00027000 08:15 2360327                    /lib/x86_64-linux-gnu/ld-2.27.so
7f745df7e000-7f745df7f000 rw-p 00028000 08:15 2360327                    /lib/x86_64-linux-gnu/ld-2.27.so
7f745df7f000-7f745df80000 rw-p 00000000 00:00 0 
7ffe2b28d000-7ffe2b2ae000 rw-p 00000000 00:00 0                          [stack]
7ffe2b3cd000-7ffe2b3d0000 r--p 00000000 00:00 0                          [vvar]
7ffe2b3d0000-7ffe2b3d2000 r-xp 00000000 00:00 0                          [vdso]
ffffffffff600000-ffffffffff601000 r-xp 00000000 00:00 0                  [vsyscall]


VM Arguments:
java_command: EnergyCheckUtils
java_class_path (initial): .
Launcher Type: SUN_STANDARD

[Global flags]
     intx CICompilerCount                          = 4                                         {product} {ergonomic}
     uint ConcGCThreads                            = 2                                         {product} {ergonomic}
     uint G1ConcRefinementThreads                  = 8                                         {product} {ergonomic}
   size_t G1HeapRegionSize                         = 1048576                                   {product} {ergonomic}
    uintx GCDrainStackTargetSize                   = 64                                        {product} {ergonomic}
   size_t InitialHeapSize                          = 130023424                                 {product} {ergonomic}
   size_t MarkStackSize                            = 4194304                                   {product} {ergonomic}
   size_t MaxHeapSize                              = 2061500416                                {product} {ergonomic}
   size_t MaxNewSize                               = 1236271104                                {product} {ergonomic}
   size_t MinHeapDeltaBytes                        = 1048576                                   {product} {ergonomic}
    uintx NonNMethodCodeHeapSize                   = 5835340                                {pd product} {ergonomic}
    uintx NonProfiledCodeHeapSize                  = 122911450                              {pd product} {ergonomic}
    uintx ProfiledCodeHeapSize                     = 122911450                              {pd product} {ergonomic}
    uintx ReservedCodeCacheSize                    = 251658240                              {pd product} {ergonomic}
     bool SegmentedCodeCache                       = true                                      {product} {ergonomic}
     bool UseCompressedClassPointers               = true                                 {lp64_product} {ergonomic}
     bool UseCompressedOops                        = true                                 {lp64_product} {ergonomic}
     bool UseG1GC                                  = true                                      {product} {ergonomic}

Logging:
Log output configuration:
 #0: 
[error occurred during error reporting (printing log configuration), id 0xb, SIGSEGV (0xb) at pc=0x00007f745c72efd9]

Environment Variables:
PATH=/usr/local/sbin:/usr/local/bin:/usr/sbin:/usr/bin:/sbin:/bin:/snap/bin
USERNAME=root
SHELL=/bin/bash
DISPLAY=:0

Signal Handlers:
SIGSEGV: [libjvm.so+0xde5f50], sa_mask[0]=11111111011111111101111111111110, sa_flags=SA_RESTART|SA_SIGINFO
SIGBUS: [libjvm.so+0xde5f50], sa_mask[0]=11111111011111111101111111111110, sa_flags=SA_RESTART|SA_SIGINFO
SIGFPE: [libjvm.so+0xde5f50], sa_mask[0]=11111111011111111101111111111110, sa_flags=SA_RESTART|SA_SIGINFO
SIGPIPE: [libjvm.so+0xbba5b0], sa_mask[0]=11111111011111111101111111111110, sa_flags=SA_RESTART|SA_SIGINFO
SIGXFSZ: [libjvm.so+0xbba5b0], sa_mask[0]=11111111011111111101111111111110, sa_flags=SA_RESTART|SA_SIGINFO
SIGILL: [libjvm.so+0xde5f50], sa_mask[0]=11111111011111111101111111111110, sa_flags=SA_RESTART|SA_SIGINFO
SIGUSR2: [libjvm.so+0xbba450], sa_mask[0]=00000000000000000000000000000000, sa_flags=SA_RESTART|SA_SIGINFO
SIGHUP: [libjvm.so+0xbba7b0], sa_mask[0]=11111111011111111101111111111110, sa_flags=SA_RESTART|SA_SIGINFO
SIGINT: [libjvm.so+0xbba7b0], sa_mask[0]=11111111011111111101111111111110, sa_flags=SA_RESTART|SA_SIGINFO
SIGTERM: [libjvm.so+0xbba7b0], sa_mask[0]=11111111011111111101111111111110, sa_flags=SA_RESTART|SA_SIGINFO
SIGQUIT: [libjvm.so+0xbba7b0], sa_mask[0]=11111111011111111101111111111110, sa_flags=SA_RESTART|SA_SIGINFO


---------------  S Y S T E M  ---------------

OS:DISTRIB_ID=Ubuntu
DISTRIB_RELEASE=18.04
DISTRIB_CODENAME=bionic
DISTRIB_DESCRIPTION="Ubuntu 18.04.3 LTS"
uname:Linux 4.15.0-70-generic #79-Ubuntu SMP Tue Nov 12 10:36:11 UTC 2019 x86_64
libc:glibc 2.27 NPTL 2.27 
rlimit: STACK 8192k, CORE 0k, NPROC 31268, NOFILE 4096, AS infinity, DATA infinity, FSIZE infinity
load average:4,64 2,17 1,15

/proc/meminfo:
MemTotal:        8049600 kB
MemFree:         4445900 kB
MemAvailable:    6036900 kB
Buffers:          125420 kB
Cached:          2071740 kB
SwapCached:            0 kB
Active:          1466116 kB
Inactive:        1820816 kB
Active(anon):    1091904 kB
Inactive(anon):   444372 kB
Active(file):     374212 kB
Inactive(file):  1376444 kB
Unevictable:          16 kB
Mlocked:              16 kB
SwapTotal:             0 kB
SwapFree:              0 kB
Dirty:             57548 kB
Writeback:             0 kB
AnonPages:       1089980 kB
Mapped:           574724 kB
Shmem:            446364 kB
Slab:             171100 kB
SReclaimable:     120888 kB
SUnreclaim:        50212 kB
KernelStack:       13744 kB
PageTables:        46504 kB
NFS_Unstable:          0 kB
Bounce:                0 kB
WritebackTmp:          0 kB
CommitLimit:     4024800 kB
Committed_AS:    6421924 kB
VmallocTotal:   34359738367 kB
VmallocUsed:           0 kB
VmallocChunk:          0 kB
HardwareCorrupted:     0 kB
AnonHugePages:         0 kB
ShmemHugePages:        0 kB
ShmemPmdMapped:        0 kB
CmaTotal:              0 kB
CmaFree:               0 kB
HugePages_Total:       0
HugePages_Free:        0
HugePages_Rsvd:        0
HugePages_Surp:        0
Hugepagesize:       2048 kB
DirectMap4k:      203312 kB
DirectMap2M:     7018496 kB
DirectMap1G:     1048576 kB


/proc/sys/kernel/threads-max (system-wide limit on the number of threads):
62537


/proc/sys/vm/max_map_count (maximum number of memory map areas a process may have):
65530


/proc/sys/kernel/pid_max (system-wide limit on number of process identifiers):
32768



container (cgroup) information:
container_type: cgroupv1
cpu_cpuset_cpus: 0-7
cpu_memory_nodes: 0
active_processor_count: 8
cpu_quota: -1
cpu_period: 100000
cpu_shares: -1
memory_limit_in_bytes: -1
memory_and_swap_limit_in_bytes: -2
memory_soft_limit_in_bytes: -1
memory_usage_in_bytes: 3366612992
memory_max_usage_in_bytes: 0

Steal ticks since vm start: 0
Steal ticks percentage since vm start:  0,000

CPU:total 8 (initial active 8) (4 cores per cpu, 2 threads per core) family 6 model 60 stepping 3, cmov, cx8, fxsr, mmx, sse, sse2, sse3, ssse3, sse4.1, sse4.2, popcnt, avx, avx2, aes, clmul, erms, lzcnt, ht, tsc, tscinvbit, bmi1, bmi2, fma
CPU Model and flags from /proc/cpuinfo:
model name	: Intel(R) Core(TM) i7-4710MQ CPU @ 2.50GHz
flags		: fpu vme de pse tsc msr pae mce cx8 apic sep mtrr pge mca cmov pat pse36 clflush dts acpi mmx fxsr sse sse2 ss ht tm pbe syscall nx pdpe1gb rdtscp lm constant_tsc arch_perfmon pebs bts rep_good nopl xtopology nonstop_tsc cpuid aperfmperf pni pclmulqdq dtes64 monitor ds_cpl vmx est tm2 ssse3 sdbg fma cx16 xtpr pdcm pcid sse4_1 sse4_2 movbe popcnt tsc_deadline_timer aes xsave avx f16c rdrand lahf_lm abm cpuid_fault epb invpcid_single pti ssbd ibrs ibpb stibp tpr_shadow vnmi flexpriority ept vpid fsgsbase tsc_adjust bmi1 avx2 smep bmi2 erms invpcid xsaveopt dtherm ida arat pln pts md_clear flush_l1d

Memory: 4k page, physical 8049600k(4445900k free), swap 0k(0k free)

vm_info: OpenJDK 64-Bit Server VM (11.0.4+11-post-Ubuntu-1ubuntu218.04.3) for linux-amd64 JRE (11.0.4+11-post-Ubuntu-1ubuntu218.04.3), built on Jul 18 2019 18:21:46 by "buildd" with gcc 7.4.0

END.
