* Starting client
* Connecting to master process on port 6899
* Analyzing classpath: 
  - /home/joseb/Desktop/ats/ATS/Refactorings/AllSmells/demo1/target/classes
  - /home/joseb/Desktop/ats/ATS/Refactorings/AllSmells/demo1/target/classes
* Finished analyzing classpath
* Generating tests for class View.Menu
* Test criteria:
  - Line Coverage
  - Branch Coverage
  - Exception
  - Mutation testing (weak)
  - Method-Output Coverage
  - Top-Level Method Coverage
  - No-Exception Top-Level Method Coverage
  - Context Branch Coverage
* Setting up search algorithm for whole suite generation
[MASTER] 15:32:33.598 [pool-2-thread-1] WARN  TestSuiteSerialization - Cannot load tests because file does not exist: /home/joseb/Desktop/ats/ATS/Refactorings/AllSmells/demo1/.evosuite/evosuite-seeds/View.Menu.seed
* Loaded 0 tests from /home/joseb/Desktop/ats/ATS/Refactorings/AllSmells/demo1/.evosuite/evosuite-seeds/View.Menu.seed
* Total number of test goals: 
  - Line 279
  - Branch 126
  - Exception 0
  - MutationFactory 330
  - Output 65
  - Method 22
  - MethodNoException 22
  - CBranchFitnessFactory 126
* Using seed 1575732746811
* Starting evolution
* Search finished after 339s and 199 generations, 41422 statements, best individual has fitness: 234.90568497243353
* Writing sequences to pool
* Minimizing test suite
* Going to analyze the coverage criteria
* Coverage analysis for criterion LINE
* Coverage of criterion LINE: 86%
* Total number of goals: 279
* Number of covered goals: 239
* Coverage analysis for criterion BRANCH
* Coverage of criterion BRANCH: 84%
* Total number of goals: 126
* Number of covered goals: 106
* Coverage analysis for criterion EXCEPTION
* Coverage of criterion EXCEPTION: 100%
* Total number of goals: 30
* Number of covered goals: 30
* Coverage analysis for criterion WEAKMUTATION
* Coverage of criterion WEAKMUTATION: 65%
* Total number of goals: 330
* Number of covered goals: 214
* Coverage analysis for criterion OUTPUT
* Coverage of criterion OUTPUT: 29%
* Total number of goals: 65
* Number of covered goals: 19
* Coverage analysis for criterion METHOD
* Coverage of criterion METHOD: 100%
* Total number of goals: 22
* Number of covered goals: 22
* Coverage analysis for criterion METHODNOEXCEPTION
* Coverage of criterion METHODNOEXCEPTION: 68%
* Total number of goals: 22
* Number of covered goals: 15
* Coverage analysis for criterion CBRANCH
* Coverage of criterion CBRANCH: 81%
* Total number of goals: 126
* Number of covered goals: 102
* Generated 54 tests with total length 208
* Resulting test suite's coverage: 77% (average coverage for all fitness functions)
* Generating assertions
* Resulting test suite's mutation score: 28%
* Compiling and checking tests
* Permissions denied during test execution: 
  - java.lang.RuntimePermission: 
         writeFileDescriptor: 4
* Writing JUnit test case 'Menu_ESTest' to /home/joseb/Desktop/ats/ATS/Refactorings/AllSmells/demo1/.evosuite/tmp_2019_12_07_15_32_19/tests
* Done!

