* Starting client
* Connecting to master process on port 3672
* Analyzing classpath: 
  - /home/joseb/Desktop/ats/ATS/Refactorings/AllSmells/demo2/target/classes
  - /home/joseb/Desktop/ats/ATS/Refactorings/AllSmells/demo2/target/classes
  - /home/joseb/.m2/repository/com/google/code/gson/gson/2.6.2/gson-2.6.2.jar
* Finished analyzing classpath
* Generating tests for class Utilizador
* Test criteria:
  - Line Coverage
  - Branch Coverage
  - Exception
  - Mutation testing (weak)
  - Method-Output Coverage
  - Top-Level Method Coverage
  - No-Exception Top-Level Method Coverage
  - Context Branch Coverage
* Setting up search algorithm for whole suite generation
[MASTER] 16:38:11.247 [pool-2-thread-1] WARN  TestSuiteSerialization - Cannot load tests because file does not exist: /home/joseb/Desktop/ats/ATS/Refactorings/AllSmells/demo2/src/main/java/.evosuite/evosuite-seeds/Utilizador.seed
* Loaded 0 tests from /home/joseb/Desktop/ats/ATS/Refactorings/AllSmells/demo2/src/main/java/.evosuite/evosuite-seeds/Utilizador.seed
* Total number of test goals: 
  - Line 54
  - Branch 35
  - Exception 0
  - MutationFactory 57
  - Output 31
  - Method 18
  - MethodNoException 18
  - CBranchFitnessFactory 35
* Using seed 1575736688043
* Starting evolution
* Search finished after 61s and 302 generations, 149973 statements, best individual has fitness: 9.19999944662542
* Writing sequences to pool
* Minimizing test suite
* Going to analyze the coverage criteria
* Coverage analysis for criterion LINE
* Coverage of criterion LINE: 100%
* Total number of goals: 54
* Number of covered goals: 54
* Coverage analysis for criterion BRANCH
* Coverage of criterion BRANCH: 100%
* Total number of goals: 35
* Number of covered goals: 35
* Coverage analysis for criterion EXCEPTION
* Coverage of criterion EXCEPTION: 100%
* Total number of goals: 4
* Number of covered goals: 4
* Coverage analysis for criterion WEAKMUTATION
* Coverage of criterion WEAKMUTATION: 91%
* Total number of goals: 57
* Number of covered goals: 52
* Coverage analysis for criterion OUTPUT
* Coverage of criterion OUTPUT: 87%
* Total number of goals: 31
* Number of covered goals: 27
* Coverage analysis for criterion METHOD
* Coverage of criterion METHOD: 100%
* Total number of goals: 18
* Number of covered goals: 18
* Coverage analysis for criterion METHODNOEXCEPTION
* Coverage of criterion METHODNOEXCEPTION: 100%
* Total number of goals: 18
* Number of covered goals: 18
* Coverage analysis for criterion CBRANCH
* Coverage of criterion CBRANCH: 100%
* Total number of goals: 35
* Number of covered goals: 35
* Generated 35 tests with total length 112
* Resulting test suite's coverage: 97% (average coverage for all fitness functions)
* Generating assertions
* Resulting test suite's mutation score: 82%
* Compiling and checking tests
* Writing JUnit test case 'Utilizador_ESTest' to /home/joseb/Desktop/ats/ATS/Refactorings/AllSmells/demo2/src/main/java/.evosuite/tmp_2019_12_07_16_33_20/tests
* Done!

