#
# A fatal error has been detected by the Java Runtime Environment:
#
#  SIGSEGV (0xb) at pc=0x00007fbc2cce2547, pid=5057, tid=5058
#
# JRE version: OpenJDK Runtime Environment (11.0.4+11) (build 11.0.4+11-post-Ubuntu-1ubuntu218.04.3)
# Java VM: OpenJDK 64-Bit Server VM (11.0.4+11-post-Ubuntu-1ubuntu218.04.3, mixed mode, sharing, tiered, compressed oops, g1 gc, linux-amd64)
# Problematic frame:
# C  [libc.so.6+0x19b547]
#
# Core dump will be written. Default location: Core dumps may be processed with "/usr/share/apport/apport %p %s %c %d %P" (or dumping to /home/moises/Desktop/RAPL/Java/core.5057)
#
# If you would like to submit a bug report, please visit:
#   https://bugs.launchpad.net/ubuntu/+source/openjdk-lts
#

---------------  S U M M A R Y ------------

Command Line: EnergyCheckUtils

Host: Intel(R) Core(TM) i7-4710MQ CPU @ 2.50GHz, 8 cores, 7G, Ubuntu 18.04.3 LTS
Time: Sat Dec  7 14:19:59 2019 WET elapsed time: 0 seconds (0d 0h 0m 0s)

---------------  T H R E A D  ---------------

Current thread is native thread

Stack: [0x00007fbc2d250000,0x00007fbc2d351000],  sp=0x00007fbc2d34fe40,  free space=1023k
Native frames: (J=compiled Java code, A=aot compiled Java code, j=interpreted, Vv=VM code, C=native code)
C  [libc.so.6+0x19b547]

[error occurred during error reporting (printing native stack), id 0xb, SIGSEGV (0xb) at pc=0x00007fbc2bca41e6]


siginfo: si_signo: 11 (SIGSEGV), si_code: 128 (SI_KERNEL), si_addr: 0x0000000000000000

Register to memory mapping:

RAX=0x0 is NULL
RBX=
[error occurred during error reporting (printing register info), id 0xb, SIGSEGV (0xb) at pc=0x00007fbc2be748e7]

Registers:
RAX=0x0000000000000000, RBX=0x00007fbc24000928, RCX=0x00007fbc24013e50, RDX=0x00007fbc24013e50
RSP=0x00007fbc2d34fe40, RBP=0xffffffffffffffb0, RSI=0x00007fbc24000048, RDI=0x00007fbc2d34fe97
R8 =0x00007fbc24163a00, R9 =0x0000000000000005, R10=0x00007fbc24000910, R11=0x0000000000000246
R12=0x00007fbc24000020, R13=0x0000000000000001, R14=0x00007ffdcfdf0240, R15=0x4c28b0290001003a
RIP=0x00007fbc2cce2547, EFLAGS=0x0000000000010206, CSGSFS=0x002b000000000033, ERR=0x0000000000000000
  TRAPNO=0x000000000000000d

Top of Stack: (sp=0x00007fbc2d34fe40)
0x00007fbc2d34fe40:   0000000000000000 00007fbc24000b10
0x00007fbc2d34fe50:   00007fbc240008d0 00007fbc2d34fe97
0x00007fbc2d34fe60:   00007fbc24013bb8 0000557e0822f560
0x00007fbc2d34fe70:   0000000000000001 0000557e0822f2c0 

Instructions: (pc=0x00007fbc2cce2547)
0x00007fbc2cce2447:   ff ff 48 8d 78 08 e8 7e f9 ff ff 84 c0 0f 84 5d
0x00007fbc2cce2457:   fb ff ff 49 8b 7f 08 31 c0 48 8b 17 48 39 d0 74
0x00007fbc2cce2467:   41 48 89 c1 48 c1 e1 04 48 83 7c 0f 18 00 0f 85
0x00007fbc2cce2477:   3c fb ff ff 48 83 c0 01 eb e2 48 89 4c 24 08 48
0x00007fbc2cce2487:   89 14 24 e8 39 5e e8 ff 48 8b 4c 24 08 48 8b 14
0x00007fbc2cce2497:   24 48 c7 41 08 00 00 00 00 48 8b 4a 08 e9 aa fe
0x00007fbc2cce24a7:   ff ff e8 1a 5e e8 ff 49 c7 47 08 00 00 00 00 4d
0x00007fbc2cce24b7:   8b 7e 08 e9 de fe ff ff 00 41 57 41 56 41 55 41
0x00007fbc2cce24c7:   54 55 53 48 83 ec 68 48 8b 2d a3 f8 24 00 64 48
0x00007fbc2cce24d7:   8b 04 25 28 00 00 00 48 89 44 24 58 31 c0 64 4c
0x00007fbc2cce24e7:   8b 65 00 4d 85 e4 0f 84 5d 01 00 00 48 8b 05 86
0x00007fbc2cce24f7:   f8 24 00 4d 8d 54 24 40 49 8d 8c 24 40 02 00 00
0x00007fbc2cce2507:   48 8d 7c 24 57 64 48 c7 45 00 00 00 00 00 4c 89
0x00007fbc2cce2517:   64 24 10 48 89 4c 24 08 4c 89 d3 64 c6 00 01 48
0x00007fbc2cce2527:   8b 05 bb f9 24 00 48 89 7c 24 18 48 8b 00 4c 8b
0x00007fbc2cce2537:   3b 41 bd 01 00 00 00 4d 85 ff 0f 84 b0 00 00 00
0x00007fbc2cce2547:   49 8b 17 48 85 c0 48 89 13 0f 85 4a 03 00 00 49
0x00007fbc2cce2557:   8b 77 f8 4d 8d 47 f0 40 f6 c6 02 0f 84 d8 01 00
0x00007fbc2cce2567:   00 8b 3d 46 fd 24 00 48 8b 05 c3 23 25 00 85 ff
0x00007fbc2cce2577:   75 16 48 3b 35 10 fd 24 00 76 0d 48 81 fe 00 00
0x00007fbc2cce2587:   00 02 0f 86 f1 04 00 00 48 83 e6 f8 49 39 c0 0f
0x00007fbc2cce2597:   83 64 02 00 00 49 8b 47 f0 4c 89 c7 48 29 c7 48
0x00007fbc2cce25a7:   01 c6 48 8b 05 a8 f8 24 00 48 89 fa 48 09 f2 48
0x00007fbc2cce25b7:   8b 40 18 48 83 e8 01 48 85 d0 0f 85 01 07 00 00
0x00007fbc2cce25c7:   f0 ff 0d da fc 24 00 48 89 f0 48 f7 d8 f0 48 01
0x00007fbc2cce25d7:   05 dc fc 24 00 e8 cf 04 f8 ff 4c 8b 3b 48 8b 05
0x00007fbc2cce25e7:   fd f8 24 00 4d 85 ff 48 8b 00 0f 85 50 ff ff ff
0x00007fbc2cce25f7:   48 83 c3 08 48 39 5c 24 08 0f 85 2f ff ff ff 48
0x00007fbc2cce2607:   85 c0 4c 8b 64 24 10 0f 85 80 0b 00 00 49 8b 44
0x00007fbc2cce2617:   24 f8 49 8d 5c 24 f0 a8 02 0f 84 ea 0a 00 00 8b
0x00007fbc2cce2627:   15 88 fc 24 00 85 d2 75 15 48 3b 05 59 fc 24 00
0x00007fbc2cce2637:   76 0c 48 3d 00 00 00 02 0f 86 db 0b 00 00 48 89 


Stack slot to memory mapping:
stack at sp + 0 slots: 0x0 is NULL
stack at sp + 1 slots: 
[error occurred during error reporting (inspecting top of stack), id 0xb, SIGSEGV (0xb) at pc=0x00007fbc2be748e7]


---------------  P R O C E S S  ---------------

VM state:at safepoint (shutting down)

VM Mutex/Monitor currently owned by a thread:  ([mutex/lock_event])
[0x00007fbc2400e570] Threads_lock - owner thread: 0x00007fbc24117000

Heap address: 0x0000000085200000, size: 1966 MB, Compressed Oops mode: 32-bit
Narrow klass base: 0x0000000800000000, Narrow klass shift: 3
Compressed class space size: 1073741824 Address: 0x0000000840000000

Heap:
 garbage-first heap   total 129024K, used 2680K [0x0000000085200000, 0x0000000100000000)
  region size 1024K, 3 young (3072K), 0 survivors (0K)
 Metaspace       used 823K, capacity 4709K, committed 4864K, reserved 1056768K
  class space    used 87K, capacity 465K, committed 512K, reserved 1048576K
Heap Regions: E=young(eden), S=young(survivor), O=old, HS=humongous(starts), HC=humongous(continues), CS=collection set, F=free, A=archive, TAMS=top-at-mark-start (previous, next)
|   0|0x0000000085200000, 0x0000000085200000, 0x0000000085300000|  0%| F|  |TAMS 0x0000000085200000, 0x0000000085200000| Untracked 
|   1|0x0000000085300000, 0x0000000085300000, 0x0000000085400000|  0%| F|  |TAMS 0x0000000085300000, 0x0000000085300000| Untracked 
|   2|0x0000000085400000, 0x0000000085400000, 0x0000000085500000|  0%| F|  |TAMS 0x0000000085400000, 0x0000000085400000| Untracked 
|   3|0x0000000085500000, 0x0000000085500000, 0x0000000085600000|  0%| F|  |TAMS 0x0000000085500000, 0x0000000085500000| Untracked 
|   4|0x0000000085600000, 0x0000000085600000, 0x0000000085700000|  0%| F|  |TAMS 0x0000000085600000, 0x0000000085600000| Untracked 
|   5|0x0000000085700000, 0x0000000085700000, 0x0000000085800000|  0%| F|  |TAMS 0x0000000085700000, 0x0000000085700000| Untracked 
|   6|0x0000000085800000, 0x0000000085800000, 0x0000000085900000|  0%| F|  |TAMS 0x0000000085800000, 0x0000000085800000| Untracked 
|   7|0x0000000085900000, 0x0000000085900000, 0x0000000085a00000|  0%| F|  |TAMS 0x0000000085900000, 0x0000000085900000| Untracked 
|   8|0x0000000085a00000, 0x0000000085a00000, 0x0000000085b00000|  0%| F|  |TAMS 0x0000000085a00000, 0x0000000085a00000| Untracked 
|   9|0x0000000085b00000, 0x0000000085b00000, 0x0000000085c00000|  0%| F|  |TAMS 0x0000000085b00000, 0x0000000085b00000| Untracked 
|  10|0x0000000085c00000, 0x0000000085c00000, 0x0000000085d00000|  0%| F|  |TAMS 0x0000000085c00000, 0x0000000085c00000| Untracked 
|  11|0x0000000085d00000, 0x0000000085d00000, 0x0000000085e00000|  0%| F|  |TAMS 0x0000000085d00000, 0x0000000085d00000| Untracked 
|  12|0x0000000085e00000, 0x0000000085e00000, 0x0000000085f00000|  0%| F|  |TAMS 0x0000000085e00000, 0x0000000085e00000| Untracked 
|  13|0x0000000085f00000, 0x0000000085f00000, 0x0000000086000000|  0%| F|  |TAMS 0x0000000085f00000, 0x0000000085f00000| Untracked 
|  14|0x0000000086000000, 0x0000000086000000, 0x0000000086100000|  0%| F|  |TAMS 0x0000000086000000, 0x0000000086000000| Untracked 
|  15|0x0000000086100000, 0x0000000086100000, 0x0000000086200000|  0%| F|  |TAMS 0x0000000086100000, 0x0000000086100000| Untracked 
|  16|0x0000000086200000, 0x0000000086200000, 0x0000000086300000|  0%| F|  |TAMS 0x0000000086200000, 0x0000000086200000| Untracked 
|  17|0x0000000086300000, 0x0000000086300000, 0x0000000086400000|  0%| F|  |TAMS 0x0000000086300000, 0x0000000086300000| Untracked 
|  18|0x0000000086400000, 0x0000000086400000, 0x0000000086500000|  0%| F|  |TAMS 0x0000000086400000, 0x0000000086400000| Untracked 
|  19|0x0000000086500000, 0x0000000086500000, 0x0000000086600000|  0%| F|  |TAMS 0x0000000086500000, 0x0000000086500000| Untracked 
|  20|0x0000000086600000, 0x0000000086600000, 0x0000000086700000|  0%| F|  |TAMS 0x0000000086600000, 0x0000000086600000| Untracked 
|  21|0x0000000086700000, 0x0000000086700000, 0x0000000086800000|  0%| F|  |TAMS 0x0000000086700000, 0x0000000086700000| Untracked 
|  22|0x0000000086800000, 0x0000000086800000, 0x0000000086900000|  0%| F|  |TAMS 0x0000000086800000, 0x0000000086800000| Untracked 
|  23|0x0000000086900000, 0x0000000086900000, 0x0000000086a00000|  0%| F|  |TAMS 0x0000000086900000, 0x0000000086900000| Untracked 
|  24|0x0000000086a00000, 0x0000000086a00000, 0x0000000086b00000|  0%| F|  |TAMS 0x0000000086a00000, 0x0000000086a00000| Untracked 
|  25|0x0000000086b00000, 0x0000000086b00000, 0x0000000086c00000|  0%| F|  |TAMS 0x0000000086b00000, 0x0000000086b00000| Untracked 
|  26|0x0000000086c00000, 0x0000000086c00000, 0x0000000086d00000|  0%| F|  |TAMS 0x0000000086c00000, 0x0000000086c00000| Untracked 
|  27|0x0000000086d00000, 0x0000000086d00000, 0x0000000086e00000|  0%| F|  |TAMS 0x0000000086d00000, 0x0000000086d00000| Untracked 
|  28|0x0000000086e00000, 0x0000000086e00000, 0x0000000086f00000|  0%| F|  |TAMS 0x0000000086e00000, 0x0000000086e00000| Untracked 
|  29|0x0000000086f00000, 0x0000000086f00000, 0x0000000087000000|  0%| F|  |TAMS 0x0000000086f00000, 0x0000000086f00000| Untracked 
|  30|0x0000000087000000, 0x0000000087000000, 0x0000000087100000|  0%| F|  |TAMS 0x0000000087000000, 0x0000000087000000| Untracked 
|  31|0x0000000087100000, 0x0000000087100000, 0x0000000087200000|  0%| F|  |TAMS 0x0000000087100000, 0x0000000087100000| Untracked 
|  32|0x0000000087200000, 0x0000000087200000, 0x0000000087300000|  0%| F|  |TAMS 0x0000000087200000, 0x0000000087200000| Untracked 
|  33|0x0000000087300000, 0x0000000087300000, 0x0000000087400000|  0%| F|  |TAMS 0x0000000087300000, 0x0000000087300000| Untracked 
|  34|0x0000000087400000, 0x0000000087400000, 0x0000000087500000|  0%| F|  |TAMS 0x0000000087400000, 0x0000000087400000| Untracked 
|  35|0x0000000087500000, 0x0000000087500000, 0x0000000087600000|  0%| F|  |TAMS 0x0000000087500000, 0x0000000087500000| Untracked 
|  36|0x0000000087600000, 0x0000000087600000, 0x0000000087700000|  0%| F|  |TAMS 0x0000000087600000, 0x0000000087600000| Untracked 
|  37|0x0000000087700000, 0x0000000087700000, 0x0000000087800000|  0%| F|  |TAMS 0x0000000087700000, 0x0000000087700000| Untracked 
|  38|0x0000000087800000, 0x0000000087800000, 0x0000000087900000|  0%| F|  |TAMS 0x0000000087800000, 0x0000000087800000| Untracked 
|  39|0x0000000087900000, 0x0000000087900000, 0x0000000087a00000|  0%| F|  |TAMS 0x0000000087900000, 0x0000000087900000| Untracked 
|  40|0x0000000087a00000, 0x0000000087a00000, 0x0000000087b00000|  0%| F|  |TAMS 0x0000000087a00000, 0x0000000087a00000| Untracked 
|  41|0x0000000087b00000, 0x0000000087b00000, 0x0000000087c00000|  0%| F|  |TAMS 0x0000000087b00000, 0x0000000087b00000| Untracked 
|  42|0x0000000087c00000, 0x0000000087c00000, 0x0000000087d00000|  0%| F|  |TAMS 0x0000000087c00000, 0x0000000087c00000| Untracked 
|  43|0x0000000087d00000, 0x0000000087d00000, 0x0000000087e00000|  0%| F|  |TAMS 0x0000000087d00000, 0x0000000087d00000| Untracked 
|  44|0x0000000087e00000, 0x0000000087e00000, 0x0000000087f00000|  0%| F|  |TAMS 0x0000000087e00000, 0x0000000087e00000| Untracked 
|  45|0x0000000087f00000, 0x0000000087f00000, 0x0000000088000000|  0%| F|  |TAMS 0x0000000087f00000, 0x0000000087f00000| Untracked 
|  46|0x0000000088000000, 0x0000000088000000, 0x0000000088100000|  0%| F|  |TAMS 0x0000000088000000, 0x0000000088000000| Untracked 
|  47|0x0000000088100000, 0x0000000088100000, 0x0000000088200000|  0%| F|  |TAMS 0x0000000088100000, 0x0000000088100000| Untracked 
|  48|0x0000000088200000, 0x0000000088200000, 0x0000000088300000|  0%| F|  |TAMS 0x0000000088200000, 0x0000000088200000| Untracked 
|  49|0x0000000088300000, 0x0000000088300000, 0x0000000088400000|  0%| F|  |TAMS 0x0000000088300000, 0x0000000088300000| Untracked 
|  50|0x0000000088400000, 0x0000000088400000, 0x0000000088500000|  0%| F|  |TAMS 0x0000000088400000, 0x0000000088400000| Untracked 
|  51|0x0000000088500000, 0x0000000088500000, 0x0000000088600000|  0%| F|  |TAMS 0x0000000088500000, 0x0000000088500000| Untracked 
|  52|0x0000000088600000, 0x0000000088600000, 0x0000000088700000|  0%| F|  |TAMS 0x0000000088600000, 0x0000000088600000| Untracked 
|  53|0x0000000088700000, 0x0000000088700000, 0x0000000088800000|  0%| F|  |TAMS 0x0000000088700000, 0x0000000088700000| Untracked 
|  54|0x0000000088800000, 0x0000000088800000, 0x0000000088900000|  0%| F|  |TAMS 0x0000000088800000, 0x0000000088800000| Untracked 
|  55|0x0000000088900000, 0x0000000088900000, 0x0000000088a00000|  0%| F|  |TAMS 0x0000000088900000, 0x0000000088900000| Untracked 
|  56|0x0000000088a00000, 0x0000000088a00000, 0x0000000088b00000|  0%| F|  |TAMS 0x0000000088a00000, 0x0000000088a00000| Untracked 
|  57|0x0000000088b00000, 0x0000000088b00000, 0x0000000088c00000|  0%| F|  |TAMS 0x0000000088b00000, 0x0000000088b00000| Untracked 
|  58|0x0000000088c00000, 0x0000000088c00000, 0x0000000088d00000|  0%| F|  |TAMS 0x0000000088c00000, 0x0000000088c00000| Untracked 
|  59|0x0000000088d00000, 0x0000000088d00000, 0x0000000088e00000|  0%| F|  |TAMS 0x0000000088d00000, 0x0000000088d00000| Untracked 
|  60|0x0000000088e00000, 0x0000000088e00000, 0x0000000088f00000|  0%| F|  |TAMS 0x0000000088e00000, 0x0000000088e00000| Untracked 
|  61|0x0000000088f00000, 0x0000000088f00000, 0x0000000089000000|  0%| F|  |TAMS 0x0000000088f00000, 0x0000000088f00000| Untracked 
|  62|0x0000000089000000, 0x0000000089000000, 0x0000000089100000|  0%| F|  |TAMS 0x0000000089000000, 0x0000000089000000| Untracked 
|  63|0x0000000089100000, 0x0000000089100000, 0x0000000089200000|  0%| F|  |TAMS 0x0000000089100000, 0x0000000089100000| Untracked 
|  64|0x0000000089200000, 0x0000000089200000, 0x0000000089300000|  0%| F|  |TAMS 0x0000000089200000, 0x0000000089200000| Untracked 
|  65|0x0000000089300000, 0x0000000089300000, 0x0000000089400000|  0%| F|  |TAMS 0x0000000089300000, 0x0000000089300000| Untracked 
|  66|0x0000000089400000, 0x0000000089400000, 0x0000000089500000|  0%| F|  |TAMS 0x0000000089400000, 0x0000000089400000| Untracked 
|  67|0x0000000089500000, 0x0000000089500000, 0x0000000089600000|  0%| F|  |TAMS 0x0000000089500000, 0x0000000089500000| Untracked 
|  68|0x0000000089600000, 0x0000000089600000, 0x0000000089700000|  0%| F|  |TAMS 0x0000000089600000, 0x0000000089600000| Untracked 
|  69|0x0000000089700000, 0x0000000089700000, 0x0000000089800000|  0%| F|  |TAMS 0x0000000089700000, 0x0000000089700000| Untracked 
|  70|0x0000000089800000, 0x0000000089800000, 0x0000000089900000|  0%| F|  |TAMS 0x0000000089800000, 0x0000000089800000| Untracked 
|  71|0x0000000089900000, 0x0000000089900000, 0x0000000089a00000|  0%| F|  |TAMS 0x0000000089900000, 0x0000000089900000| Untracked 
|  72|0x0000000089a00000, 0x0000000089a00000, 0x0000000089b00000|  0%| F|  |TAMS 0x0000000089a00000, 0x0000000089a00000| Untracked 
|  73|0x0000000089b00000, 0x0000000089b00000, 0x0000000089c00000|  0%| F|  |TAMS 0x0000000089b00000, 0x0000000089b00000| Untracked 
|  74|0x0000000089c00000, 0x0000000089c00000, 0x0000000089d00000|  0%| F|  |TAMS 0x0000000089c00000, 0x0000000089c00000| Untracked 
|  75|0x0000000089d00000, 0x0000000089d00000, 0x0000000089e00000|  0%| F|  |TAMS 0x0000000089d00000, 0x0000000089d00000| Untracked 
|  76|0x0000000089e00000, 0x0000000089e00000, 0x0000000089f00000|  0%| F|  |TAMS 0x0000000089e00000, 0x0000000089e00000| Untracked 
|  77|0x0000000089f00000, 0x0000000089f00000, 0x000000008a000000|  0%| F|  |TAMS 0x0000000089f00000, 0x0000000089f00000| Untracked 
|  78|0x000000008a000000, 0x000000008a000000, 0x000000008a100000|  0%| F|  |TAMS 0x000000008a000000, 0x000000008a000000| Untracked 
|  79|0x000000008a100000, 0x000000008a100000, 0x000000008a200000|  0%| F|  |TAMS 0x000000008a100000, 0x000000008a100000| Untracked 
|  80|0x000000008a200000, 0x000000008a200000, 0x000000008a300000|  0%| F|  |TAMS 0x000000008a200000, 0x000000008a200000| Untracked 
|  81|0x000000008a300000, 0x000000008a300000, 0x000000008a400000|  0%| F|  |TAMS 0x000000008a300000, 0x000000008a300000| Untracked 
|  82|0x000000008a400000, 0x000000008a400000, 0x000000008a500000|  0%| F|  |TAMS 0x000000008a400000, 0x000000008a400000| Untracked 
|  83|0x000000008a500000, 0x000000008a500000, 0x000000008a600000|  0%| F|  |TAMS 0x000000008a500000, 0x000000008a500000| Untracked 
|  84|0x000000008a600000, 0x000000008a600000, 0x000000008a700000|  0%| F|  |TAMS 0x000000008a600000, 0x000000008a600000| Untracked 
|  85|0x000000008a700000, 0x000000008a700000, 0x000000008a800000|  0%| F|  |TAMS 0x000000008a700000, 0x000000008a700000| Untracked 
|  86|0x000000008a800000, 0x000000008a800000, 0x000000008a900000|  0%| F|  |TAMS 0x000000008a800000, 0x000000008a800000| Untracked 
|  87|0x000000008a900000, 0x000000008a900000, 0x000000008aa00000|  0%| F|  |TAMS 0x000000008a900000, 0x000000008a900000| Untracked 
|  88|0x000000008aa00000, 0x000000008aa00000, 0x000000008ab00000|  0%| F|  |TAMS 0x000000008aa00000, 0x000000008aa00000| Untracked 
|  89|0x000000008ab00000, 0x000000008ab00000, 0x000000008ac00000|  0%| F|  |TAMS 0x000000008ab00000, 0x000000008ab00000| Untracked 
|  90|0x000000008ac00000, 0x000000008ac00000, 0x000000008ad00000|  0%| F|  |TAMS 0x000000008ac00000, 0x000000008ac00000| Untracked 
|  91|0x000000008ad00000, 0x000000008ad00000, 0x000000008ae00000|  0%| F|  |TAMS 0x000000008ad00000, 0x000000008ad00000| Untracked 
|  92|0x000000008ae00000, 0x000000008ae00000, 0x000000008af00000|  0%| F|  |TAMS 0x000000008ae00000, 0x000000008ae00000| Untracked 
|  93|0x000000008af00000, 0x000000008af00000, 0x000000008b000000|  0%| F|  |TAMS 0x000000008af00000, 0x000000008af00000| Untracked 
|  94|0x000000008b000000, 0x000000008b000000, 0x000000008b100000|  0%| F|  |TAMS 0x000000008b000000, 0x000000008b000000| Untracked 
|  95|0x000000008b100000, 0x000000008b100000, 0x000000008b200000|  0%| F|  |TAMS 0x000000008b100000, 0x000000008b100000| Untracked 
|  96|0x000000008b200000, 0x000000008b200000, 0x000000008b300000|  0%| F|  |TAMS 0x000000008b200000, 0x000000008b200000| Untracked 
|  97|0x000000008b300000, 0x000000008b300000, 0x000000008b400000|  0%| F|  |TAMS 0x000000008b300000, 0x000000008b300000| Untracked 
|  98|0x000000008b400000, 0x000000008b400000, 0x000000008b500000|  0%| F|  |TAMS 0x000000008b400000, 0x000000008b400000| Untracked 
|  99|0x000000008b500000, 0x000000008b500000, 0x000000008b600000|  0%| F|  |TAMS 0x000000008b500000, 0x000000008b500000| Untracked 
| 100|0x000000008b600000, 0x000000008b600000, 0x000000008b700000|  0%| F|  |TAMS 0x000000008b600000, 0x000000008b600000| Untracked 
| 101|0x000000008b700000, 0x000000008b700000, 0x000000008b800000|  0%| F|  |TAMS 0x000000008b700000, 0x000000008b700000| Untracked 
| 102|0x000000008b800000, 0x000000008b800000, 0x000000008b900000|  0%| F|  |TAMS 0x000000008b800000, 0x000000008b800000| Untracked 
| 103|0x000000008b900000, 0x000000008b900000, 0x000000008ba00000|  0%| F|  |TAMS 0x000000008b900000, 0x000000008b900000| Untracked 
| 104|0x000000008ba00000, 0x000000008ba00000, 0x000000008bb00000|  0%| F|  |TAMS 0x000000008ba00000, 0x000000008ba00000| Untracked 
| 105|0x000000008bb00000, 0x000000008bb00000, 0x000000008bc00000|  0%| F|  |TAMS 0x000000008bb00000, 0x000000008bb00000| Untracked 
| 106|0x000000008bc00000, 0x000000008bc00000, 0x000000008bd00000|  0%| F|  |TAMS 0x000000008bc00000, 0x000000008bc00000| Untracked 
| 107|0x000000008bd00000, 0x000000008bd00000, 0x000000008be00000|  0%| F|  |TAMS 0x000000008bd00000, 0x000000008bd00000| Untracked 
| 108|0x000000008be00000, 0x000000008be00000, 0x000000008bf00000|  0%| F|  |TAMS 0x000000008be00000, 0x000000008be00000| Untracked 
| 109|0x000000008bf00000, 0x000000008bf00000, 0x000000008c000000|  0%| F|  |TAMS 0x000000008bf00000, 0x000000008bf00000| Untracked 
| 110|0x000000008c000000, 0x000000008c000000, 0x000000008c100000|  0%| F|  |TAMS 0x000000008c000000, 0x000000008c000000| Untracked 
| 111|0x000000008c100000, 0x000000008c100000, 0x000000008c200000|  0%| F|  |TAMS 0x000000008c100000, 0x000000008c100000| Untracked 
| 112|0x000000008c200000, 0x000000008c200000, 0x000000008c300000|  0%| F|  |TAMS 0x000000008c200000, 0x000000008c200000| Untracked 
| 113|0x000000008c300000, 0x000000008c300000, 0x000000008c400000|  0%| F|  |TAMS 0x000000008c300000, 0x000000008c300000| Untracked 
| 114|0x000000008c400000, 0x000000008c400000, 0x000000008c500000|  0%| F|  |TAMS 0x000000008c400000, 0x000000008c400000| Untracked 
| 115|0x000000008c500000, 0x000000008c500000, 0x000000008c600000|  0%| F|  |TAMS 0x000000008c500000, 0x000000008c500000| Untracked 
| 116|0x000000008c600000, 0x000000008c600000, 0x000000008c700000|  0%| F|  |TAMS 0x000000008c600000, 0x000000008c600000| Untracked 
| 117|0x000000008c700000, 0x000000008c700000, 0x000000008c800000|  0%| F|  |TAMS 0x000000008c700000, 0x000000008c700000| Untracked 
| 118|0x000000008c800000, 0x000000008c800000, 0x000000008c900000|  0%| F|  |TAMS 0x000000008c800000, 0x000000008c800000| Untracked 
| 119|0x000000008c900000, 0x000000008c900000, 0x000000008ca00000|  0%| F|  |TAMS 0x000000008c900000, 0x000000008c900000| Untracked 
| 120|0x000000008ca00000, 0x000000008ca00000, 0x000000008cb00000|  0%| F|  |TAMS 0x000000008ca00000, 0x000000008ca00000| Untracked 
| 121|0x000000008cb00000, 0x000000008cc00000, 0x000000008cc00000|100%| E|  |TAMS 0x000000008cb00000, 0x000000008cb00000| Complete 
| 122|0x000000008cc00000, 0x000000008cd00000, 0x000000008cd00000|100%| E|CS|TAMS 0x000000008cc00000, 0x000000008cc00000| Complete 
| 123|0x000000008cd00000, 0x000000008ce00000, 0x000000008ce00000|100%| E|CS|TAMS 0x000000008cd00000, 0x000000008cd00000| Complete 
|1964|0x00000000ffe00000, 0x00000000ffe34000, 0x00000000fff00000| 20%|OA|  |TAMS 0x00000000ffe00000, 0x00000000ffe00000| Untracked 
|1965|0x00000000fff00000, 0x00000000fff6a000, 0x0000000100000000| 41%|CA|  |TAMS 0x00000000fff00000, 0x00000000fff00000| Untracked 

Card table byte_map: [0x00007fbc28291000,0x00007fbc28668000] _byte_map_base: 0x00007fbc27e68000

Marking Bits (Prev, Next): (CMBitMap*) 0x00007fbc24051028, (CMBitMap*) 0x00007fbc24051060
 Prev Bits: [0x00007fbc06148000, 0x00007fbc08000000)
 Next Bits: [0x00007fbc04290000, 0x00007fbc06148000)

Polling page: 0x00007fbc2d36c000

Metaspace:

Usage:
  Non-class:      4,14 MB capacity,   735,81 KB ( 17%) used,     3,42 MB ( 82%) free+waste,     8,75 KB ( <1%) overhead. 
      Class:    465,00 KB capacity,    87,86 KB ( 19%) used,   372,08 KB ( 80%) free+waste,     5,06 KB (  1%) overhead. 
       Both:      4,60 MB capacity,   823,67 KB ( 17%) used,     3,78 MB ( 82%) free+waste,    13,81 KB ( <1%) overhead. 

Virtual space:
  Non-class space:        8,00 MB reserved,       4,25 MB ( 53%) committed 
      Class space:        1,00 GB reserved,     512,00 KB ( <1%) committed 
             Both:        1,01 GB reserved,       4,75 MB ( <1%) committed 

Chunk freelists:
   Non-Class:  0 bytes
       Class:  0 bytes
        Both:  0 bytes

CodeHeap 'non-profiled nmethods': size=120032Kb used=102Kb max_used=102Kb free=119929Kb
 bounds [0x00007fbc1441e000, 0x00007fbc1468e000, 0x00007fbc1b956000]
CodeHeap 'profiled nmethods': size=120028Kb used=613Kb max_used=613Kb free=119414Kb
 bounds [0x00007fbc0cee7000, 0x00007fbc0d157000, 0x00007fbc1441e000]
CodeHeap 'non-nmethods': size=5700Kb used=1053Kb max_used=1062Kb free=4646Kb
 bounds [0x00007fbc0c956000, 0x00007fbc0cbc6000, 0x00007fbc0cee7000]
 total_blobs=807 nmethods=392 adapters=255
 compilation: enabled
              stopped_count=0, restarted_count=0
 full_count=0

Compilation events (10 events):
Event: 0,546 Thread 0x00007fbc24126800  392       3       java.lang.invoke.InvokerBytecodeGenerator::storeInsnOpcode (86 bytes)
Event: 0,546 Thread 0x00007fbbd4251000 nmethod 378 0x00007fbc14437410 code [0x00007fbc144375a0, 0x00007fbc14437638]
Event: 0,547 Thread 0x00007fbbd4251000  332       4       jdk.internal.org.objectweb.asm.Item::set (219 bytes)
Event: 0,547 Thread 0x00007fbc24126800 nmethod 392 0x00007fbc0cf7e510 code [0x00007fbc0cf7e7a0, 0x00007fbc0cf7f338]
Event: 0,547 Thread 0x00007fbc24126800  390       3       sun.invoke.util.Wrapper::isIntegral (23 bytes)
Event: 0,547 Thread 0x00007fbc24126800 nmethod 390 0x00007fbc0cf7f710 code [0x00007fbc0cf7f8e0, 0x00007fbc0cf7fbb0]
Event: 0,547 Thread 0x00007fbc24126800  391       3       sun.invoke.util.Wrapper::isNumeric (16 bytes)
Event: 0,547 Thread 0x00007fbc24126800 nmethod 391 0x00007fbc0cf7fc90 code [0x00007fbc0cf7fe40, 0x00007fbc0cf80010]
Event: 0,547 Thread 0x00007fbc24126800  395       3       java.lang.invoke.MethodType::erase (8 bytes)
Event: 0,547 Thread 0x00007fbc24126800 nmethod 395 0x00007fbc0cf80090 code [0x00007fbc0cf80240, 0x00007fbc0cf803d0]

GC Heap History (0 events):
No events

Deoptimization events (4 events):
Event: 0,028 Thread 0x00007fbc24012000 Uncommon trap: trap_request=0xffffff4d fr.pc=0x00007fbc14421bc8 relative=0x0000000000000088
Event: 0,028 Thread 0x00007fbc24012000 Uncommon trap: reason=unstable_if action=reinterpret pc=0x00007fbc14421bc8 method=java.lang.String.hashCode()I @ 14 c2
Event: 0,028 Thread 0x00007fbc24012000 DEOPT PACKING pc=0x00007fbc14421bc8 sp=0x00007fbc2d34e1a0
Event: 0,028 Thread 0x00007fbc24012000 DEOPT UNPACKING pc=0x00007fbc0c97ea25 sp=0x00007fbc2d34e158 mode 2

Classes redefined (0 events):
No events

Internal exceptions (10 events):
Event: 0,508 Thread 0x00007fbc24012000 Exception <a 'java/lang/NoSuchMethodError'{0x000000008cc9f960}: 'java.lang.Object java.lang.invoke.DirectMethodHandle$Holder.invokeStatic(java.lang.Object, java.lang.Object, java.lang.Object, java.lang.Object, java.lang.Object, java.lang.Object, java.lang
Event: 0,510 Thread 0x00007fbc24012000 Exception <a 'java/lang/NoSuchMethodError'{0x000000008ccad7c0}: 'java.lang.Object java.lang.invoke.DirectMethodHandle$Holder.invokeSpecial(java.lang.Object, java.lang.Object, int, int, int, int, java.lang.Object)'> (0x000000008ccad7c0) thrown at [/build/o
Event: 0,510 Thread 0x00007fbc24012000 Exception <a 'java/lang/NoSuchMethodError'{0x000000008ccb0b50}: 'java.lang.Object java.lang.invoke.DelegatingMethodHandle$Holder.reinvoke_L(java.lang.Object, int, int, int, int, java.lang.Object)'> (0x000000008ccb0b50) thrown at [/build/openjdk-lts-7bqZff
Event: 0,512 Thread 0x00007fbc24012000 Exception <a 'java/lang/NoSuchMethodError'{0x000000008ccbf8a0}: 'java.lang.Object java.lang.invoke.DirectMethodHandle$Holder.invokeStatic(java.lang.Object, java.lang.Object, java.lang.Object, java.lang.Object, java.lang.Object, java.lang.Object, int)'> (0
Event: 0,534 Thread 0x00007fbc24012000 Exception <a 'java/lang/NoSuchMethodError'{0x000000008cb6b328}: 'java.lang.Object java.lang.invoke.DirectMethodHandle$Holder.invokeSpecial(java.lang.Object, java.lang.Object, int, int, int, java.lang.Object, java.lang.Object, java.lang.Object)'> (0x000000
Event: 0,534 Thread 0x00007fbc24012000 Exception <a 'java/lang/NoSuchMethodError'{0x000000008cb6e6c0}: 'java.lang.Object java.lang.invoke.DelegatingMethodHandle$Holder.reinvoke_L(java.lang.Object, int, int, int, java.lang.Object, java.lang.Object, java.lang.Object)'> (0x000000008cb6e6c0) throw
Event: 0,535 Thread 0x00007fbc24012000 Exception <a 'java/lang/NoSuchMethodError'{0x000000008cb75b18}: 'java.lang.Object java.lang.invoke.DirectMethodHandle$Holder.invokeStatic(java.lang.Object, java.lang.Object, java.lang.Object, java.lang.Object, java.lang.Object, int)'> (0x000000008cb75b18)
Event: 0,537 Thread 0x00007fbc24012000 Exception <a 'java/lang/NoSuchMethodError'{0x000000008cb8bf38}: 'java.lang.Object java.lang.invoke.DirectMethodHandle$Holder.invokeStatic(java.lang.Object, java.lang.Object, java.lang.Object, java.lang.Object, java.lang.Object, int, int)'> (0x000000008cb8
Event: 0,540 Thread 0x00007fbc24012000 Exception <a 'java/lang/NoSuchMethodError'{0x000000008cba2a18}: 'java.lang.Object java.lang.invoke.DirectMethodHandle$Holder.invokeStatic(java.lang.Object, java.lang.Object, java.lang.Object, java.lang.Object, java.lang.Object, int, int, java.lang.Object)
Event: 0,543 Thread 0x00007fbc24012000 Exception <a 'java/lang/NoSuchMethodError'{0x000000008cbbad20}: 'java.lang.Object java.lang.invoke.DirectMethodHandle$Holder.invokeStatic(java.lang.Object, java.lang.Object, java.lang.Object, java.lang.Object, java.lang.Object, int, int, java.lang.Object,

Events (10 events):
Event: 0,538 loading class java/lang/invoke/BoundMethodHandle$Species_LLIIL
Event: 0,538 loading class java/lang/invoke/BoundMethodHandle$Species_LLIIL done
Event: 0,541 loading class java/lang/invoke/BoundMethodHandle$Species_LLIILL
Event: 0,541 loading class java/lang/invoke/BoundMethodHandle$Species_LLIILL done
Event: 0,544 loading class java/lang/invoke/BoundMethodHandle$Species_LLIILLL
Event: 0,544 loading class java/lang/invoke/BoundMethodHandle$Species_LLIILLL done
Event: 0,544 Thread 0x00007fbbd4251000 Thread added: 0x00007fbbd4251000
Event: 0,547 Thread 0x00007fbc24012000 Thread exited: 0x00007fbc24012000
Event: 0,547 Thread 0x00007fbc24012000 Thread added: 0x00007fbc24012000
Event: 0,548 Thread 0x00007fbc24012000 Thread exited: 0x00007fbc24012000


Dynamic libraries:
85200000-8ce00000 rw-p 00000000 00:00 0 
8ce00000-ffe00000 ---p 00000000 00:00 0 
ffe00000-ffe34000 rw-p 01116000 08:15 5114728                            /usr/lib/jvm/java-11-openjdk-amd64/lib/server/classes.jsa
ffe34000-fff00000 rw-p 00000000 00:00 0 
fff00000-fff6a000 rw-p 010ac000 08:15 5114728                            /usr/lib/jvm/java-11-openjdk-amd64/lib/server/classes.jsa
fff6a000-100000000 rw-p 00000000 00:00 0 
800000000-800002000 rwxp 00001000 08:15 5114728                          /usr/lib/jvm/java-11-openjdk-amd64/lib/server/classes.jsa
800002000-8003bd000 rw-p 00003000 08:15 5114728                          /usr/lib/jvm/java-11-openjdk-amd64/lib/server/classes.jsa
8003bd000-800a98000 r--p 003be000 08:15 5114728                          /usr/lib/jvm/java-11-openjdk-amd64/lib/server/classes.jsa
800a98000-800a99000 rw-p 00a99000 08:15 5114728                          /usr/lib/jvm/java-11-openjdk-amd64/lib/server/classes.jsa
800a99000-8010ab000 r--p 00a9a000 08:15 5114728                          /usr/lib/jvm/java-11-openjdk-amd64/lib/server/classes.jsa
840000000-840080000 rw-p 00000000 00:00 0 
840080000-880000000 ---p 00000000 00:00 0 
557e067fd000-557e067fe000 r-xp 00000000 08:15 3412820                    /usr/lib/jvm/java-11-openjdk-amd64/bin/java
557e069fe000-557e069ff000 r--p 00001000 08:15 3412820                    /usr/lib/jvm/java-11-openjdk-amd64/bin/java
557e069ff000-557e06a00000 rw-p 00002000 08:15 3412820                    /usr/lib/jvm/java-11-openjdk-amd64/bin/java
557e0822f000-557e08250000 rw-p 00000000 00:00 0                          [heap]
7fbbc4000000-7fbbc4021000 rw-p 00000000 00:00 0 
7fbbc4021000-7fbbc8000000 ---p 00000000 00:00 0 
7fbbc8000000-7fbbc8021000 rw-p 00000000 00:00 0 
7fbbc8021000-7fbbcc000000 ---p 00000000 00:00 0 
7fbbcc000000-7fbbcc021000 rw-p 00000000 00:00 0 
7fbbcc021000-7fbbd0000000 ---p 00000000 00:00 0 
7fbbd0000000-7fbbd0021000 rw-p 00000000 00:00 0 
7fbbd0021000-7fbbd4000000 ---p 00000000 00:00 0 
7fbbd4000000-7fbbd4255000 rw-p 00000000 00:00 0 
7fbbd4255000-7fbbd8000000 ---p 00000000 00:00 0 
7fbbd8000000-7fbbd8021000 rw-p 00000000 00:00 0 
7fbbd8021000-7fbbdc000000 ---p 00000000 00:00 0 
7fbbdc000000-7fbbdc021000 rw-p 00000000 00:00 0 
7fbbdc021000-7fbbe0000000 ---p 00000000 00:00 0 
7fbbe0000000-7fbbe00dd000 rw-p 00000000 00:00 0 
7fbbe00dd000-7fbbe4000000 ---p 00000000 00:00 0 
7fbbe4000000-7fbbe4021000 rw-p 00000000 00:00 0 
7fbbe4021000-7fbbe8000000 ---p 00000000 00:00 0 
7fbbe8000000-7fbbe8021000 rw-p 00000000 00:00 0 
7fbbe8021000-7fbbec000000 ---p 00000000 00:00 0 
7fbbec000000-7fbbec021000 rw-p 00000000 00:00 0 
7fbbec021000-7fbbf0000000 ---p 00000000 00:00 0 
7fbbf0000000-7fbbf0021000 rw-p 00000000 00:00 0 
7fbbf0021000-7fbbf4000000 ---p 00000000 00:00 0 
7fbbf4000000-7fbbf4021000 rw-p 00000000 00:00 0 
7fbbf4021000-7fbbf8000000 ---p 00000000 00:00 0 
7fbbf8000000-7fbbf8021000 rw-p 00000000 00:00 0 
7fbbf8021000-7fbbfc000000 ---p 00000000 00:00 0 
7fbbfc0e1000-7fbbfc0e5000 ---p 00000000 00:00 0 
7fbbfc0e5000-7fbbfc1e2000 rw-p 00000000 00:00 0 
7fbbfc1e2000-7fbbfc1e7000 r-xp 00000000 08:15 8519720                    /home/moises/Desktop/RAPL/Java/libCPUScaler.so
7fbbfc1e7000-7fbbfc3e6000 ---p 00005000 08:15 8519720                    /home/moises/Desktop/RAPL/Java/libCPUScaler.so
7fbbfc3e6000-7fbbfc3e7000 r--p 00004000 08:15 8519720                    /home/moises/Desktop/RAPL/Java/libCPUScaler.so
7fbbfc3e7000-7fbbfc3e8000 rw-p 00005000 08:15 8519720                    /home/moises/Desktop/RAPL/Java/libCPUScaler.so
7fbbfc3e8000-7fbbfc3fe000 r-xp 00000000 08:15 5114537                    /usr/lib/jvm/java-11-openjdk-amd64/lib/libnet.so
7fbbfc3fe000-7fbbfc5fd000 ---p 00016000 08:15 5114537                    /usr/lib/jvm/java-11-openjdk-amd64/lib/libnet.so
7fbbfc5fd000-7fbbfc5fe000 r--p 00015000 08:15 5114537                    /usr/lib/jvm/java-11-openjdk-amd64/lib/libnet.so
7fbbfc5fe000-7fbbfc5ff000 rw-p 00016000 08:15 5114537                    /usr/lib/jvm/java-11-openjdk-amd64/lib/libnet.so
7fbbfc5ff000-7fbbfc60f000 r-xp 00000000 08:15 5114538                    /usr/lib/jvm/java-11-openjdk-amd64/lib/libnio.so
7fbbfc60f000-7fbbfc80e000 ---p 00010000 08:15 5114538                    /usr/lib/jvm/java-11-openjdk-amd64/lib/libnio.so
7fbbfc80e000-7fbbfc80f000 r--p 0000f000 08:15 5114538                    /usr/lib/jvm/java-11-openjdk-amd64/lib/libnio.so
7fbbfc80f000-7fbbfc810000 rw-p 00010000 08:15 5114538                    /usr/lib/jvm/java-11-openjdk-amd64/lib/libnio.so
7fbbfc810000-7fbbfc814000 ---p 00000000 00:00 0 
7fbbfc814000-7fbbfc911000 rw-p 00000000 00:00 0 
7fbbfc911000-7fbbfc912000 ---p 00000000 00:00 0 
7fbbfc912000-7fbbfca13000 rw-p 00000000 00:00 0 
7fbbfca13000-7fbbfca17000 ---p 00000000 00:00 0 
7fbbfca17000-7fbbfcb14000 rw-p 00000000 00:00 0 
7fbbfcb14000-7fbbfcb18000 ---p 00000000 00:00 0 
7fbbfcb18000-7fbbfcc15000 rw-p 00000000 00:00 0 
7fbbfcc15000-7fbbfcc19000 ---p 00000000 00:00 0 
7fbbfcc19000-7fbbfcd16000 rw-p 00000000 00:00 0 
7fbbfcd16000-7fbbfcd1a000 ---p 00000000 00:00 0 
7fbbfcd1a000-7fbbfce17000 rw-p 00000000 00:00 0 
7fbbfce17000-7fbbfce1b000 ---p 00000000 00:00 0 
7fbbfce1b000-7fbbfcf18000 rw-p 00000000 00:00 0 
7fbbfcf18000-7fbbfd1f7000 r--p 00000000 08:15 3276938                    /usr/lib/locale/locale-archive
7fbbfd1f7000-7fbbfd1fb000 ---p 00000000 00:00 0 
7fbbfd1fb000-7fbbfd2f8000 rw-p 00000000 00:00 0 
7fbbfd2f8000-7fbbfd2fc000 ---p 00000000 00:00 0 
7fbbfd2fc000-7fbbfd3f9000 rw-p 00000000 00:00 0 
7fbbfd3f9000-7fbbfd3fa000 ---p 00000000 00:00 0 
7fbbfd3fa000-7fbbfd93b000 rw-p 00000000 00:00 0 
7fbbfd93b000-7fbbfdcfb000 ---p 00000000 00:00 0 
7fbbfdcfb000-7fbbfdcfc000 ---p 00000000 00:00 0 
7fbbfdcfc000-7fbbfddfd000 rw-p 00000000 00:00 0 
7fbbfddfd000-7fbbfddfe000 ---p 00000000 00:00 0 
7fbbfddfe000-7fbc00000000 rw-p 00000000 00:00 0 
7fbc00000000-7fbc00021000 rw-p 00000000 00:00 0 
7fbc00021000-7fbc04000000 ---p 00000000 00:00 0 
7fbc0400d000-7fbc04480000 rw-p 00000000 00:00 0 
7fbc04480000-7fbc06140000 ---p 00000000 00:00 0 
7fbc06140000-7fbc06338000 rw-p 00000000 00:00 0 
7fbc06338000-7fbc07ff8000 ---p 00000000 00:00 0 
7fbc07ff8000-7fbc08000000 rw-p 00000000 00:00 0 
7fbc08000000-7fbc08021000 rw-p 00000000 00:00 0 
7fbc08021000-7fbc0c000000 ---p 00000000 00:00 0 
7fbc0c049000-7fbc0c5bd000 rw-p 00000000 00:00 0 
7fbc0c5bd000-7fbc0c955000 ---p 00000000 00:00 0 
7fbc0c955000-7fbc0c956000 rw-p 00000000 00:00 0 
7fbc0c956000-7fbc0cbc6000 rwxp 00000000 00:00 0 
7fbc0cbc6000-7fbc0cee7000 ---p 00000000 00:00 0 
7fbc0cee7000-7fbc0d157000 rwxp 00000000 00:00 0 
7fbc0d157000-7fbc1441e000 ---p 00000000 00:00 0 
7fbc1441e000-7fbc1468e000 rwxp 00000000 00:00 0 
7fbc1468e000-7fbc1b956000 ---p 00000000 00:00 0 
7fbc1b956000-7fbc24000000 r--s 00000000 08:15 5114548                    /usr/lib/jvm/java-11-openjdk-amd64/lib/modules
7fbc24000000-7fbc24201000 rw-p 00000000 00:00 0 
7fbc24201000-7fbc28000000 ---p 00000000 00:00 0 
7fbc2800a000-7fbc2808d000 rw-p 00000000 00:00 0 
7fbc2808d000-7fbc2808e000 ---p 00000000 00:00 0 
7fbc2808e000-7fbc2818f000 rw-p 00000000 00:00 0 
7fbc2818f000-7fbc28190000 ---p 00000000 00:00 0 
7fbc28190000-7fbc282cf000 rw-p 00000000 00:00 0 
7fbc282cf000-7fbc28667000 ---p 00000000 00:00 0 
7fbc28667000-7fbc286a6000 rw-p 00000000 00:00 0 
7fbc286a6000-7fbc28a3e000 ---p 00000000 00:00 0 
7fbc28a3e000-7fbc29247000 rw-p 00000000 00:00 0 
7fbc29247000-7fbc29248000 ---p 00000000 00:00 0 
7fbc29248000-7fbc2934e000 rw-p 00000000 00:00 0 
7fbc2934e000-7fbc29434000 ---p 00000000 00:00 0 
7fbc29434000-7fbc29439000 rw-p 00000000 00:00 0 
7fbc29439000-7fbc2951f000 ---p 00000000 00:00 0 
7fbc2951f000-7fbc29524000 r-xp 00000000 08:15 5114529                    /usr/lib/jvm/java-11-openjdk-amd64/lib/libjimage.so
7fbc29524000-7fbc29723000 ---p 00005000 08:15 5114529                    /usr/lib/jvm/java-11-openjdk-amd64/lib/libjimage.so
7fbc29723000-7fbc29724000 r--p 00004000 08:15 5114529                    /usr/lib/jvm/java-11-openjdk-amd64/lib/libjimage.so
7fbc29724000-7fbc29725000 rw-p 00005000 08:15 5114529                    /usr/lib/jvm/java-11-openjdk-amd64/lib/libjimage.so
7fbc29725000-7fbc2972c000 r-xp 00000000 08:15 5114547                    /usr/lib/jvm/java-11-openjdk-amd64/lib/libzip.so
7fbc2972c000-7fbc2992b000 ---p 00007000 08:15 5114547                    /usr/lib/jvm/java-11-openjdk-amd64/lib/libzip.so
7fbc2992b000-7fbc2992c000 r--p 00006000 08:15 5114547                    /usr/lib/jvm/java-11-openjdk-amd64/lib/libzip.so
7fbc2992c000-7fbc2992d000 rw-p 00007000 08:15 5114547                    /usr/lib/jvm/java-11-openjdk-amd64/lib/libzip.so
7fbc2992d000-7fbc29938000 r-xp 00000000 08:15 2360343                    /lib/x86_64-linux-gnu/libnss_files-2.27.so
7fbc29938000-7fbc29b37000 ---p 0000b000 08:15 2360343                    /lib/x86_64-linux-gnu/libnss_files-2.27.so
7fbc29b37000-7fbc29b38000 r--p 0000a000 08:15 2360343                    /lib/x86_64-linux-gnu/libnss_files-2.27.so
7fbc29b38000-7fbc29b39000 rw-p 0000b000 08:15 2360343                    /lib/x86_64-linux-gnu/libnss_files-2.27.so
7fbc29b39000-7fbc29b3f000 rw-p 00000000 00:00 0 
7fbc29b3f000-7fbc29b56000 r-xp 00000000 08:15 2360340                    /lib/x86_64-linux-gnu/libnsl-2.27.so
7fbc29b56000-7fbc29d55000 ---p 00017000 08:15 2360340                    /lib/x86_64-linux-gnu/libnsl-2.27.so
7fbc29d55000-7fbc29d56000 r--p 00016000 08:15 2360340                    /lib/x86_64-linux-gnu/libnsl-2.27.so
7fbc29d56000-7fbc29d57000 rw-p 00017000 08:15 2360340                    /lib/x86_64-linux-gnu/libnsl-2.27.so
7fbc29d57000-7fbc29d59000 rw-p 00000000 00:00 0 
7fbc29d59000-7fbc29d64000 r-xp 00000000 08:15 2360345                    /lib/x86_64-linux-gnu/libnss_nis-2.27.so
7fbc29d64000-7fbc29f63000 ---p 0000b000 08:15 2360345                    /lib/x86_64-linux-gnu/libnss_nis-2.27.so
7fbc29f63000-7fbc29f64000 r--p 0000a000 08:15 2360345                    /lib/x86_64-linux-gnu/libnss_nis-2.27.so
7fbc29f64000-7fbc29f65000 rw-p 0000b000 08:15 2360345                    /lib/x86_64-linux-gnu/libnss_nis-2.27.so
7fbc29f65000-7fbc29f6d000 r-xp 00000000 08:15 2360341                    /lib/x86_64-linux-gnu/libnss_compat-2.27.so
7fbc29f6d000-7fbc2a16d000 ---p 00008000 08:15 2360341                    /lib/x86_64-linux-gnu/libnss_compat-2.27.so
7fbc2a16d000-7fbc2a16e000 r--p 00008000 08:15 2360341                    /lib/x86_64-linux-gnu/libnss_compat-2.27.so
7fbc2a16e000-7fbc2a16f000 rw-p 00009000 08:15 2360341                    /lib/x86_64-linux-gnu/libnss_compat-2.27.so
7fbc2a16f000-7fbc2a198000 r-xp 00000000 08:15 5114525                    /usr/lib/jvm/java-11-openjdk-amd64/lib/libjava.so
7fbc2a198000-7fbc2a397000 ---p 00029000 08:15 5114525                    /usr/lib/jvm/java-11-openjdk-amd64/lib/libjava.so
7fbc2a397000-7fbc2a398000 r--p 00028000 08:15 5114525                    /usr/lib/jvm/java-11-openjdk-amd64/lib/libjava.so
7fbc2a398000-7fbc2a39a000 rw-p 00029000 08:15 5114525                    /usr/lib/jvm/java-11-openjdk-amd64/lib/libjava.so
7fbc2a39a000-7fbc2a3a7000 r-xp 00000000 08:15 5114546                    /usr/lib/jvm/java-11-openjdk-amd64/lib/libverify.so
7fbc2a3a7000-7fbc2a5a6000 ---p 0000d000 08:15 5114546                    /usr/lib/jvm/java-11-openjdk-amd64/lib/libverify.so
7fbc2a5a6000-7fbc2a5a8000 r--p 0000c000 08:15 5114546                    /usr/lib/jvm/java-11-openjdk-amd64/lib/libverify.so
7fbc2a5a8000-7fbc2a5a9000 rw-p 0000e000 08:15 5114546                    /usr/lib/jvm/java-11-openjdk-amd64/lib/libverify.so
7fbc2a5a9000-7fbc2a5b0000 r-xp 00000000 08:15 2360350                    /lib/x86_64-linux-gnu/librt-2.27.so
7fbc2a5b0000-7fbc2a7af000 ---p 00007000 08:15 2360350                    /lib/x86_64-linux-gnu/librt-2.27.so
7fbc2a7af000-7fbc2a7b0000 r--p 00006000 08:15 2360350                    /lib/x86_64-linux-gnu/librt-2.27.so
7fbc2a7b0000-7fbc2a7b1000 rw-p 00007000 08:15 2360350                    /lib/x86_64-linux-gnu/librt-2.27.so
7fbc2a7b1000-7fbc2a7c8000 r-xp 00000000 08:15 2359380                    /lib/x86_64-linux-gnu/libgcc_s.so.1
7fbc2a7c8000-7fbc2a9c7000 ---p 00017000 08:15 2359380                    /lib/x86_64-linux-gnu/libgcc_s.so.1
7fbc2a9c7000-7fbc2a9c8000 r--p 00016000 08:15 2359380                    /lib/x86_64-linux-gnu/libgcc_s.so.1
7fbc2a9c8000-7fbc2a9c9000 rw-p 00017000 08:15 2359380                    /lib/x86_64-linux-gnu/libgcc_s.so.1
7fbc2a9c9000-7fbc2ab66000 r-xp 00000000 08:15 2360337                    /lib/x86_64-linux-gnu/libm-2.27.so
7fbc2ab66000-7fbc2ad65000 ---p 0019d000 08:15 2360337                    /lib/x86_64-linux-gnu/libm-2.27.so
7fbc2ad65000-7fbc2ad66000 r--p 0019c000 08:15 2360337                    /lib/x86_64-linux-gnu/libm-2.27.so
7fbc2ad66000-7fbc2ad67000 rw-p 0019d000 08:15 2360337                    /lib/x86_64-linux-gnu/libm-2.27.so
7fbc2ad67000-7fbc2aee0000 r-xp 00000000 08:15 3286204                    /usr/lib/x86_64-linux-gnu/libstdc++.so.6.0.25
7fbc2aee0000-7fbc2b0e0000 ---p 00179000 08:15 3286204                    /usr/lib/x86_64-linux-gnu/libstdc++.so.6.0.25
7fbc2b0e0000-7fbc2b0ea000 r--p 00179000 08:15 3286204                    /usr/lib/x86_64-linux-gnu/libstdc++.so.6.0.25
7fbc2b0ea000-7fbc2b0ec000 rw-p 00183000 08:15 3286204                    /usr/lib/x86_64-linux-gnu/libstdc++.so.6.0.25
7fbc2b0ec000-7fbc2b0f0000 rw-p 00000000 00:00 0 
7fbc2b0f0000-7fbc2c1bc000 r-xp 00000000 08:15 5114553                    /usr/lib/jvm/java-11-openjdk-amd64/lib/server/libjvm.so
7fbc2c1bc000-7fbc2c3bb000 ---p 010cc000 08:15 5114553                    /usr/lib/jvm/java-11-openjdk-amd64/lib/server/libjvm.so
7fbc2c3bb000-7fbc2c478000 r--p 010cb000 08:15 5114553                    /usr/lib/jvm/java-11-openjdk-amd64/lib/server/libjvm.so
7fbc2c478000-7fbc2c4b1000 rw-p 01188000 08:15 5114553                    /usr/lib/jvm/java-11-openjdk-amd64/lib/server/libjvm.so
7fbc2c4b1000-7fbc2c507000 rw-p 00000000 00:00 0 
7fbc2c507000-7fbc2c521000 r-xp 00000000 08:15 2360348                    /lib/x86_64-linux-gnu/libpthread-2.27.so
7fbc2c521000-7fbc2c720000 ---p 0001a000 08:15 2360348                    /lib/x86_64-linux-gnu/libpthread-2.27.so
7fbc2c720000-7fbc2c721000 r--p 00019000 08:15 2360348                    /lib/x86_64-linux-gnu/libpthread-2.27.so
7fbc2c721000-7fbc2c722000 rw-p 0001a000 08:15 2360348                    /lib/x86_64-linux-gnu/libpthread-2.27.so
7fbc2c722000-7fbc2c726000 rw-p 00000000 00:00 0 
7fbc2c726000-7fbc2c729000 r-xp 00000000 08:15 2360336                    /lib/x86_64-linux-gnu/libdl-2.27.so
7fbc2c729000-7fbc2c928000 ---p 00003000 08:15 2360336                    /lib/x86_64-linux-gnu/libdl-2.27.so
7fbc2c928000-7fbc2c929000 r--p 00002000 08:15 2360336                    /lib/x86_64-linux-gnu/libdl-2.27.so
7fbc2c929000-7fbc2c92a000 rw-p 00003000 08:15 2360336                    /lib/x86_64-linux-gnu/libdl-2.27.so
7fbc2c92a000-7fbc2c946000 r-xp 00000000 08:15 2359387                    /lib/x86_64-linux-gnu/libz.so.1.2.11
7fbc2c946000-7fbc2cb45000 ---p 0001c000 08:15 2359387                    /lib/x86_64-linux-gnu/libz.so.1.2.11
7fbc2cb45000-7fbc2cb46000 r--p 0001b000 08:15 2359387                    /lib/x86_64-linux-gnu/libz.so.1.2.11
7fbc2cb46000-7fbc2cb47000 rw-p 0001c000 08:15 2359387                    /lib/x86_64-linux-gnu/libz.so.1.2.11
7fbc2cb47000-7fbc2cd2e000 r-xp 00000000 08:15 2360333                    /lib/x86_64-linux-gnu/libc-2.27.so
7fbc2cd2e000-7fbc2cf2e000 ---p 001e7000 08:15 2360333                    /lib/x86_64-linux-gnu/libc-2.27.so
7fbc2cf2e000-7fbc2cf32000 r--p 001e7000 08:15 2360333                    /lib/x86_64-linux-gnu/libc-2.27.so
7fbc2cf32000-7fbc2cf34000 rw-p 001eb000 08:15 2360333                    /lib/x86_64-linux-gnu/libc-2.27.so
7fbc2cf34000-7fbc2cf38000 rw-p 00000000 00:00 0 
7fbc2cf38000-7fbc2cf48000 r-xp 00000000 08:15 5114506                    /usr/lib/jvm/java-11-openjdk-amd64/lib/jli/libjli.so
7fbc2cf48000-7fbc2d147000 ---p 00010000 08:15 5114506                    /usr/lib/jvm/java-11-openjdk-amd64/lib/jli/libjli.so
7fbc2d147000-7fbc2d148000 r--p 0000f000 08:15 5114506                    /usr/lib/jvm/java-11-openjdk-amd64/lib/jli/libjli.so
7fbc2d148000-7fbc2d149000 rw-p 00010000 08:15 5114506                    /usr/lib/jvm/java-11-openjdk-amd64/lib/jli/libjli.so
7fbc2d149000-7fbc2d170000 r-xp 00000000 08:15 2360327                    /lib/x86_64-linux-gnu/ld-2.27.so
7fbc2d18f000-7fbc2d250000 rw-p 00000000 00:00 0 
7fbc2d250000-7fbc2d254000 ---p 00000000 00:00 0 
7fbc2d254000-7fbc2d353000 rw-p 00000000 00:00 0 
7fbc2d358000-7fbc2d35d000 rw-p 00000000 00:00 0 
7fbc2d35d000-7fbc2d364000 ---p 00000000 00:00 0 
7fbc2d364000-7fbc2d36c000 rw-s 00000000 08:15 1310764                    /tmp/hsperfdata_root/5057 (deleted)
7fbc2d36c000-7fbc2d36d000 ---p 00000000 00:00 0 
7fbc2d36d000-7fbc2d36e000 r--p 00000000 00:00 0 
7fbc2d36e000-7fbc2d370000 rw-p 00000000 00:00 0 
7fbc2d370000-7fbc2d371000 r--p 00027000 08:15 2360327                    /lib/x86_64-linux-gnu/ld-2.27.so
7fbc2d371000-7fbc2d372000 rw-p 00028000 08:15 2360327                    /lib/x86_64-linux-gnu/ld-2.27.so
7fbc2d372000-7fbc2d373000 rw-p 00000000 00:00 0 
7ffdcfdd6000-7ffdcfdf7000 rw-p 00000000 00:00 0                          [stack]
7ffdcfdfb000-7ffdcfdfe000 r--p 00000000 00:00 0                          [vvar]
7ffdcfdfe000-7ffdcfe00000 r-xp 00000000 00:00 0                          [vdso]
ffffffffff600000-ffffffffff601000 r-xp 00000000 00:00 0                  [vsyscall]


VM Arguments:
java_command: EnergyCheckUtils
java_class_path (initial): .
Launcher Type: SUN_STANDARD

[Global flags]
     intx CICompilerCount                          = 4                                         {product} {ergonomic}
     uint ConcGCThreads                            = 2                                         {product} {ergonomic}
     uint G1ConcRefinementThreads                  = 8                                         {product} {ergonomic}
   size_t G1HeapRegionSize                         = 1048576                                   {product} {ergonomic}
    uintx GCDrainStackTargetSize                   = 64                                        {product} {ergonomic}
   size_t InitialHeapSize                          = 130023424                                 {product} {ergonomic}
   size_t MarkStackSize                            = 4194304                                   {product} {ergonomic}
   size_t MaxHeapSize                              = 2061500416                                {product} {ergonomic}
   size_t MaxNewSize                               = 1236271104                                {product} {ergonomic}
   size_t MinHeapDeltaBytes                        = 1048576                                   {product} {ergonomic}
    uintx NonNMethodCodeHeapSize                   = 5835340                                {pd product} {ergonomic}
    uintx NonProfiledCodeHeapSize                  = 122911450                              {pd product} {ergonomic}
    uintx ProfiledCodeHeapSize                     = 122911450                              {pd product} {ergonomic}
    uintx ReservedCodeCacheSize                    = 251658240                              {pd product} {ergonomic}
     bool SegmentedCodeCache                       = true                                      {product} {ergonomic}
     bool UseCompressedClassPointers               = true                                 {lp64_product} {ergonomic}
     bool UseCompressedOops                        = true                                 {lp64_product} {ergonomic}
     bool UseG1GC                                  = true                                      {product} {ergonomic}

Logging:
Log output configuration:
 #0: 
[error occurred during error reporting (printing log configuration), id 0xb, SIGSEGV (0xb) at pc=0x00007fbc2bb21fd9]

Environment Variables:
PATH=/usr/local/sbin:/usr/local/bin:/usr/sbin:/usr/bin:/sbin:/bin:/snap/bin
USERNAME=root
SHELL=/bin/bash
DISPLAY=:0

Signal Handlers:
SIGSEGV: [libjvm.so+0xde5f50], sa_mask[0]=11111111011111111101111111111110, sa_flags=SA_RESTART|SA_SIGINFO
SIGBUS: [libjvm.so+0xde5f50], sa_mask[0]=11111111011111111101111111111110, sa_flags=SA_RESTART|SA_SIGINFO
SIGFPE: [libjvm.so+0xde5f50], sa_mask[0]=11111111011111111101111111111110, sa_flags=SA_RESTART|SA_SIGINFO
SIGPIPE: [libjvm.so+0xbba5b0], sa_mask[0]=11111111011111111101111111111110, sa_flags=SA_RESTART|SA_SIGINFO
SIGXFSZ: [libjvm.so+0xbba5b0], sa_mask[0]=11111111011111111101111111111110, sa_flags=SA_RESTART|SA_SIGINFO
SIGILL: [libjvm.so+0xde5f50], sa_mask[0]=11111111011111111101111111111110, sa_flags=SA_RESTART|SA_SIGINFO
SIGUSR2: [libjvm.so+0xbba450], sa_mask[0]=00000000000000000000000000000000, sa_flags=SA_RESTART|SA_SIGINFO
SIGHUP: [libjvm.so+0xbba7b0], sa_mask[0]=11111111011111111101111111111110, sa_flags=SA_RESTART|SA_SIGINFO
SIGINT: [libjvm.so+0xbba7b0], sa_mask[0]=11111111011111111101111111111110, sa_flags=SA_RESTART|SA_SIGINFO
SIGTERM: [libjvm.so+0xbba7b0], sa_mask[0]=11111111011111111101111111111110, sa_flags=SA_RESTART|SA_SIGINFO
SIGQUIT: [libjvm.so+0xbba7b0], sa_mask[0]=11111111011111111101111111111110, sa_flags=SA_RESTART|SA_SIGINFO


---------------  S Y S T E M  ---------------

OS:DISTRIB_ID=Ubuntu
DISTRIB_RELEASE=18.04
DISTRIB_CODENAME=bionic
DISTRIB_DESCRIPTION="Ubuntu 18.04.3 LTS"
uname:Linux 4.15.0-70-generic #79-Ubuntu SMP Tue Nov 12 10:36:11 UTC 2019 x86_64
libc:glibc 2.27 NPTL 2.27 
rlimit: STACK 8192k, CORE 0k, NPROC 31268, NOFILE 4096, AS infinity, DATA infinity, FSIZE infinity
load average:1,24 1,19 0,80

/proc/meminfo:
MemTotal:        8049600 kB
MemFree:         4747184 kB
MemAvailable:    6039788 kB
Buffers:          125288 kB
Cached:          1776016 kB
SwapCached:            0 kB
Active:          1464024 kB
Inactive:        1526420 kB
Active(anon):    1091128 kB
Inactive(anon):   444672 kB
Active(file):     372896 kB
Inactive(file):  1081748 kB
Unevictable:          16 kB
Mlocked:              16 kB
SwapTotal:             0 kB
SwapFree:              0 kB
Dirty:             40048 kB
Writeback:             0 kB
AnonPages:       1089284 kB
Mapped:           574492 kB
Shmem:            446664 kB
Slab:             166316 kB
SReclaimable:     116116 kB
SUnreclaim:        50200 kB
KernelStack:       13616 kB
PageTables:        46496 kB
NFS_Unstable:          0 kB
Bounce:                0 kB
WritebackTmp:          0 kB
CommitLimit:     4024800 kB
Committed_AS:    6414652 kB
VmallocTotal:   34359738367 kB
VmallocUsed:           0 kB
VmallocChunk:          0 kB
HardwareCorrupted:     0 kB
AnonHugePages:         0 kB
ShmemHugePages:        0 kB
ShmemPmdMapped:        0 kB
CmaTotal:              0 kB
CmaFree:               0 kB
HugePages_Total:       0
HugePages_Free:        0
HugePages_Rsvd:        0
HugePages_Surp:        0
Hugepagesize:       2048 kB
DirectMap4k:      203312 kB
DirectMap2M:     7018496 kB
DirectMap1G:     1048576 kB


/proc/sys/kernel/threads-max (system-wide limit on the number of threads):
62537


/proc/sys/vm/max_map_count (maximum number of memory map areas a process may have):
65530


/proc/sys/kernel/pid_max (system-wide limit on number of process identifiers):
32768



container (cgroup) information:
container_type: cgroupv1
cpu_cpuset_cpus: 0-7
cpu_memory_nodes: 0
active_processor_count: 8
cpu_quota: -1
cpu_period: 100000
cpu_shares: -1
memory_limit_in_bytes: -1
memory_and_swap_limit_in_bytes: -2
memory_soft_limit_in_bytes: -1
memory_usage_in_bytes: 3062341632
memory_max_usage_in_bytes: 0

Steal ticks since vm start: 0
Steal ticks percentage since vm start:  0,000

CPU:total 8 (initial active 8) (4 cores per cpu, 2 threads per core) family 6 model 60 stepping 3, cmov, cx8, fxsr, mmx, sse, sse2, sse3, ssse3, sse4.1, sse4.2, popcnt, avx, avx2, aes, clmul, erms, lzcnt, ht, tsc, tscinvbit, bmi1, bmi2, fma
CPU Model and flags from /proc/cpuinfo:
model name	: Intel(R) Core(TM) i7-4710MQ CPU @ 2.50GHz
flags		: fpu vme de pse tsc msr pae mce cx8 apic sep mtrr pge mca cmov pat pse36 clflush dts acpi mmx fxsr sse sse2 ss ht tm pbe syscall nx pdpe1gb rdtscp lm constant_tsc arch_perfmon pebs bts rep_good nopl xtopology nonstop_tsc cpuid aperfmperf pni pclmulqdq dtes64 monitor ds_cpl vmx est tm2 ssse3 sdbg fma cx16 xtpr pdcm pcid sse4_1 sse4_2 movbe popcnt tsc_deadline_timer aes xsave avx f16c rdrand lahf_lm abm cpuid_fault epb invpcid_single pti ssbd ibrs ibpb stibp tpr_shadow vnmi flexpriority ept vpid fsgsbase tsc_adjust bmi1 avx2 smep bmi2 erms invpcid xsaveopt dtherm ida arat pln pts md_clear flush_l1d

Memory: 4k page, physical 8049600k(4747184k free), swap 0k(0k free)

vm_info: OpenJDK 64-Bit Server VM (11.0.4+11-post-Ubuntu-1ubuntu218.04.3) for linux-amd64 JRE (11.0.4+11-post-Ubuntu-1ubuntu218.04.3), built on Jul 18 2019 18:21:46 by "buildd" with gcc 7.4.0

END.
