* Starting client
* Connecting to master process on port 21134
* Analyzing classpath: 
  - /home/joseb/Desktop/ats/ATS/Refactorings/AllSmells/demo1/target/classes
  - /home/joseb/Desktop/ats/ATS/Refactorings/AllSmells/demo1/target/classes
* Finished analyzing classpath
* Generating tests for class utils.StringBetter
* Test criteria:
  - Line Coverage
  - Branch Coverage
  - Exception
  - Mutation testing (weak)
  - Method-Output Coverage
  - Top-Level Method Coverage
  - No-Exception Top-Level Method Coverage
  - Context Branch Coverage
* Setting up search algorithm for whole suite generation
[MASTER] 15:40:51.988 [pool-2-thread-1] WARN  TestSuiteSerialization - Cannot load tests because file does not exist: /home/joseb/Desktop/ats/ATS/Refactorings/AllSmells/demo1/.evosuite/evosuite-seeds/utils.StringBetter.seed
* Loaded 0 tests from /home/joseb/Desktop/ats/ATS/Refactorings/AllSmells/demo1/.evosuite/evosuite-seeds/utils.StringBetter.seed
* Total number of test goals: 
  - Line 31
  - Branch 23
  - Exception 0
  - MutationFactory 28
  - Output 38
  - Method 20
  - MethodNoException 20
  - CBranchFitnessFactory 23
* Using seed 1575733246923
* Starting evolution
* Search finished after 45s and 12 generations, 11775 statements, best individual has fitness: 22.0
* Writing sequences to pool
[MASTER] 15:41:37.572 [pool-2-thread-1] WARN  TimeController - Phase SEARCH lasted too long, 4 seconds more than allowed.
* Minimizing test suite
[MASTER] 15:41:44.717 [pool-2-thread-1] WARN  TestSuiteMinimizer - Minimization timeout. Roll back to original test suite
* Going to analyze the coverage criteria
* Coverage analysis for criterion LINE
* Coverage of criterion LINE: 94%
* Total number of goals: 31
* Number of covered goals: 29
* Coverage analysis for criterion BRANCH
* Coverage of criterion BRANCH: 96%
* Total number of goals: 23
* Number of covered goals: 22
* Coverage analysis for criterion EXCEPTION
* Coverage of criterion EXCEPTION: 100%
* Total number of goals: 2
* Number of covered goals: 2
* Coverage analysis for criterion WEAKMUTATION
* Coverage of criterion WEAKMUTATION: 100%
* Total number of goals: 28
* Number of covered goals: 28
* Coverage analysis for criterion OUTPUT
* Coverage of criterion OUTPUT: 55%
* Total number of goals: 38
* Number of covered goals: 21
* Coverage analysis for criterion METHOD
* Coverage of criterion METHOD: 100%
* Total number of goals: 20
* Number of covered goals: 20
* Coverage analysis for criterion METHODNOEXCEPTION
* Coverage of criterion METHODNOEXCEPTION: 100%
* Total number of goals: 20
* Number of covered goals: 20
* Coverage analysis for criterion CBRANCH
* Coverage of criterion CBRANCH: 96%
* Total number of goals: 23
* Number of covered goals: 22
* Generated 23 tests with total length 184
* Resulting test suite's coverage: 93% (average coverage for all fitness functions)
* Generating assertions
[MASTER] 15:41:50.055 [pool-2-thread-1] WARN  SimpleMutationAssertionGenerator - Assertion minimization is taking too long (0.9836% of time used, but only 2/23 tests minimized), falling back to using all assertions
[MASTER] 15:41:50.145 [pool-2-thread-1] WARN  SimpleMutationAssertionGenerator - Reached maximum time to generate assertions, aborting assertion generation
* Resulting test suite's mutation score: 100%
* Compiling and checking tests
* Writing JUnit test case 'StringBetter_ESTest' to /home/joseb/Desktop/ats/ATS/Refactorings/AllSmells/demo1/.evosuite/tmp_2019_12_07_15_32_19/tests
* Done!

